This file contains any messages produced by compilers while
running configure, to aid debugging if configure makes a mistake.

It was created by 3_line configure 0.1, which was
generated by GNU Autoconf 2.69.  Invocation command line was

  $ /home/tiger/linux/SDL/3-line/configure --enable-maintainer-mode CFLAGS=-g -O0 CXXFLAGS=-g -O0 JFLAGS=-g -O0 FFLAGS=-g -O0

## --------- ##
## Platform. ##
## --------- ##

hostname = loongnix
uname -m = loongarch64
uname -r = 4.19.0-15-loongson-3
uname -s = Linux
uname -v = #1 SMP 4.19.190-4 Wed Dec 8 08:06:54 UTC 2021

/usr/bin/uname -p = loongarch64
/bin/uname -X     = unknown

/bin/arch              = loongarch64
/usr/bin/arch -k       = unknown
/usr/convex/getsysinfo = unknown
/usr/bin/hostinfo      = unknown
/bin/machine           = unknown
/usr/bin/oslevel       = unknown
/bin/universe          = unknown

PATH: /usr/local/bin
PATH: /usr/bin
PATH: /bin
PATH: /usr/local/games
PATH: /usr/games


## ----------- ##
## Core tests. ##
## ----------- ##

configure:2338: checking for a BSD-compatible install
configure:2406: result: /usr/bin/install -c
configure:2417: checking whether build environment is sane
configure:2472: result: yes
configure:2621: checking for a thread-safe mkdir -p
configure:2660: result: /usr/bin/mkdir -p
configure:2667: checking for gawk
configure:2683: found /usr/bin/gawk
configure:2694: result: gawk
configure:2705: checking whether make sets $(MAKE)
configure:2727: result: yes
configure:2756: checking whether make supports nested variables
configure:2773: result: yes
configure:2911: checking whether make supports nested variables
configure:2928: result: yes
configure:2988: checking for gcc
configure:3004: found /usr/bin/gcc
configure:3015: result: gcc
configure:3244: checking for C compiler version
configure:3253: gcc --version >&5
gcc (Loongnix 8.3.0-6.lnd.vec.29) 8.3.0
Copyright (C) 2018 Free Software Foundation, Inc.
This is free software; see the source for copying conditions.  There is NO
warranty; not even for MERCHANTABILITY or FITNESS FOR A PARTICULAR PURPOSE.

configure:3264: $? = 0
configure:3253: gcc -v >&5
Using built-in specs.
COLLECT_GCC=gcc
COLLECT_LTO_WRAPPER=/usr/lib/gcc/loongarch64-linux-gnu/8/lto-wrapper
Target: loongarch64-linux-gnu
Configured with: ../src/configure -v --with-pkgversion='Loongnix 8.3.0-6.lnd.vec.29' --with-bugurl=file:///usr/share/doc/gcc-8/README.Bugs --enable-languages=c,c++,fortran --prefix=/usr --with-gcc-major-version-only --program-suffix=-8 --program-prefix=loongarch64-linux-gnu- --enable-shared --enable-linker-build-id --libexecdir=/usr/lib --without-included-gettext --enable-threads=posix --libdir=/usr/lib --enable-nls --enable-clocale=gnu --enable-libstdcxx-debug --enable-libstdcxx-time=yes --with-default-libstdcxx-abi=new --enable-gnu-unique-object --disable-libitm --disable-libsanitizer --disable-libquadmath --disable-libquadmath-support --enable-plugin --with-system-zlib --enable-multiarch --disable-werror --with-arch=loongarch64 --with-abi=lp64 --enable-tls --disable-host-shared --disable-emultls --enable-checking=release --build=loongarch64-linux-gnu --host=loongarch64-linux-gnu --target=loongarch64-linux-gnu
Thread model: posix
gcc version 8.3.0 (Loongnix 8.3.0-6.lnd.vec.29) 
configure:3264: $? = 0
configure:3253: gcc -V >&5
gcc: error: unrecognized command line option '-V'
gcc: fatal error: no input files
compilation terminated.
configure:3264: $? = 1
configure:3253: gcc -qversion >&5
gcc: error: unrecognized command line option '-qversion'; did you mean '--version'?
gcc: fatal error: no input files
compilation terminated.
configure:3264: $? = 1
configure:3284: checking whether the C compiler works
configure:3306: gcc -g -O0   conftest.c  >&5
configure:3310: $? = 0
configure:3358: result: yes
configure:3361: checking for C compiler default output file name
configure:3363: result: a.out
configure:3369: checking for suffix of executables
configure:3376: gcc -o conftest -g -O0   conftest.c  >&5
configure:3380: $? = 0
configure:3402: result: 
configure:3424: checking whether we are cross compiling
configure:3432: gcc -o conftest -g -O0   conftest.c  >&5
configure:3436: $? = 0
configure:3443: ./conftest
configure:3447: $? = 0
configure:3435: result: no
configure:3440: checking for suffix of object files
configure:3462: gcc -c -g -O0  conftest.c >&5
configure:3466: $? = 0
configure:3487: result: o
configure:3491: checking whether we are using the GNU C compiler
configure:3510: gcc -c -g -O0  conftest.c >&5
configure:3510: $? = 0
configure:3519: result: yes
configure:3528: checking whether gcc accepts -g
configure:3548: gcc -c -g  conftest.c >&5
configure:3548: $? = 0
configure:3589: result: yes
configure:3606: checking for gcc option to accept ISO C89
configure:3669: gcc  -c -g -O0  conftest.c >&5
configure:3669: $? = 0
configure:3682: result: none needed
configure:3707: checking whether gcc understands -c and -o together
configure:3729: gcc -c conftest.c -o conftest2.o
configure:3732: $? = 0
configure:3729: gcc -c conftest.c -o conftest2.o
configure:3732: $? = 0
configure:3744: result: yes
configure:3764: checking whether make supports the include directive
configure:3779: make -f confmf.GNU && cat confinc.out
this is the am__doit target
configure:3782: $? = 0
configure:3801: result: yes (GNU style)
configure:3826: checking dependency style of gcc
configure:3937: result: gcc3
configure:3958: checking how to run the C preprocessor
configure:3989: gcc -E  conftest.c
configure:3989: $? = 0
configure:4003: gcc -E  conftest.c
conftest.c:11:10: fatal error: ac_nonexistent.h: No such file or directory
 #include <ac_nonexistent.h>
          ^~~~~~~~~~~~~~~~~~
compilation terminated.
configure:4003: $? = 1
configure: failed program was:
| /* confdefs.h */
| #define PACKAGE_NAME "3_line"
| #define PACKAGE_TARNAME "3_line"
| #define PACKAGE_VERSION "0.1"
| #define PACKAGE_STRING "3_line 0.1"
| #define PACKAGE_BUGREPORT ""
| #define PACKAGE_URL ""
| #define PACKAGE "3_line"
| #define VERSION "0.1"
| /* end confdefs.h.  */
| #include <ac_nonexistent.h>
configure:4028: result: gcc -E
configure:4048: gcc -E  conftest.c
configure:4048: $? = 0
configure:4062: gcc -E  conftest.c
conftest.c:11:10: fatal error: ac_nonexistent.h: No such file or directory
 #include <ac_nonexistent.h>
          ^~~~~~~~~~~~~~~~~~
compilation terminated.
configure:4062: $? = 1
configure: failed program was:
| /* confdefs.h */
| #define PACKAGE_NAME "3_line"
| #define PACKAGE_TARNAME "3_line"
| #define PACKAGE_VERSION "0.1"
| #define PACKAGE_STRING "3_line 0.1"
| #define PACKAGE_BUGREPORT ""
| #define PACKAGE_URL ""
| #define PACKAGE "3_line"
| #define VERSION "0.1"
| /* end confdefs.h.  */
| #include <ac_nonexistent.h>
configure:4091: checking for X
configure:4199: gcc -E  conftest.c
configure:4199: $? = 0
configure:4230: gcc -o conftest -g -O0   conftest.c -lX11  >&5
configure:4230: $? = 0
configure:4280: result: libraries , headers 
configure:4379: gcc -o conftest -g -O0   conftest.c   -lX11 >&5
configure:4379: $? = 0
configure:4477: checking for gethostbyname
configure:4477: gcc -o conftest -g -O0   conftest.c  >&5
configure:4477: $? = 0
configure:4477: result: yes
configure:4574: checking for connect
configure:4574: gcc -o conftest -g -O0   conftest.c  >&5
configure:4574: $? = 0
configure:4574: result: yes
configure:4623: checking for remove
configure:4623: gcc -o conftest -g -O0   conftest.c  >&5
configure:4623: $? = 0
configure:4623: result: yes
configure:4672: checking for shmat
configure:4672: gcc -o conftest -g -O0   conftest.c  >&5
configure:4672: $? = 0
configure:4672: result: yes
configure:4730: checking for IceConnectionNumber in -lICE
configure:4755: gcc -o conftest -g -O0   conftest.c -lICE   >&5
configure:4755: $? = 0
configure:4764: result: yes
configure:4779: checking whether NLS is requested
configure:4788: result: yes
configure:4806: checking for intltool >= 0.35.0
configure:4808: result: 0.51.0 found
configure:4816: checking for intltool-update
configure:4834: found /usr/bin/intltool-update
configure:4846: result: /usr/bin/intltool-update
configure:4856: checking for intltool-merge
configure:4874: found /usr/bin/intltool-merge
configure:4886: result: /usr/bin/intltool-merge
configure:4896: checking for intltool-extract
configure:4914: found /usr/bin/intltool-extract
configure:4926: result: /usr/bin/intltool-extract
configure:5080: checking for xgettext
configure:5098: found /usr/bin/xgettext
configure:5110: result: /usr/bin/xgettext
configure:5120: checking for msgmerge
configure:5138: found /usr/bin/msgmerge
configure:5150: result: /usr/bin/msgmerge
configure:5160: checking for msgfmt
configure:5178: found /usr/bin/msgfmt
configure:5190: result: /usr/bin/msgfmt
configure:5200: checking for gmsgfmt
configure:5231: result: /usr/bin/msgfmt
configure:5251: checking for perl
configure:5269: found /usr/bin/perl
configure:5281: result: /usr/bin/perl
configure:5292: checking for perl >= 5.8.1
configure:5299: result: 5.28.1
configure:5303: checking for XML::Parser
configure:5306: result: ok
configure:5327: checking for grep that handles long lines and -e
configure:5385: result: /usr/bin/grep
configure:5390: checking for egrep
configure:5452: result: /usr/bin/grep -E
configure:5457: checking for ANSI C header files
configure:5477: gcc -c -g -O0  conftest.c >&5
configure:5477: $? = 0
configure:5550: gcc -o conftest -g -O0   conftest.c  >&5
configure:5550: $? = 0
configure:5550: ./conftest
configure:5550: $? = 0
configure:5561: result: yes
configure:5574: checking for sys/types.h
configure:5574: gcc -c -g -O0  conftest.c >&5
configure:5574: $? = 0
configure:5574: result: yes
configure:5574: checking for sys/stat.h
configure:5574: gcc -c -g -O0  conftest.c >&5
configure:5574: $? = 0
configure:5574: result: yes
configure:5574: checking for stdlib.h
configure:5574: gcc -c -g -O0  conftest.c >&5
configure:5574: $? = 0
configure:5574: result: yes
configure:5574: checking for string.h
configure:5574: gcc -c -g -O0  conftest.c >&5
configure:5574: $? = 0
configure:5574: result: yes
configure:5574: checking for memory.h
configure:5574: gcc -c -g -O0  conftest.c >&5
configure:5574: $? = 0
configure:5574: result: yes
configure:5574: checking for strings.h
configure:5574: gcc -c -g -O0  conftest.c >&5
configure:5574: $? = 0
configure:5574: result: yes
configure:5574: checking for inttypes.h
configure:5574: gcc -c -g -O0  conftest.c >&5
configure:5574: $? = 0
configure:5574: result: yes
configure:5574: checking for stdint.h
configure:5574: gcc -c -g -O0  conftest.c >&5
configure:5574: $? = 0
configure:5574: result: yes
configure:5574: checking for unistd.h
configure:5574: gcc -c -g -O0  conftest.c >&5
configure:5574: $? = 0
configure:5574: result: yes
configure:5589: checking locale.h usability
configure:5589: gcc -c -g -O0  conftest.c >&5
configure:5589: $? = 0
configure:5589: result: yes
configure:5589: checking locale.h presence
configure:5589: gcc -E  conftest.c
configure:5589: $? = 0
configure:5589: result: yes
configure:5589: checking for locale.h
configure:5589: result: yes
configure:5600: checking for LC_MESSAGES
configure:5616: gcc -o conftest -g -O0   conftest.c  >&5
configure:5616: $? = 0
configure:5624: result: yes
configure:5642: checking for CFPreferencesCopyAppValue
configure:5660: gcc -o conftest -g -O0   conftest.c  -Wl,-framework -Wl,CoreFoundation >&5
conftest.c:24:10: fatal error: CoreFoundation/CFPreferences.h: No such file or directory
 #include <CoreFoundation/CFPreferences.h>
          ^~~~~~~~~~~~~~~~~~~~~~~~~~~~~~~~
compilation terminated.
configure:5660: $? = 1
configure: failed program was:
| /* confdefs.h */
| #define PACKAGE_NAME "3_line"
| #define PACKAGE_TARNAME "3_line"
| #define PACKAGE_VERSION "0.1"
| #define PACKAGE_STRING "3_line 0.1"
| #define PACKAGE_BUGREPORT ""
| #define PACKAGE_URL ""
| #define PACKAGE "3_line"
| #define VERSION "0.1"
| #define GETTEXT_PACKAGE "3_line"
| #define STDC_HEADERS 1
| #define HAVE_SYS_TYPES_H 1
| #define HAVE_SYS_STAT_H 1
| #define HAVE_STDLIB_H 1
| #define HAVE_STRING_H 1
| #define HAVE_MEMORY_H 1
| #define HAVE_STRINGS_H 1
| #define HAVE_INTTYPES_H 1
| #define HAVE_STDINT_H 1
| #define HAVE_UNISTD_H 1
| #define HAVE_LOCALE_H 1
| #define HAVE_LC_MESSAGES 1
| /* end confdefs.h.  */
| #include <CoreFoundation/CFPreferences.h>
| int
| main ()
| {
| CFPreferencesCopyAppValue(NULL, NULL)
|   ;
|   return 0;
| }
configure:5669: result: no
configure:5676: checking for CFLocaleCopyCurrent
configure:5694: gcc -o conftest -g -O0   conftest.c  -Wl,-framework -Wl,CoreFoundation >&5
conftest.c:24:10: fatal error: CoreFoundation/CFLocale.h: No such file or directory
 #include <CoreFoundation/CFLocale.h>
          ^~~~~~~~~~~~~~~~~~~~~~~~~~~
compilation terminated.
configure:5694: $? = 1
configure: failed program was:
| /* confdefs.h */
| #define PACKAGE_NAME "3_line"
| #define PACKAGE_TARNAME "3_line"
| #define PACKAGE_VERSION "0.1"
| #define PACKAGE_STRING "3_line 0.1"
| #define PACKAGE_BUGREPORT ""
| #define PACKAGE_URL ""
| #define PACKAGE "3_line"
| #define VERSION "0.1"
| #define GETTEXT_PACKAGE "3_line"
| #define STDC_HEADERS 1
| #define HAVE_SYS_TYPES_H 1
| #define HAVE_SYS_STAT_H 1
| #define HAVE_STDLIB_H 1
| #define HAVE_STRING_H 1
| #define HAVE_MEMORY_H 1
| #define HAVE_STRINGS_H 1
| #define HAVE_INTTYPES_H 1
| #define HAVE_STDINT_H 1
| #define HAVE_UNISTD_H 1
| #define HAVE_LOCALE_H 1
| #define HAVE_LC_MESSAGES 1
| /* end confdefs.h.  */
| #include <CoreFoundation/CFLocale.h>
| int
| main ()
| {
| CFLocaleCopyCurrent();
|   ;
|   return 0;
| }
configure:5703: result: no
configure:5717: checking libintl.h usability
configure:5717: gcc -c -g -O0  conftest.c >&5
configure:5717: $? = 0
configure:5717: result: yes
configure:5717: checking libintl.h presence
configure:5717: gcc -E  conftest.c
configure:5717: $? = 0
configure:5717: result: yes
configure:5717: checking for libintl.h
configure:5717: result: yes
configure:5725: checking for ngettext in libc
configure:5743: gcc -o conftest -g -O0   conftest.c  >&5
configure:5743: $? = 0
configure:5752: result: yes
configure:5756: checking for dgettext in libc
configure:5774: gcc -o conftest -g -O0   conftest.c  >&5
configure:5774: $? = 0
configure:5783: result: yes
configure:5790: checking for bind_textdomain_codeset
configure:5790: gcc -o conftest -g -O0   conftest.c  >&5
configure:5790: $? = 0
configure:5790: result: yes
configure:6066: checking for msgfmt
configure:6093: result: /usr/bin/msgfmt
configure:6104: checking for dcgettext
configure:6104: gcc -o conftest -g -O0   conftest.c   >&5
conftest.c:49:6: warning: conflicting types for built-in function 'dcgettext' [-Wbuiltin-declaration-mismatch]
 char dcgettext ();
      ^~~~~~~~~
configure:6104: $? = 0
configure:6104: result: yes
configure:6114: checking if msgfmt accepts -c
configure:6129: $MSGFMT -c -o /dev/null conftest.foo
conftest.foo:3: warning: header field 'Language' missing in header
configure:6132: $? = 0
configure:6134: result: yes
configure:6144: checking for gmsgfmt
configure:6175: result: /usr/bin/msgfmt
configure:6185: checking for xgettext
configure:6212: result: /usr/bin/xgettext
configure:6231: gcc -o conftest -g -O0   conftest.c   >&5
configure:6231: $? = 0
configure:6401: checking build system type
configure:6415: result: loongarch64-unknown-linux-gnu
configure:6435: checking host system type
configure:6448: result: loongarch64-unknown-linux-gnu
configure:6489: checking how to print strings
configure:6516: result: printf
configure:6537: checking for a sed that does not truncate output
configure:6601: result: /usr/bin/sed
configure:6619: checking for fgrep
configure:6681: result: /usr/bin/grep -F
configure:6716: checking for ld used by gcc
configure:6783: result: /usr/bin/ld
configure:6790: checking if the linker (/usr/bin/ld) is GNU ld
configure:6805: result: yes
configure:6817: checking for BSD- or MS-compatible name lister (nm)
configure:6871: result: /usr/bin/nm -B
configure:7001: checking the name lister (/usr/bin/nm -B) interface
configure:7008: gcc -c -g -O0  conftest.c >&5
configure:7011: /usr/bin/nm -B "conftest.o"
configure:7014: output
0000000000000031 N .LASF0
0000000000000064 N .LASF1
000000000000000e N .LASF2
0000000000000000 N .LASF3
0000000000000000 N .Ldebug_abbrev0
0000000000000000 N .Ldebug_info0
0000000000000000 N .Ldebug_line0
0000000000000000 B some_variable
configure:7015: result: BSD nm
configure:7018: checking whether ln -s works
configure:7022: result: yes
configure:7030: checking the maximum length of command line arguments
configure:7161: result: 1572864
configure:7209: checking how to convert loongarch64-unknown-linux-gnu file names to loongarch64-unknown-linux-gnu format
configure:7249: result: func_convert_file_noop
configure:7256: checking how to convert loongarch64-unknown-linux-gnu file names to toolchain format
configure:7276: result: func_convert_file_noop
configure:7283: checking for /usr/bin/ld option to reload object files
configure:7290: result: -r
configure:7364: checking for objdump
configure:7380: found /usr/bin/objdump
configure:7391: result: objdump
configure:7423: checking how to recognize dependent libraries
configure:7623: result: pass_all
configure:7708: checking for dlltool
configure:7738: result: no
configure:7768: checking how to associate runtime and link libraries
configure:7795: result: printf %s\n
configure:7855: checking for ar
configure:7871: found /usr/bin/ar
configure:7882: result: ar
configure:7919: checking for archiver @FILE support
configure:7936: gcc -c -g -O0  conftest.c >&5
configure:7936: $? = 0
configure:7939: ar cru libconftest.a @conftest.lst >&5
ar: `u' modifier ignored since `D' is the default (see `U')
configure:7942: $? = 0
configure:7947: ar cru libconftest.a @conftest.lst >&5
ar: `u' modifier ignored since `D' is the default (see `U')
ar: conftest.o: No such file or directory
configure:7950: $? = 1
configure:7949: result: @
configure:8007: checking for strip
configure:8023: found /usr/bin/strip
configure:8034: result: strip
configure:8106: checking for ranlib
configure:8122: found /usr/bin/ranlib
configure:8133: result: ranlib
configure:8235: checking command to parse /usr/bin/nm -B output from gcc object
configure:8388: gcc -c -g -O0  conftest.c >&5
configure:8391: $? = 0
configure:8395: /usr/bin/nm -B conftest.o | sed -n -e 's/^.*[	 ]\([ABCDGIRSTW][ABCDGIRSTW]*\)[	 ][	 ]*\([_A-Za-z][_A-Za-z0-9]*\)$/\1 \2 \2/p' | sed '/ __gnu_lto/d' > conftest.nm
configure:8461: gcc -o conftest -g -O0   conftest.c conftstm.o >&5
configure:8464: $? = 0
configure:8502: result: ok
configure:8549: checking for sysroot
configure:8579: result: no
configure:8586: checking for a working dd
configure:8624: result: /usr/bin/dd
configure:8628: checking how to truncate binary pipes
configure:8643: result: /usr/bin/dd bs=4096 count=1
configure:8972: checking for mt
configure:8988: found /usr/bin/mt
configure:8999: result: mt
configure:9022: checking if mt is a manifest tool
configure:9028: mt '-?'
configure:9036: result: no
configure:9710: checking for dlfcn.h
configure:9710: gcc -c -g -O0  conftest.c >&5
configure:9710: $? = 0
configure:9710: result: yes
configure:9966: checking for objdir
configure:9981: result: .libs
configure:10241: checking if gcc supports -fno-rtti -fno-exceptions
configure:10259: gcc -c -g -O0  -fno-rtti -fno-exceptions conftest.c >&5
cc1: warning: command line option '-fno-rtti' is valid for C++/ObjC++ but not for C
configure:10263: $? = 0
configure:10276: result: no
configure:10634: checking for gcc option to produce PIC
configure:10641: result: -fPIC -DPIC
configure:10649: checking if gcc PIC flag -fPIC -DPIC works
configure:10667: gcc -c -g -O0  -fPIC -DPIC -DPIC conftest.c >&5
configure:10671: $? = 0
configure:10684: result: yes
configure:10713: checking if gcc static flag -static works
configure:10741: result: yes
configure:10756: checking if gcc supports -c -o file.o
configure:10777: gcc -c -g -O0  -o out/conftest2.o conftest.c >&5
configure:10781: $? = 0
configure:10803: result: yes
configure:10811: checking if gcc supports -c -o file.o
configure:10858: result: yes
configure:10891: checking whether the gcc linker (/usr/bin/ld) supports shared libraries
configure:12154: result: yes
configure:12191: checking whether -lc should be explicitly linked in
configure:12199: gcc -c -g -O0  conftest.c >&5
configure:12202: $? = 0
configure:12217: gcc -shared  -fPIC -DPIC conftest.o  -v -Wl,-soname -Wl,conftest -o conftest 2\>\&1 \| /usr/bin/grep  -lc  \>/dev/null 2\>\&1
configure:12220: $? = 0
configure:12234: result: no
configure:12394: checking dynamic linker characteristics
configure:12975: gcc -o conftest -g -O0   -Wl,-rpath -Wl,/foo conftest.c  >&5
configure:12975: $? = 0
configure:13224: result: GNU/Linux ld.so
configure:13346: checking how to hardcode library paths into programs
configure:13371: result: immediate
configure:13919: checking whether stripping libraries is possible
configure:13924: result: yes
configure:13959: checking if libtool supports shared libraries
configure:13961: result: yes
configure:13964: checking whether to build shared libraries
configure:13989: result: yes
configure:13992: checking whether to build static libraries
configure:13996: result: yes
configure:10851: checking for sdl-config
configure:10869: found /usr/bin/sdl-config
configure:10882: result: /usr/bin/sdl-config
configure:10891: checking for SDL - version >= 1.2.0
configure:10976: gcc -o conftest -g -O0 -I/usr/include/SDL -D_GNU_SOURCE=1 -D_REENTRANT   conftest.c  -L/usr/lib/loongarch64-linux-gnu -lSDL >&5
configure:10976: $? = 0
configure:10976: ./conftest
configure:10976: $? = 0
configure:10990: result: yes
configure:11175: checking that generated files are newer than configure
configure:11181: result: done
configure:11208: creating ./config.status

## ---------------------- ##
## Running config.status. ##
## ---------------------- ##

This file was extended by 3_line config.status 0.1, which was
generated by GNU Autoconf 2.69.  Invocation command line was

  CONFIG_FILES    = 
  CONFIG_HEADERS  = 
  CONFIG_LINKS    = 
  CONFIG_COMMANDS = 
  $ ./config.status 

on loongnix

config.status:1168: creating Makefile
config.status:1168: creating src/Makefile
config.status:1168: creating po/Makefile.in
config.status:1168: creating config.h
config.status:1382: executing depfiles commands
config.status:1459: cd src       && sed -e '/# am--include-marker/d' Makefile         | make -f - am--depfiles
config.status:1464: $? = 0
config.status:1382: executing default-1 commands
config.status:1382: executing libtool commands
config.status:1382: executing po/stamp-it commands
configure:13375: WARNING: unrecognized options: --enable-maintainer-mode

## ---------------- ##
## Cache variables. ##
## ---------------- ##

ac_cv_build=loongarch64-unknown-linux-gnu
ac_cv_c_compiler_gnu=yes
ac_cv_env_CC_set=
ac_cv_env_CC_value=
ac_cv_env_CFLAGS_set=set
ac_cv_env_CFLAGS_value='-g -O0'
ac_cv_env_CPPFLAGS_set=
ac_cv_env_CPPFLAGS_value=
ac_cv_env_CPP_set=
ac_cv_env_CPP_value=
ac_cv_env_LDFLAGS_set=
ac_cv_env_LDFLAGS_value=
ac_cv_env_LIBS_set=
ac_cv_env_LIBS_value=
ac_cv_env_LT_SYS_LIBRARY_PATH_set=
ac_cv_env_LT_SYS_LIBRARY_PATH_value=
ac_cv_env_XMKMF_set=
ac_cv_env_XMKMF_value=
ac_cv_env_build_alias_set=
ac_cv_env_build_alias_value=
ac_cv_env_host_alias_set=
ac_cv_env_host_alias_value=
ac_cv_env_target_alias_set=
ac_cv_env_target_alias_value=
ac_cv_func_bind_textdomain_codeset=yes
ac_cv_func_connect=yes
ac_cv_func_dcgettext=yes
ac_cv_func_gethostbyname=yes
ac_cv_func_remove=yes
ac_cv_func_shmat=yes
ac_cv_have_x='have_x=yes	ac_x_includes='\'''\''	ac_x_libraries='\'''\'''
ac_cv_header_dlfcn_h=yes
ac_cv_header_inttypes_h=yes
ac_cv_header_libintl_h=yes
ac_cv_header_locale_h=yes
ac_cv_header_memory_h=yes
ac_cv_header_stdc=yes
ac_cv_header_stdint_h=yes
ac_cv_header_stdlib_h=yes
ac_cv_header_string_h=yes
ac_cv_header_strings_h=yes
ac_cv_header_sys_stat_h=yes
ac_cv_header_sys_types_h=yes
ac_cv_header_unistd_h=yes
ac_cv_host=loongarch64-unknown-linux-gnu
ac_cv_lib_ICE_IceConnectionNumber=yes
ac_cv_objext=o
ac_cv_path_EGREP='/usr/bin/grep -E'
ac_cv_path_FGREP='/usr/bin/grep -F'
ac_cv_path_GMSGFMT=/usr/bin/msgfmt
ac_cv_path_GREP=/usr/bin/grep
ac_cv_path_INTLTOOL_EXTRACT=/usr/bin/intltool-extract
ac_cv_path_INTLTOOL_MERGE=/usr/bin/intltool-merge
ac_cv_path_INTLTOOL_PERL=/usr/bin/perl
ac_cv_path_INTLTOOL_UPDATE=/usr/bin/intltool-update
ac_cv_path_MSGFMT=/usr/bin/msgfmt
ac_cv_path_MSGMERGE=/usr/bin/msgmerge
ac_cv_path_SDL_CONFIG=/usr/bin/sdl-config
ac_cv_path_SED=/usr/bin/sed
ac_cv_path_XGETTEXT=/usr/bin/xgettext
ac_cv_path_install='/usr/bin/install -c'
ac_cv_path_lt_DD=/usr/bin/dd
ac_cv_path_mkdir=/usr/bin/mkdir
ac_cv_prog_AWK=gawk
ac_cv_prog_CPP='gcc -E'
ac_cv_prog_ac_ct_AR=ar
ac_cv_prog_ac_ct_CC=gcc
ac_cv_prog_ac_ct_MANIFEST_TOOL=mt
ac_cv_prog_ac_ct_OBJDUMP=objdump
ac_cv_prog_ac_ct_RANLIB=ranlib
ac_cv_prog_ac_ct_STRIP=strip
ac_cv_prog_cc_c89=
ac_cv_prog_cc_g=yes
ac_cv_prog_make_make_set=yes
am_cv_CC_dependencies_compiler_type=gcc3
am_cv_make_support_nested_variables=yes
am_cv_prog_cc_c_o=yes
am_cv_val_LC_MESSAGES=yes
gt_cv_func_CFLocaleCopyCurrent=no
gt_cv_func_CFPreferencesCopyAppValue=no
gt_cv_func_dgettext_libc=yes
gt_cv_func_dgettext_libintl=no
gt_cv_func_ngettext_libc=yes
gt_cv_have_gettext=yes
lt_cv_ar_at_file=@
lt_cv_archive_cmds_need_lc=no
lt_cv_deplibs_check_method=pass_all
lt_cv_file_magic_cmd='$MAGIC_CMD'
lt_cv_file_magic_test_file=
lt_cv_ld_reload_flag=-r
lt_cv_nm_interface='BSD nm'
lt_cv_objdir=.libs
lt_cv_path_LD=/usr/bin/ld
lt_cv_path_NM='/usr/bin/nm -B'
lt_cv_path_mainfest_tool=no
lt_cv_prog_compiler_c_o=yes
lt_cv_prog_compiler_pic='-fPIC -DPIC'
lt_cv_prog_compiler_pic_works=yes
lt_cv_prog_compiler_rtti_exceptions=no
lt_cv_prog_compiler_static_works=yes
lt_cv_prog_gnu_ld=yes
lt_cv_sharedlib_from_linklib_cmd='printf %s\n'
lt_cv_shlibpath_overrides_runpath=yes
lt_cv_sys_global_symbol_pipe='sed -n -e '\''s/^.*[	 ]\([ABCDGIRSTW][ABCDGIRSTW]*\)[	 ][	 ]*\([_A-Za-z][_A-Za-z0-9]*\)$/\1 \2 \2/p'\'' | sed '\''/ __gnu_lto/d'\'''
lt_cv_sys_global_symbol_to_c_name_address='sed -n -e '\''s/^: \(.*\) .*$/  {"\1", (void *) 0},/p'\'' -e '\''s/^[ABCDGIRSTW][ABCDGIRSTW]* .* \(.*\)$/  {"\1", (void *) \&\1},/p'\'''
lt_cv_sys_global_symbol_to_c_name_address_lib_prefix='sed -n -e '\''s/^: \(.*\) .*$/  {"\1", (void *) 0},/p'\'' -e '\''s/^[ABCDGIRSTW][ABCDGIRSTW]* .* \(lib.*\)$/  {"\1", (void *) \&\1},/p'\'' -e '\''s/^[ABCDGIRSTW][ABCDGIRSTW]* .* \(.*\)$/  {"lib\1", (void *) \&\1},/p'\'''
lt_cv_sys_global_symbol_to_cdecl='sed -n -e '\''s/^T .* \(.*\)$/extern int \1();/p'\'' -e '\''s/^[ABCDGIRSTW][ABCDGIRSTW]* .* \(.*\)$/extern char \1;/p'\'''
lt_cv_sys_global_symbol_to_import=
lt_cv_sys_max_cmd_len=1572864
lt_cv_to_host_file_cmd=func_convert_file_noop
lt_cv_to_tool_file_cmd=func_convert_file_noop
lt_cv_truncate_bin='/usr/bin/dd bs=4096 count=1'

## ----------------- ##
## Output variables. ##
## ----------------- ##

ACLOCAL='${SHELL} /home/tiger/linux/SDL/3-line/missing aclocal-1.16'
ALL_LINGUAS=''
AMDEPBACKSLASH='\'
AMDEP_FALSE='#'
AMDEP_TRUE=''
AMTAR='$${TAR-tar}'
AM_BACKSLASH='\'
AM_DEFAULT_V='$(AM_DEFAULT_VERBOSITY)'
AM_DEFAULT_VERBOSITY='0'
AM_V='$(V)'
AR='ar'
AUTOCONF='${SHELL} /home/tiger/linux/SDL/3-line/missing autoconf'
AUTOHEADER='${SHELL} /home/tiger/linux/SDL/3-line/missing autoheader'
AUTOMAKE='${SHELL} /home/tiger/linux/SDL/3-line/missing automake-1.16'
AWK='gawk'
CATALOGS=''
CATOBJEXT='.gmo'
CC='gcc'
CCDEPMODE='depmode=gcc3'
CFLAGS='-g -O0 -I/usr/include/SDL -D_GNU_SOURCE=1 -D_REENTRANT'
CPP='gcc -E'
CPPFLAGS=' -I/usr/include/SDL -D_GNU_SOURCE=1 -D_REENTRANT'
CYGPATH_W='echo'
DATADIRNAME='share'
DEFS='-DHAVE_CONFIG_H'
DEPDIR='.deps'
DLLTOOL='false'
DSYMUTIL=''
DUMPBIN=''
ECHO_C=''
ECHO_N='-n'
ECHO_T=''
EGREP='/usr/bin/grep -E'
EXEEXT=''
FGREP='/usr/bin/grep -F'
GETTEXT_PACKAGE='3_line'
GMOFILES=''
GMSGFMT='/usr/bin/msgfmt'
GREP='/usr/bin/grep'
INSTALL_DATA='${INSTALL} -m 644'
INSTALL_PROGRAM='${INSTALL}'
INSTALL_SCRIPT='${INSTALL}'
INSTALL_STRIP_PROGRAM='$(install_sh) -c -s'
INSTOBJEXT='.mo'
INTLLIBS=''
INTLTOOL_CAVES_RULE='%.caves:     %.caves.in     $(INTLTOOL_MERGE) $(wildcard $(top_srcdir)/po/*.po) ; $(INTLTOOL_V_MERGE)LC_ALL=C $(INTLTOOL_MERGE) $(INTLTOOL_V_MERGE_OPTIONS) -d -u -c $(top_builddir)/po/.intltool-merge-cache $(top_srcdir)/po $< $@'
INTLTOOL_DESKTOP_RULE='%.desktop:   %.desktop.in   $(INTLTOOL_MERGE) $(wildcard $(top_srcdir)/po/*.po) ; $(INTLTOOL_V_MERGE)LC_ALL=C $(INTLTOOL_MERGE) $(INTLTOOL_V_MERGE_OPTIONS) -d -u -c $(top_builddir)/po/.intltool-merge-cache $(top_srcdir)/po $< $@'
INTLTOOL_DIRECTORY_RULE='%.directory: %.directory.in $(INTLTOOL_MERGE) $(wildcard $(top_srcdir)/po/*.po) ; $(INTLTOOL_V_MERGE)LC_ALL=C $(INTLTOOL_MERGE) $(INTLTOOL_V_MERGE_OPTIONS) -d -u -c $(top_builddir)/po/.intltool-merge-cache $(top_srcdir)/po $< $@'
INTLTOOL_EXTRACT='/usr/bin/intltool-extract'
INTLTOOL_KBD_RULE='%.kbd:       %.kbd.in       $(INTLTOOL_MERGE) $(wildcard $(top_srcdir)/po/*.po) ; $(INTLTOOL_V_MERGE)LC_ALL=C $(INTLTOOL_MERGE) $(INTLTOOL_V_MERGE_OPTIONS) -x -u -m -c $(top_builddir)/po/.intltool-merge-cache $(top_srcdir)/po $< $@'
INTLTOOL_KEYS_RULE='%.keys:      %.keys.in      $(INTLTOOL_MERGE) $(wildcard $(top_srcdir)/po/*.po) ; $(INTLTOOL_V_MERGE)LC_ALL=C $(INTLTOOL_MERGE) $(INTLTOOL_V_MERGE_OPTIONS) -k -u -c $(top_builddir)/po/.intltool-merge-cache $(top_srcdir)/po $< $@'
INTLTOOL_MERGE='/usr/bin/intltool-merge'
INTLTOOL_OAF_RULE='%.oaf:       %.oaf.in       $(INTLTOOL_MERGE) $(wildcard $(top_srcdir)/po/*.po) ; $(INTLTOOL_V_MERGE)LC_ALL=C $(INTLTOOL_MERGE) $(INTLTOOL_V_MERGE_OPTIONS) -o -p $(top_srcdir)/po $< $@'
INTLTOOL_PERL='/usr/bin/perl'
INTLTOOL_POLICY_RULE='%.policy:    %.policy.in    $(INTLTOOL_MERGE) $(wildcard $(top_srcdir)/po/*.po) ; $(INTLTOOL_V_MERGE)LC_ALL=C $(INTLTOOL_MERGE) $(INTLTOOL_V_MERGE_OPTIONS) -x -u -c $(top_builddir)/po/.intltool-merge-cache $(top_srcdir)/po $< $@'
INTLTOOL_PONG_RULE='%.pong:      %.pong.in      $(INTLTOOL_MERGE) $(wildcard $(top_srcdir)/po/*.po) ; $(INTLTOOL_V_MERGE)LC_ALL=C $(INTLTOOL_MERGE) $(INTLTOOL_V_MERGE_OPTIONS) -x -u -c $(top_builddir)/po/.intltool-merge-cache $(top_srcdir)/po $< $@'
INTLTOOL_PROP_RULE='%.prop:      %.prop.in      $(INTLTOOL_MERGE) $(wildcard $(top_srcdir)/po/*.po) ; $(INTLTOOL_V_MERGE)LC_ALL=C $(INTLTOOL_MERGE) $(INTLTOOL_V_MERGE_OPTIONS) -d -u -c $(top_builddir)/po/.intltool-merge-cache $(top_srcdir)/po $< $@'
INTLTOOL_SCHEMAS_RULE='%.schemas:   %.schemas.in   $(INTLTOOL_MERGE) $(wildcard $(top_srcdir)/po/*.po) ; $(INTLTOOL_V_MERGE)LC_ALL=C $(INTLTOOL_MERGE) $(INTLTOOL_V_MERGE_OPTIONS) -s -u -c $(top_builddir)/po/.intltool-merge-cache $(top_srcdir)/po $< $@'
INTLTOOL_SERVER_RULE='%.server:    %.server.in    $(INTLTOOL_MERGE) $(wildcard $(top_srcdir)/po/*.po) ; $(INTLTOOL_V_MERGE)LC_ALL=C $(INTLTOOL_MERGE) $(INTLTOOL_V_MERGE_OPTIONS) -o -u -c $(top_builddir)/po/.intltool-merge-cache $(top_srcdir)/po $< $@'
INTLTOOL_SERVICE_RULE='%.service: %.service.in   $(INTLTOOL_MERGE) $(wildcard $(top_srcdir)/po/*.po) ; $(INTLTOOL_V_MERGE)LC_ALL=C $(INTLTOOL_MERGE) $(INTLTOOL_V_MERGE_OPTIONS) -d -u -c $(top_builddir)/po/.intltool-merge-cache $(top_srcdir)/po $< $@'
INTLTOOL_SHEET_RULE='%.sheet:     %.sheet.in     $(INTLTOOL_MERGE) $(wildcard $(top_srcdir)/po/*.po) ; $(INTLTOOL_V_MERGE)LC_ALL=C $(INTLTOOL_MERGE) $(INTLTOOL_V_MERGE_OPTIONS) -x -u -c $(top_builddir)/po/.intltool-merge-cache $(top_srcdir)/po $< $@'
INTLTOOL_SOUNDLIST_RULE='%.soundlist: %.soundlist.in $(INTLTOOL_MERGE) $(wildcard $(top_srcdir)/po/*.po) ; $(INTLTOOL_V_MERGE)LC_ALL=C $(INTLTOOL_MERGE) $(INTLTOOL_V_MERGE_OPTIONS) -d -u -c $(top_builddir)/po/.intltool-merge-cache $(top_srcdir)/po $< $@'
INTLTOOL_THEME_RULE='%.theme:     %.theme.in     $(INTLTOOL_MERGE) $(wildcard $(top_srcdir)/po/*.po) ; $(INTLTOOL_V_MERGE)LC_ALL=C $(INTLTOOL_MERGE) $(INTLTOOL_V_MERGE_OPTIONS) -d -u -c $(top_builddir)/po/.intltool-merge-cache $(top_srcdir)/po $< $@'
INTLTOOL_UI_RULE='%.ui:        %.ui.in        $(INTLTOOL_MERGE) $(wildcard $(top_srcdir)/po/*.po) ; $(INTLTOOL_V_MERGE)LC_ALL=C $(INTLTOOL_MERGE) $(INTLTOOL_V_MERGE_OPTIONS) -x -u -c $(top_builddir)/po/.intltool-merge-cache $(top_srcdir)/po $< $@'
INTLTOOL_UPDATE='/usr/bin/intltool-update'
INTLTOOL_V_MERGE='$(INTLTOOL__v_MERGE_$(V))'
INTLTOOL_V_MERGE_OPTIONS='$(intltool__v_merge_options_$(V))'
INTLTOOL_XAM_RULE='%.xam:       %.xml.in       $(INTLTOOL_MERGE) $(wildcard $(top_srcdir)/po/*.po) ; $(INTLTOOL_V_MERGE)LC_ALL=C $(INTLTOOL_MERGE) $(INTLTOOL_V_MERGE_OPTIONS) -x -u -c $(top_builddir)/po/.intltool-merge-cache $(top_srcdir)/po $< $@'
INTLTOOL_XML_NOMERGE_RULE='%.xml:       %.xml.in       $(INTLTOOL_MERGE) ; $(INTLTOOL_V_MERGE)LC_ALL=C $(INTLTOOL_MERGE) $(INTLTOOL_V_MERGE_OPTIONS) -x -u --no-translations $< $@'
INTLTOOL_XML_RULE='%.xml:       %.xml.in       $(INTLTOOL_MERGE) $(wildcard $(top_srcdir)/po/*.po) ; $(INTLTOOL_V_MERGE)LC_ALL=C $(INTLTOOL_MERGE) $(INTLTOOL_V_MERGE_OPTIONS) -x -u -c $(top_builddir)/po/.intltool-merge-cache $(top_srcdir)/po $< $@'
INTLTOOL__v_MERGE_0='@echo "  ITMRG " $@;'
INTLTOOL__v_MERGE_='$(INTLTOOL__v_MERGE_$(AM_DEFAULT_VERBOSITY))'
INTL_MACOSX_LIBS=''
LD='/usr/bin/ld'
LDFLAGS=''
LIBOBJS=''
LIBS=' -L/usr/lib/loongarch64-linux-gnu -lSDL'
LIBTOOL='$(SHELL) $(top_builddir)/libtool'
LIPO=''
LN_S='ln -s'
LTLIBOBJS=''
LT_SYS_LIBRARY_PATH=''
MAKEINFO='${SHELL} /home/tiger/linux/SDL/3-line/missing makeinfo'
MANIFEST_TOOL=':'
MKDIR_P='/usr/bin/mkdir -p'
MKINSTALLDIRS='/home/tiger/linux/SDL/3-line/mkinstalldirs'
MSGFMT='/usr/bin/msgfmt'
MSGFMT_OPTS='-c'
MSGMERGE='/usr/bin/msgmerge'
NM='/usr/bin/nm -B'
NMEDIT=''
OBJDUMP='objdump'
OBJEXT='o'
OTOOL64=''
OTOOL=''
PACKAGE='3_line'
PACKAGE_BUGREPORT=''
PACKAGE_NAME='3_line'
PACKAGE_STRING='3_line 0.1'
PACKAGE_TARNAME='3_line'
PACKAGE_URL=''
PACKAGE_VERSION='0.1'
PATH_SEPARATOR=':'
POFILES=''
POSUB='po'
PO_IN_DATADIR_FALSE=''
PO_IN_DATADIR_TRUE=''
RANLIB='ranlib'
SDL_CFLAGS='-I/usr/include/SDL -D_GNU_SOURCE=1 -D_REENTRANT'
SDL_CONFIG='/usr/bin/sdl-config'
SDL_LIBS='-L/usr/lib/loongarch64-linux-gnu -lSDL'
SED='/usr/bin/sed'
SET_MAKE=''
SHELL='/bin/bash'
STRIP='strip'
USE_NLS='yes'
VERSION='0.1'
XGETTEXT='/usr/bin/xgettext'
XMKMF=''
X_CFLAGS=''
X_EXTRA_LIBS=''
X_LIBS=''
X_PRE_LIBS=' -lSM -lICE'
ac_ct_AR='ar'
ac_ct_CC='gcc'
ac_ct_DUMPBIN=''
am__EXEEXT_FALSE=''
am__EXEEXT_TRUE='#'
am__fastdepCC_FALSE='#'
am__fastdepCC_TRUE=''
am__include='include'
am__isrc=' -I$(srcdir)'
am__leading_dot='.'
am__nodep='_no'
am__quote=''
am__tar='$${TAR-tar} chof - "$$tardir"'
am__untar='$${TAR-tar} xf -'
bindir='${exec_prefix}/bin'
build='loongarch64-unknown-linux-gnu'
build_alias=''
build_cpu='loongarch64'
build_os='linux-gnu'
build_vendor='unknown'
datadir='${datarootdir}'
datarootdir='${prefix}/share'
docdir='${datarootdir}/doc/${PACKAGE_TARNAME}'
dvidir='${docdir}'
exec_prefix='${prefix}'
host='loongarch64-unknown-linux-gnu'
host_alias=''
host_cpu='loongarch64'
host_os='linux-gnu'
host_vendor='unknown'
htmldir='${docdir}'
includedir='${prefix}/include'
infodir='${datarootdir}/info'
install_sh='${SHELL} /home/tiger/linux/SDL/3-line/install-sh'
intltool__v_merge_options_0='-q'
intltool__v_merge_options_='$(intltool__v_merge_options_$(AM_DEFAULT_VERBOSITY))'
libdir='${exec_prefix}/lib'
libexecdir='${exec_prefix}/libexec'
localedir='${datarootdir}/locale'
localstatedir='${prefix}/var'
mandir='${datarootdir}/man'
mkdir_p='$(MKDIR_P)'
oldincludedir='/usr/include'
pdfdir='${docdir}'
prefix='/usr/local'
program_transform_name='s,x,x,'
psdir='${docdir}'
runstatedir='${localstatedir}/run'
sbindir='${exec_prefix}/sbin'
sharedstatedir='${prefix}/com'
sysconfdir='${prefix}/etc'
target_alias=''

## ----------- ##
## confdefs.h. ##
## ----------- ##

/* confdefs.h */
#define PACKAGE_NAME "3_line"
#define PACKAGE_TARNAME "3_line"
#define PACKAGE_VERSION "0.1"
#define PACKAGE_STRING "3_line 0.1"
#define PACKAGE_BUGREPORT ""
#define PACKAGE_URL ""
#define PACKAGE "3_line"
#define VERSION "0.1"
#define GETTEXT_PACKAGE "3_line"
#define STDC_HEADERS 1
#define HAVE_SYS_TYPES_H 1
#define HAVE_SYS_STAT_H 1
#define HAVE_STDLIB_H 1
#define HAVE_STRING_H 1
#define HAVE_MEMORY_H 1
#define HAVE_STRINGS_H 1
#define HAVE_INTTYPES_H 1
#define HAVE_STDINT_H 1
#define HAVE_UNISTD_H 1
#define HAVE_LOCALE_H 1
#define HAVE_LC_MESSAGES 1
#define HAVE_BIND_TEXTDOMAIN_CODESET 1
#define HAVE_GETTEXT 1
#define HAVE_DCGETTEXT 1
#define ENABLE_NLS 1
#define HAVE_DLFCN_H 1
#define LT_OBJDIR ".libs/"

configure: exit 0
