This file contains any messages produced by compilers while
running configure, to aid debugging if configure makes a mistake.

It was created by 6_box configure 0.1, which was
generated by GNU Autoconf 2.69.  Invocation command line was

  $ /home/tiger/linux/gtkmm/6-box/configure --enable-maintainer-mode CFLAGS=-g -O0 CXXFLAGS=-g -O0 JFLAGS=-g -O0 FFLAGS=-g -O0

## --------- ##
## Platform. ##
## --------- ##

hostname = loongnix
uname -m = loongarch64
uname -r = 4.19.0-17-loongson-3
uname -s = Linux
uname -v = #1 SMP 4.19.190-6.1 Mon Apr 11 13:19:19 UTC 2022

/usr/bin/uname -p = loongarch64
/bin/uname -X     = unknown

/bin/arch              = loongarch64
/usr/bin/arch -k       = unknown
/usr/convex/getsysinfo = unknown
/usr/bin/hostinfo      = unknown
/bin/machine           = unknown
/usr/bin/oslevel       = unknown
/bin/universe          = unknown

PATH: /usr/local/bin
PATH: /usr/bin
PATH: /bin
PATH: /usr/local/games
PATH: /usr/games


## ----------- ##
## Core tests. ##
## ----------- ##

configure:2466: checking for a BSD-compatible install
configure:2534: result: /usr/bin/install -c
configure:2545: checking whether build environment is sane
configure:2600: result: yes
configure:2749: checking for a thread-safe mkdir -p
configure:2788: result: /usr/bin/mkdir -p
configure:2795: checking for gawk
configure:2811: found /usr/bin/gawk
configure:2822: result: gawk
configure:2833: checking whether make sets $(MAKE)
configure:2855: result: yes
configure:2884: checking whether make supports nested variables
configure:2901: result: yes
configure:3039: checking whether make supports nested variables
configure:3056: result: yes
configure:3126: checking for g++
configure:3142: found /usr/bin/g++
configure:3153: result: g++
configure:3180: checking for C++ compiler version
configure:3189: g++ --version >&5
g++ (Loongnix 8.3.0-6.lnd.vec.30) 8.3.0
Copyright (C) 2018 Free Software Foundation, Inc.
This is free software; see the source for copying conditions.  There is NO
warranty; not even for MERCHANTABILITY or FITNESS FOR A PARTICULAR PURPOSE.

configure:3200: $? = 0
configure:3189: g++ -v >&5
Using built-in specs.
COLLECT_GCC=g++
COLLECT_LTO_WRAPPER=/usr/lib/gcc/loongarch64-linux-gnu/8/lto-wrapper
Target: loongarch64-linux-gnu
Configured with: ../src/configure -v --with-pkgversion='Loongnix 8.3.0-6.lnd.vec.30' --with-bugurl=file:///usr/share/doc/gcc-8/README.Bugs --enable-languages=c,c++,fortran --prefix=/usr --with-gcc-major-version-only --program-suffix=-8 --program-prefix=loongarch64-linux-gnu- --enable-shared --enable-linker-build-id --libexecdir=/usr/lib --without-included-gettext --enable-threads=posix --libdir=/usr/lib --enable-nls --enable-clocale=gnu --enable-libstdcxx-debug --enable-libstdcxx-time=yes --with-default-libstdcxx-abi=new --enable-gnu-unique-object --disable-libitm --disable-libsanitizer --disable-libquadmath --disable-libquadmath-support --enable-plugin --with-system-zlib --enable-multiarch --disable-werror --with-arch=loongarch64 --with-abi=lp64 --enable-tls --disable-host-shared --disable-emultls --enable-checking=release --build=loongarch64-linux-gnu --host=loongarch64-linux-gnu --target=loongarch64-linux-gnu
Thread model: posix
gcc version 8.3.0 (Loongnix 8.3.0-6.lnd.vec.30) 
configure:3200: $? = 0
configure:3189: g++ -V >&5
g++: error: unrecognized command line option '-V'
g++: fatal error: no input files
compilation terminated.
configure:3200: $? = 1
configure:3189: g++ -qversion >&5
g++: error: unrecognized command line option '-qversion'; did you mean '--version'?
g++: fatal error: no input files
compilation terminated.
configure:3200: $? = 1
configure:3220: checking whether the C++ compiler works
configure:3242: g++ -g -O0   conftest.cpp  >&5
configure:3246: $? = 0
configure:3294: result: yes
configure:3297: checking for C++ compiler default output file name
configure:3299: result: a.out
configure:3305: checking for suffix of executables
configure:3312: g++ -o conftest -g -O0   conftest.cpp  >&5
configure:3316: $? = 0
configure:3338: result: 
configure:3360: checking whether we are cross compiling
configure:3368: g++ -o conftest -g -O0   conftest.cpp  >&5
configure:3372: $? = 0
configure:3379: ./conftest
configure:3383: $? = 0
configure:3371: result: no
configure:3376: checking for suffix of object files
configure:3398: g++ -c -g -O0  conftest.cpp >&5
configure:3402: $? = 0
configure:3423: result: o
configure:3427: checking whether we are using the GNU C++ compiler
configure:3446: g++ -c -g -O0  conftest.cpp >&5
configure:3446: $? = 0
configure:3455: result: yes
configure:3464: checking whether g++ accepts -g
configure:3484: g++ -c -g  conftest.cpp >&5
configure:3484: $? = 0
configure:3525: result: yes
configure:3551: checking whether make supports the include directive
configure:3566: make -f confmf.GNU && cat confinc.out
this is the am__doit target
configure:3569: $? = 0
configure:3588: result: yes (GNU style)
configure:3613: checking dependency style of g++
configure:3724: result: gcc3
configure:3744: checking whether NLS is requested
configure:3753: result: yes
configure:3771: checking for intltool >= 0.35.0
configure:3773: result: 0.51.0 found
configure:3781: checking for intltool-update
configure:3799: found /usr/bin/intltool-update
configure:3811: result: /usr/bin/intltool-update
configure:3821: checking for intltool-merge
configure:3839: found /usr/bin/intltool-merge
configure:3851: result: /usr/bin/intltool-merge
configure:3861: checking for intltool-extract
configure:3879: found /usr/bin/intltool-extract
configure:3891: result: /usr/bin/intltool-extract
configure:4045: checking for xgettext
configure:4063: found /usr/bin/xgettext
configure:4075: result: /usr/bin/xgettext
configure:4085: checking for msgmerge
configure:4103: found /usr/bin/msgmerge
configure:4115: result: /usr/bin/msgmerge
configure:4125: checking for msgfmt
configure:4143: found /usr/bin/msgfmt
configure:4155: result: /usr/bin/msgfmt
configure:4165: checking for gmsgfmt
configure:4196: result: /usr/bin/msgfmt
configure:4216: checking for perl
configure:4234: found /usr/bin/perl
configure:4246: result: /usr/bin/perl
configure:4257: checking for perl >= 5.8.1
configure:4264: result: 5.28.1
configure:4268: checking for XML::Parser
configure:4271: result: ok
configure:4340: checking for gcc
configure:4356: found /usr/bin/gcc
configure:4367: result: gcc
configure:4596: checking for C compiler version
configure:4605: gcc --version >&5
gcc (Loongnix 8.3.0-6.lnd.vec.30) 8.3.0
Copyright (C) 2018 Free Software Foundation, Inc.
This is free software; see the source for copying conditions.  There is NO
warranty; not even for MERCHANTABILITY or FITNESS FOR A PARTICULAR PURPOSE.

configure:4616: $? = 0
configure:4605: gcc -v >&5
Using built-in specs.
COLLECT_GCC=gcc
COLLECT_LTO_WRAPPER=/usr/lib/gcc/loongarch64-linux-gnu/8/lto-wrapper
Target: loongarch64-linux-gnu
Configured with: ../src/configure -v --with-pkgversion='Loongnix 8.3.0-6.lnd.vec.30' --with-bugurl=file:///usr/share/doc/gcc-8/README.Bugs --enable-languages=c,c++,fortran --prefix=/usr --with-gcc-major-version-only --program-suffix=-8 --program-prefix=loongarch64-linux-gnu- --enable-shared --enable-linker-build-id --libexecdir=/usr/lib --without-included-gettext --enable-threads=posix --libdir=/usr/lib --enable-nls --enable-clocale=gnu --enable-libstdcxx-debug --enable-libstdcxx-time=yes --with-default-libstdcxx-abi=new --enable-gnu-unique-object --disable-libitm --disable-libsanitizer --disable-libquadmath --disable-libquadmath-support --enable-plugin --with-system-zlib --enable-multiarch --disable-werror --with-arch=loongarch64 --with-abi=lp64 --enable-tls --disable-host-shared --disable-emultls --enable-checking=release --build=loongarch64-linux-gnu --host=loongarch64-linux-gnu --target=loongarch64-linux-gnu
Thread model: posix
gcc version 8.3.0 (Loongnix 8.3.0-6.lnd.vec.30) 
configure:4616: $? = 0
configure:4605: gcc -V >&5
gcc: error: unrecognized command line option '-V'
gcc: fatal error: no input files
compilation terminated.
configure:4616: $? = 1
configure:4605: gcc -qversion >&5
gcc: error: unrecognized command line option '-qversion'; did you mean '--version'?
gcc: fatal error: no input files
compilation terminated.
configure:4616: $? = 1
configure:4620: checking whether we are using the GNU C compiler
configure:4639: gcc -c -g -O0  conftest.c >&5
configure:4639: $? = 0
configure:4648: result: yes
configure:4657: checking whether gcc accepts -g
configure:4677: gcc -c -g  conftest.c >&5
configure:4677: $? = 0
configure:4718: result: yes
configure:4735: checking for gcc option to accept ISO C89
configure:4798: gcc  -c -g -O0  conftest.c >&5
configure:4798: $? = 0
configure:4811: result: none needed
configure:4836: checking whether gcc understands -c and -o together
configure:4858: gcc -c conftest.c -o conftest2.o
configure:4861: $? = 0
configure:4858: gcc -c conftest.c -o conftest2.o
configure:4861: $? = 0
configure:4873: result: yes
configure:4892: checking dependency style of gcc
configure:5003: result: gcc3
configure:5024: checking how to run the C preprocessor
configure:5055: gcc -E  conftest.c
configure:5055: $? = 0
configure:5069: gcc -E  conftest.c
conftest.c:12:10: fatal error: ac_nonexistent.h: No such file or directory
 #include <ac_nonexistent.h>
          ^~~~~~~~~~~~~~~~~~
compilation terminated.
configure:5069: $? = 1
configure: failed program was:
| /* confdefs.h */
| #define PACKAGE_NAME "6_box"
| #define PACKAGE_TARNAME "6_box"
| #define PACKAGE_VERSION "0.1"
| #define PACKAGE_STRING "6_box 0.1"
| #define PACKAGE_BUGREPORT ""
| #define PACKAGE_URL ""
| #define PACKAGE "6_box"
| #define VERSION "0.1"
| #define GETTEXT_PACKAGE "6_box"
| /* end confdefs.h.  */
| #include <ac_nonexistent.h>
configure:5094: result: gcc -E
configure:5114: gcc -E  conftest.c
configure:5114: $? = 0
configure:5128: gcc -E  conftest.c
conftest.c:12:10: fatal error: ac_nonexistent.h: No such file or directory
 #include <ac_nonexistent.h>
          ^~~~~~~~~~~~~~~~~~
compilation terminated.
configure:5128: $? = 1
configure: failed program was:
| /* confdefs.h */
| #define PACKAGE_NAME "6_box"
| #define PACKAGE_TARNAME "6_box"
| #define PACKAGE_VERSION "0.1"
| #define PACKAGE_STRING "6_box 0.1"
| #define PACKAGE_BUGREPORT ""
| #define PACKAGE_URL ""
| #define PACKAGE "6_box"
| #define VERSION "0.1"
| #define GETTEXT_PACKAGE "6_box"
| /* end confdefs.h.  */
| #include <ac_nonexistent.h>
configure:5157: checking for grep that handles long lines and -e
configure:5215: result: /usr/bin/grep
configure:5220: checking for egrep
configure:5282: result: /usr/bin/grep -E
configure:5287: checking for ANSI C header files
configure:5307: gcc -c -g -O0  conftest.c >&5
configure:5307: $? = 0
configure:5380: gcc -o conftest -g -O0   conftest.c  >&5
configure:5380: $? = 0
configure:5380: ./conftest
configure:5380: $? = 0
configure:5391: result: yes
configure:5404: checking for sys/types.h
configure:5404: gcc -c -g -O0  conftest.c >&5
configure:5404: $? = 0
configure:5404: result: yes
configure:5404: checking for sys/stat.h
configure:5404: gcc -c -g -O0  conftest.c >&5
configure:5404: $? = 0
configure:5404: result: yes
configure:5404: checking for stdlib.h
configure:5404: gcc -c -g -O0  conftest.c >&5
configure:5404: $? = 0
configure:5404: result: yes
configure:5404: checking for string.h
configure:5404: gcc -c -g -O0  conftest.c >&5
configure:5404: $? = 0
configure:5404: result: yes
configure:5404: checking for memory.h
configure:5404: gcc -c -g -O0  conftest.c >&5
configure:5404: $? = 0
configure:5404: result: yes
configure:5404: checking for strings.h
configure:5404: gcc -c -g -O0  conftest.c >&5
configure:5404: $? = 0
configure:5404: result: yes
configure:5404: checking for inttypes.h
configure:5404: gcc -c -g -O0  conftest.c >&5
configure:5404: $? = 0
configure:5404: result: yes
configure:5404: checking for stdint.h
configure:5404: gcc -c -g -O0  conftest.c >&5
configure:5404: $? = 0
configure:5404: result: yes
configure:5404: checking for unistd.h
configure:5404: gcc -c -g -O0  conftest.c >&5
configure:5404: $? = 0
configure:5404: result: yes
configure:5419: checking locale.h usability
configure:5419: gcc -c -g -O0  conftest.c >&5
configure:5419: $? = 0
configure:5419: result: yes
configure:5419: checking locale.h presence
configure:5419: gcc -E  conftest.c
configure:5419: $? = 0
configure:5419: result: yes
configure:5419: checking for locale.h
configure:5419: result: yes
configure:5430: checking for LC_MESSAGES
configure:5446: gcc -o conftest -g -O0   conftest.c  >&5
configure:5446: $? = 0
configure:5454: result: yes
configure:5472: checking for CFPreferencesCopyAppValue
configure:5490: gcc -o conftest -g -O0   conftest.c  -Wl,-framework -Wl,CoreFoundation >&5
conftest.c:24:10: fatal error: CoreFoundation/CFPreferences.h: No such file or directory
 #include <CoreFoundation/CFPreferences.h>
          ^~~~~~~~~~~~~~~~~~~~~~~~~~~~~~~~
compilation terminated.
configure:5490: $? = 1
configure: failed program was:
| /* confdefs.h */
| #define PACKAGE_NAME "6_box"
| #define PACKAGE_TARNAME "6_box"
| #define PACKAGE_VERSION "0.1"
| #define PACKAGE_STRING "6_box 0.1"
| #define PACKAGE_BUGREPORT ""
| #define PACKAGE_URL ""
| #define PACKAGE "6_box"
| #define VERSION "0.1"
| #define GETTEXT_PACKAGE "6_box"
| #define STDC_HEADERS 1
| #define HAVE_SYS_TYPES_H 1
| #define HAVE_SYS_STAT_H 1
| #define HAVE_STDLIB_H 1
| #define HAVE_STRING_H 1
| #define HAVE_MEMORY_H 1
| #define HAVE_STRINGS_H 1
| #define HAVE_INTTYPES_H 1
| #define HAVE_STDINT_H 1
| #define HAVE_UNISTD_H 1
| #define HAVE_LOCALE_H 1
| #define HAVE_LC_MESSAGES 1
| /* end confdefs.h.  */
| #include <CoreFoundation/CFPreferences.h>
| int
| main ()
| {
| CFPreferencesCopyAppValue(NULL, NULL)
|   ;
|   return 0;
| }
configure:5499: result: no
configure:5506: checking for CFLocaleCopyCurrent
configure:5524: gcc -o conftest -g -O0   conftest.c  -Wl,-framework -Wl,CoreFoundation >&5
conftest.c:24:10: fatal error: CoreFoundation/CFLocale.h: No such file or directory
 #include <CoreFoundation/CFLocale.h>
          ^~~~~~~~~~~~~~~~~~~~~~~~~~~
compilation terminated.
configure:5524: $? = 1
configure: failed program was:
| /* confdefs.h */
| #define PACKAGE_NAME "6_box"
| #define PACKAGE_TARNAME "6_box"
| #define PACKAGE_VERSION "0.1"
| #define PACKAGE_STRING "6_box 0.1"
| #define PACKAGE_BUGREPORT ""
| #define PACKAGE_URL ""
| #define PACKAGE "6_box"
| #define VERSION "0.1"
| #define GETTEXT_PACKAGE "6_box"
| #define STDC_HEADERS 1
| #define HAVE_SYS_TYPES_H 1
| #define HAVE_SYS_STAT_H 1
| #define HAVE_STDLIB_H 1
| #define HAVE_STRING_H 1
| #define HAVE_MEMORY_H 1
| #define HAVE_STRINGS_H 1
| #define HAVE_INTTYPES_H 1
| #define HAVE_STDINT_H 1
| #define HAVE_UNISTD_H 1
| #define HAVE_LOCALE_H 1
| #define HAVE_LC_MESSAGES 1
| /* end confdefs.h.  */
| #include <CoreFoundation/CFLocale.h>
| int
| main ()
| {
| CFLocaleCopyCurrent();
|   ;
|   return 0;
| }
configure:5533: result: no
configure:5547: checking libintl.h usability
configure:5547: gcc -c -g -O0  conftest.c >&5
configure:5547: $? = 0
configure:5547: result: yes
configure:5547: checking libintl.h presence
configure:5547: gcc -E  conftest.c
configure:5547: $? = 0
configure:5547: result: yes
configure:5547: checking for libintl.h
configure:5547: result: yes
configure:5555: checking for ngettext in libc
configure:5573: gcc -o conftest -g -O0   conftest.c  >&5
configure:5573: $? = 0
configure:5582: result: yes
configure:5586: checking for dgettext in libc
configure:5604: gcc -o conftest -g -O0   conftest.c  >&5
configure:5604: $? = 0
configure:5613: result: yes
configure:5620: checking for bind_textdomain_codeset
configure:5620: gcc -o conftest -g -O0   conftest.c  >&5
configure:5620: $? = 0
configure:5620: result: yes
configure:5896: checking for msgfmt
configure:5923: result: /usr/bin/msgfmt
configure:5934: checking for dcgettext
configure:5934: gcc -o conftest -g -O0   conftest.c   >&5
conftest.c:49:6: warning: conflicting types for built-in function 'dcgettext' [-Wbuiltin-declaration-mismatch]
 char dcgettext ();
      ^~~~~~~~~
configure:5934: $? = 0
configure:5934: result: yes
configure:5944: checking if msgfmt accepts -c
configure:5959: $MSGFMT -c -o /dev/null conftest.foo
conftest.foo:3: warning: header field 'Language' missing in header
configure:5962: $? = 0
configure:5964: result: yes
configure:5974: checking for gmsgfmt
configure:6005: result: /usr/bin/msgfmt
configure:6015: checking for xgettext
configure:6042: result: /usr/bin/xgettext
configure:6061: gcc -o conftest -g -O0   conftest.c   >&5
configure:6061: $? = 0
configure:6234: checking build system type
configure:6248: result: loongarch64-unknown-linux-gnu
configure:6268: checking host system type
configure:6281: result: loongarch64-unknown-linux-gnu
configure:6322: checking how to print strings
configure:6349: result: printf
configure:6370: checking for a sed that does not truncate output
configure:6434: result: /usr/bin/sed
configure:6452: checking for fgrep
configure:6514: result: /usr/bin/grep -F
configure:6549: checking for ld used by gcc
configure:6616: result: /usr/bin/ld
configure:6623: checking if the linker (/usr/bin/ld) is GNU ld
configure:6638: result: yes
configure:6650: checking for BSD- or MS-compatible name lister (nm)
configure:6704: result: /usr/bin/nm -B
configure:6834: checking the name lister (/usr/bin/nm -B) interface
configure:6841: gcc -c -g -O0  conftest.c >&5
configure:6844: /usr/bin/nm -B "conftest.o"
configure:6847: output
0000000000000032 N .LASF0
0000000000000065 N .LASF1
000000000000000e N .LASF2
0000000000000000 N .LASF3
0000000000000000 N .Ldebug_abbrev0
0000000000000000 N .Ldebug_info0
0000000000000000 N .Ldebug_line0
0000000000000000 B some_variable
configure:6848: result: BSD nm
configure:6851: checking whether ln -s works
configure:6855: result: yes
configure:6863: checking the maximum length of command line arguments
configure:6994: result: 1572864
configure:7042: checking how to convert loongarch64-unknown-linux-gnu file names to loongarch64-unknown-linux-gnu format
configure:7082: result: func_convert_file_noop
configure:7089: checking how to convert loongarch64-unknown-linux-gnu file names to toolchain format
configure:7109: result: func_convert_file_noop
configure:7116: checking for /usr/bin/ld option to reload object files
configure:7123: result: -r
configure:7197: checking for objdump
configure:7213: found /usr/bin/objdump
configure:7224: result: objdump
configure:7256: checking how to recognize dependent libraries
configure:7456: result: pass_all
configure:7541: checking for dlltool
configure:7571: result: no
configure:7601: checking how to associate runtime and link libraries
configure:7628: result: printf %s\n
configure:7688: checking for ar
configure:7704: found /usr/bin/ar
configure:7715: result: ar
configure:7752: checking for archiver @FILE support
configure:7769: gcc -c -g -O0  conftest.c >&5
configure:7769: $? = 0
configure:7772: ar cru libconftest.a @conftest.lst >&5
ar: `u' modifier ignored since `D' is the default (see `U')
configure:7775: $? = 0
configure:7780: ar cru libconftest.a @conftest.lst >&5
ar: `u' modifier ignored since `D' is the default (see `U')
ar: conftest.o: No such file or directory
configure:7783: $? = 1
configure:7782: result: @
configure:7840: checking for strip
configure:7856: found /usr/bin/strip
configure:7867: result: strip
configure:7939: checking for ranlib
configure:7955: found /usr/bin/ranlib
configure:7966: result: ranlib
configure:8068: checking command to parse /usr/bin/nm -B output from gcc object
configure:8221: gcc -c -g -O0  conftest.c >&5
configure:8224: $? = 0
configure:8228: /usr/bin/nm -B conftest.o | sed -n -e 's/^.*[	 ]\([ABCDGIRSTW][ABCDGIRSTW]*\)[	 ][	 ]*\([_A-Za-z][_A-Za-z0-9]*\)$/\1 \2 \2/p' | sed '/ __gnu_lto/d' > conftest.nm
configure:8294: gcc -o conftest -g -O0   conftest.c conftstm.o >&5
configure:8297: $? = 0
configure:8335: result: ok
configure:8382: checking for sysroot
configure:8412: result: no
configure:8419: checking for a working dd
configure:8457: result: /usr/bin/dd
configure:8461: checking how to truncate binary pipes
configure:8476: result: /usr/bin/dd bs=4096 count=1
configure:8805: checking for mt
configure:8821: found /usr/bin/mt
configure:8832: result: mt
configure:8855: checking if mt is a manifest tool
configure:8861: mt '-?'
configure:8869: result: no
configure:9543: checking for dlfcn.h
configure:9543: gcc -c -g -O0  conftest.c >&5
configure:9543: $? = 0
configure:9543: result: yes
configure:9810: checking for objdir
configure:9825: result: .libs
configure:10085: checking if gcc supports -fno-rtti -fno-exceptions
configure:10103: gcc -c -g -O0  -fno-rtti -fno-exceptions conftest.c >&5
cc1: warning: command line option '-fno-rtti' is valid for C++/ObjC++ but not for C
configure:10107: $? = 0
configure:10120: result: no
configure:10478: checking for gcc option to produce PIC
configure:10485: result: -fPIC -DPIC
configure:10493: checking if gcc PIC flag -fPIC -DPIC works
configure:10511: gcc -c -g -O0  -fPIC -DPIC -DPIC conftest.c >&5
configure:10515: $? = 0
configure:10528: result: yes
configure:10557: checking if gcc static flag -static works
configure:10585: result: yes
configure:10600: checking if gcc supports -c -o file.o
configure:10621: gcc -c -g -O0  -o out/conftest2.o conftest.c >&5
configure:10625: $? = 0
configure:10647: result: yes
configure:10655: checking if gcc supports -c -o file.o
configure:10702: result: yes
configure:10735: checking whether the gcc linker (/usr/bin/ld) supports shared libraries
configure:11998: result: yes
configure:12035: checking whether -lc should be explicitly linked in
configure:12043: gcc -c -g -O0  conftest.c >&5
configure:12046: $? = 0
configure:12061: gcc -shared  -fPIC -DPIC conftest.o  -v -Wl,-soname -Wl,conftest -o conftest 2\>\&1 \| /usr/bin/grep  -lc  \>/dev/null 2\>\&1
configure:12064: $? = 0
configure:12078: result: no
configure:12238: checking dynamic linker characteristics
configure:12819: gcc -o conftest -g -O0   -Wl,-rpath -Wl,/foo conftest.c  >&5
configure:12819: $? = 0
configure:13068: result: GNU/Linux ld.so
configure:13190: checking how to hardcode library paths into programs
configure:13215: result: immediate
configure:13763: checking whether stripping libraries is possible
configure:13768: result: yes
configure:13803: checking if libtool supports shared libraries
configure:13805: result: yes
configure:13808: checking whether to build shared libraries
configure:13833: result: yes
configure:13836: checking whether to build static libraries
configure:13840: result: yes
configure:10639: checking how to run the C++ preprocessor
configure:10666: g++ -E  conftest.cpp
configure:10666: $? = 0
configure:10680: g++ -E  conftest.cpp
conftest.cpp:30:10: fatal error: ac_nonexistent.h: No such file or directory
 #include <ac_nonexistent.h>
          ^~~~~~~~~~~~~~~~~~
compilation terminated.
configure:10680: $? = 1
configure: failed program was:
| /* confdefs.h */
| #define PACKAGE_NAME "6_box"
| #define PACKAGE_TARNAME "6_box"
| #define PACKAGE_VERSION "0.1"
| #define PACKAGE_STRING "6_box 0.1"
| #define PACKAGE_BUGREPORT ""
| #define PACKAGE_URL ""
| #define PACKAGE "6_box"
| #define VERSION "0.1"
| #define GETTEXT_PACKAGE "6_box"
| #define STDC_HEADERS 1
| #define HAVE_SYS_TYPES_H 1
| #define HAVE_SYS_STAT_H 1
| #define HAVE_STDLIB_H 1
| #define HAVE_STRING_H 1
| #define HAVE_MEMORY_H 1
| #define HAVE_STRINGS_H 1
| #define HAVE_INTTYPES_H 1
| #define HAVE_STDINT_H 1
| #define HAVE_UNISTD_H 1
| #define HAVE_LOCALE_H 1
| #define HAVE_LC_MESSAGES 1
| #define HAVE_BIND_TEXTDOMAIN_CODESET 1
| #define HAVE_GETTEXT 1
| #define HAVE_DCGETTEXT 1
| #define ENABLE_NLS 1
| #define HAVE_DLFCN_H 1
| #define LT_OBJDIR ".libs/"
| /* end confdefs.h.  */
| #include <ac_nonexistent.h>
configure:10705: result: g++ -E
configure:10725: g++ -E  conftest.cpp
configure:10725: $? = 0
configure:10739: g++ -E  conftest.cpp
conftest.cpp:30:10: fatal error: ac_nonexistent.h: No such file or directory
 #include <ac_nonexistent.h>
          ^~~~~~~~~~~~~~~~~~
compilation terminated.
configure:10739: $? = 1
configure: failed program was:
| /* confdefs.h */
| #define PACKAGE_NAME "6_box"
| #define PACKAGE_TARNAME "6_box"
| #define PACKAGE_VERSION "0.1"
| #define PACKAGE_STRING "6_box 0.1"
| #define PACKAGE_BUGREPORT ""
| #define PACKAGE_URL ""
| #define PACKAGE "6_box"
| #define VERSION "0.1"
| #define GETTEXT_PACKAGE "6_box"
| #define STDC_HEADERS 1
| #define HAVE_SYS_TYPES_H 1
| #define HAVE_SYS_STAT_H 1
| #define HAVE_STDLIB_H 1
| #define HAVE_STRING_H 1
| #define HAVE_MEMORY_H 1
| #define HAVE_STRINGS_H 1
| #define HAVE_INTTYPES_H 1
| #define HAVE_STDINT_H 1
| #define HAVE_UNISTD_H 1
| #define HAVE_LOCALE_H 1
| #define HAVE_LC_MESSAGES 1
| #define HAVE_BIND_TEXTDOMAIN_CODESET 1
| #define HAVE_GETTEXT 1
| #define HAVE_DCGETTEXT 1
| #define ENABLE_NLS 1
| #define HAVE_DLFCN_H 1
| #define LT_OBJDIR ".libs/"
| /* end confdefs.h.  */
| #include <ac_nonexistent.h>
configure:10901: checking for ld used by g++
configure:10968: result: /usr/bin/ld
configure:10975: checking if the linker (/usr/bin/ld) is GNU ld
configure:10990: result: yes
configure:11045: checking whether the g++ linker (/usr/bin/ld) supports shared libraries
configure:12118: result: yes
configure:12154: g++ -c -g -O0  conftest.cpp >&5
configure:12157: $? = 0
configure:12638: checking for g++ option to produce PIC
configure:12645: result: -fPIC -DPIC
configure:12653: checking if g++ PIC flag -fPIC -DPIC works
configure:12671: g++ -c -g -O0  -fPIC -DPIC -DPIC conftest.cpp >&5
configure:12675: $? = 0
configure:12688: result: yes
configure:12711: checking if g++ static flag -static works
configure:12739: result: yes
configure:12751: checking if g++ supports -c -o file.o
configure:12772: g++ -c -g -O0  -o out/conftest2.o conftest.cpp >&5
configure:12776: $? = 0
configure:12798: result: yes
configure:12803: checking if g++ supports -c -o file.o
configure:12850: result: yes
configure:12880: checking whether the g++ linker (/usr/bin/ld) supports shared libraries
configure:12923: result: yes
configure:13064: checking dynamic linker characteristics
configure:13821: result: GNU/Linux ld.so
configure:13886: checking how to hardcode library paths into programs
configure:13911: result: immediate
configure:12859: checking for pkg-config
configure:12877: found /usr/bin/pkg-config
configure:12889: result: /usr/bin/pkg-config
configure:12914: checking pkg-config is at least version 0.9.0
configure:12917: result: yes
configure:12927: checking for _6_BOX
configure:12934: $PKG_CONFIG --exists --print-errors "gtkmm-3.0 "
configure:12937: $? = 0
configure:12951: $PKG_CONFIG --exists --print-errors "gtkmm-3.0 "
configure:12954: $? = 0
configure:13012: result: yes
configure:13123: checking that generated files are newer than configure
configure:13129: result: done
configure:13160: creating ./config.status

## ---------------------- ##
## Running config.status. ##
## ---------------------- ##

This file was extended by 6_box config.status 0.1, which was
generated by GNU Autoconf 2.69.  Invocation command line was

  CONFIG_FILES    = 
  CONFIG_HEADERS  = 
  CONFIG_LINKS    = 
  CONFIG_COMMANDS = 
  $ ./config.status 

on loongnix

config.status:1237: creating Makefile
config.status:1237: creating src/Makefile
config.status:1237: creating po/Makefile.in
config.status:1237: creating config.h
config.status:1451: executing depfiles commands
config.status:1528: cd src       && sed -e '/# am--include-marker/d' Makefile         | make -f - am--depfiles
config.status:1533: $? = 0
config.status:1451: executing default-1 commands
config.status:1451: executing libtool commands
config.status:1451: executing po/stamp-it commands
configure:15592: WARNING: unrecognized options: --enable-maintainer-mode

## ---------------- ##
## Cache variables. ##
## ---------------- ##

ac_cv_build=loongarch64-unknown-linux-gnu
ac_cv_c_compiler_gnu=yes
ac_cv_cxx_compiler_gnu=yes
ac_cv_env_CCC_set=
ac_cv_env_CCC_value=
ac_cv_env_CC_set=
ac_cv_env_CC_value=
ac_cv_env_CFLAGS_set=set
ac_cv_env_CFLAGS_value='-g -O0'
ac_cv_env_CPPFLAGS_set=
ac_cv_env_CPPFLAGS_value=
ac_cv_env_CPP_set=
ac_cv_env_CPP_value=
ac_cv_env_CXXCPP_set=
ac_cv_env_CXXCPP_value=
ac_cv_env_CXXFLAGS_set=set
ac_cv_env_CXXFLAGS_value='-g -O0'
ac_cv_env_CXX_set=
ac_cv_env_CXX_value=
ac_cv_env_LDFLAGS_set=
ac_cv_env_LDFLAGS_value=
ac_cv_env_LIBS_set=
ac_cv_env_LIBS_value=
ac_cv_env_LT_SYS_LIBRARY_PATH_set=
ac_cv_env_LT_SYS_LIBRARY_PATH_value=
ac_cv_env_PKG_CONFIG_LIBDIR_set=
ac_cv_env_PKG_CONFIG_LIBDIR_value=
ac_cv_env_PKG_CONFIG_PATH_set=
ac_cv_env_PKG_CONFIG_PATH_value=
ac_cv_env_PKG_CONFIG_set=
ac_cv_env_PKG_CONFIG_value=
ac_cv_env__6_BOX_CFLAGS_set=
ac_cv_env__6_BOX_CFLAGS_value=
ac_cv_env__6_BOX_LIBS_set=
ac_cv_env__6_BOX_LIBS_value=
ac_cv_env_build_alias_set=
ac_cv_env_build_alias_value=
ac_cv_env_host_alias_set=
ac_cv_env_host_alias_value=
ac_cv_env_target_alias_set=
ac_cv_env_target_alias_value=
ac_cv_func_bind_textdomain_codeset=yes
ac_cv_func_dcgettext=yes
ac_cv_header_dlfcn_h=yes
ac_cv_header_inttypes_h=yes
ac_cv_header_libintl_h=yes
ac_cv_header_locale_h=yes
ac_cv_header_memory_h=yes
ac_cv_header_stdc=yes
ac_cv_header_stdint_h=yes
ac_cv_header_stdlib_h=yes
ac_cv_header_string_h=yes
ac_cv_header_strings_h=yes
ac_cv_header_sys_stat_h=yes
ac_cv_header_sys_types_h=yes
ac_cv_header_unistd_h=yes
ac_cv_host=loongarch64-unknown-linux-gnu
ac_cv_objext=o
ac_cv_path_EGREP='/usr/bin/grep -E'
ac_cv_path_FGREP='/usr/bin/grep -F'
ac_cv_path_GMSGFMT=/usr/bin/msgfmt
ac_cv_path_GREP=/usr/bin/grep
ac_cv_path_INTLTOOL_EXTRACT=/usr/bin/intltool-extract
ac_cv_path_INTLTOOL_MERGE=/usr/bin/intltool-merge
ac_cv_path_INTLTOOL_PERL=/usr/bin/perl
ac_cv_path_INTLTOOL_UPDATE=/usr/bin/intltool-update
ac_cv_path_MSGFMT=/usr/bin/msgfmt
ac_cv_path_MSGMERGE=/usr/bin/msgmerge
ac_cv_path_SED=/usr/bin/sed
ac_cv_path_XGETTEXT=/usr/bin/xgettext
ac_cv_path_ac_pt_PKG_CONFIG=/usr/bin/pkg-config
ac_cv_path_install='/usr/bin/install -c'
ac_cv_path_lt_DD=/usr/bin/dd
ac_cv_path_mkdir=/usr/bin/mkdir
ac_cv_prog_AWK=gawk
ac_cv_prog_CPP='gcc -E'
ac_cv_prog_CXXCPP='g++ -E'
ac_cv_prog_ac_ct_AR=ar
ac_cv_prog_ac_ct_CC=gcc
ac_cv_prog_ac_ct_CXX=g++
ac_cv_prog_ac_ct_MANIFEST_TOOL=mt
ac_cv_prog_ac_ct_OBJDUMP=objdump
ac_cv_prog_ac_ct_RANLIB=ranlib
ac_cv_prog_ac_ct_STRIP=strip
ac_cv_prog_cc_c89=
ac_cv_prog_cc_g=yes
ac_cv_prog_cxx_g=yes
ac_cv_prog_make_make_set=yes
am_cv_CC_dependencies_compiler_type=gcc3
am_cv_CXX_dependencies_compiler_type=gcc3
am_cv_make_support_nested_variables=yes
am_cv_prog_cc_c_o=yes
am_cv_val_LC_MESSAGES=yes
gt_cv_func_CFLocaleCopyCurrent=no
gt_cv_func_CFPreferencesCopyAppValue=no
gt_cv_func_dgettext_libc=yes
gt_cv_func_dgettext_libintl=no
gt_cv_func_ngettext_libc=yes
gt_cv_have_gettext=yes
lt_cv_ar_at_file=@
lt_cv_archive_cmds_need_lc=no
lt_cv_deplibs_check_method=pass_all
lt_cv_file_magic_cmd='$MAGIC_CMD'
lt_cv_file_magic_test_file=
lt_cv_ld_reload_flag=-r
lt_cv_nm_interface='BSD nm'
lt_cv_objdir=.libs
lt_cv_path_LD=/usr/bin/ld
lt_cv_path_LDCXX=/usr/bin/ld
lt_cv_path_NM='/usr/bin/nm -B'
lt_cv_path_mainfest_tool=no
lt_cv_prog_compiler_c_o=yes
lt_cv_prog_compiler_c_o_CXX=yes
lt_cv_prog_compiler_pic='-fPIC -DPIC'
lt_cv_prog_compiler_pic_CXX='-fPIC -DPIC'
lt_cv_prog_compiler_pic_works=yes
lt_cv_prog_compiler_pic_works_CXX=yes
lt_cv_prog_compiler_rtti_exceptions=no
lt_cv_prog_compiler_static_works=yes
lt_cv_prog_compiler_static_works_CXX=yes
lt_cv_prog_gnu_ld=yes
lt_cv_prog_gnu_ldcxx=yes
lt_cv_sharedlib_from_linklib_cmd='printf %s\n'
lt_cv_shlibpath_overrides_runpath=yes
lt_cv_sys_global_symbol_pipe='sed -n -e '\''s/^.*[	 ]\([ABCDGIRSTW][ABCDGIRSTW]*\)[	 ][	 ]*\([_A-Za-z][_A-Za-z0-9]*\)$/\1 \2 \2/p'\'' | sed '\''/ __gnu_lto/d'\'''
lt_cv_sys_global_symbol_to_c_name_address='sed -n -e '\''s/^: \(.*\) .*$/  {"\1", (void *) 0},/p'\'' -e '\''s/^[ABCDGIRSTW][ABCDGIRSTW]* .* \(.*\)$/  {"\1", (void *) \&\1},/p'\'''
lt_cv_sys_global_symbol_to_c_name_address_lib_prefix='sed -n -e '\''s/^: \(.*\) .*$/  {"\1", (void *) 0},/p'\'' -e '\''s/^[ABCDGIRSTW][ABCDGIRSTW]* .* \(lib.*\)$/  {"\1", (void *) \&\1},/p'\'' -e '\''s/^[ABCDGIRSTW][ABCDGIRSTW]* .* \(.*\)$/  {"lib\1", (void *) \&\1},/p'\'''
lt_cv_sys_global_symbol_to_cdecl='sed -n -e '\''s/^T .* \(.*\)$/extern int \1();/p'\'' -e '\''s/^[ABCDGIRSTW][ABCDGIRSTW]* .* \(.*\)$/extern char \1;/p'\'''
lt_cv_sys_global_symbol_to_import=
lt_cv_sys_max_cmd_len=1572864
lt_cv_to_host_file_cmd=func_convert_file_noop
lt_cv_to_tool_file_cmd=func_convert_file_noop
lt_cv_truncate_bin='/usr/bin/dd bs=4096 count=1'
pkg_cv__6_BOX_CFLAGS='-pthread -I/usr/include/gtkmm-3.0 -I/usr/lib/loongarch64-linux-gnu/gtkmm-3.0/include -I/usr/include/atkmm-1.6 -I/usr/include/gtk-3.0/unix-print -I/usr/include/gdkmm-3.0 -I/usr/lib/loongarch64-linux-gnu/gdkmm-3.0/include -I/usr/include/giomm-2.4 -I/usr/lib/loongarch64-linux-gnu/giomm-2.4/include -I/usr/include/pangomm-1.4 -I/usr/lib/loongarch64-linux-gnu/pangomm-1.4/include -I/usr/include/glibmm-2.4 -I/usr/lib/loongarch64-linux-gnu/glibmm-2.4/include -I/usr/include/gtk-3.0 -I/usr/include/at-spi2-atk/2.0 -I/usr/include/at-spi-2.0 -I/usr/include/dbus-1.0 -I/usr/lib/loongarch64-linux-gnu/dbus-1.0/include -I/usr/include/gtk-3.0 -I/usr/include/gio-unix-2.0 -I/usr/include/cairo -I/usr/include/libdrm -I/usr/include/pango-1.0 -I/usr/include/harfbuzz -I/usr/include/pango-1.0 -I/usr/include/fribidi -I/usr/include/atk-1.0 -I/usr/include/cairo -I/usr/include/cairomm-1.0 -I/usr/lib/loongarch64-linux-gnu/cairomm-1.0/include -I/usr/include/cairo -I/usr/include/pixman-1 -I/usr/include/freetype2 -I/usr/include/libpng16 -I/usr/include/sigc++-2.0 -I/usr/lib/loongarch64-linux-gnu/sigc++-2.0/include -I/usr/include/gdk-pixbuf-2.0 -I/usr/include/libmount -I/usr/include/blkid -I/usr/include/uuid -I/usr/include/glib-2.0 -I/usr/lib/loongarch64-linux-gnu/glib-2.0/include'
pkg_cv__6_BOX_LIBS='-lgtkmm-3.0 -latkmm-1.6 -lgdkmm-3.0 -lgiomm-2.4 -lpangomm-1.4 -lglibmm-2.4 -lgtk-3 -lgdk-3 -lpangocairo-1.0 -lpango-1.0 -latk-1.0 -lcairo-gobject -lgio-2.0 -lcairomm-1.0 -lcairo -lsigc-2.0 -lgdk_pixbuf-2.0 -lgobject-2.0 -lglib-2.0'

## ----------------- ##
## Output variables. ##
## ----------------- ##

ACLOCAL='${SHELL} /home/tiger/linux/gtkmm/6-box/missing aclocal-1.16'
ALL_LINGUAS=''
AMDEPBACKSLASH='\'
AMDEP_FALSE='#'
AMDEP_TRUE=''
AMTAR='$${TAR-tar}'
AM_BACKSLASH='\'
AM_DEFAULT_V='$(AM_DEFAULT_VERBOSITY)'
AM_DEFAULT_VERBOSITY='0'
AM_V='$(V)'
AR='ar'
AUTOCONF='${SHELL} /home/tiger/linux/gtkmm/6-box/missing autoconf'
AUTOHEADER='${SHELL} /home/tiger/linux/gtkmm/6-box/missing autoheader'
AUTOMAKE='${SHELL} /home/tiger/linux/gtkmm/6-box/missing automake-1.16'
AWK='gawk'
CATALOGS=''
CATOBJEXT='.gmo'
CC='gcc'
CCDEPMODE='depmode=gcc3'
CFLAGS='-g -O0'
CPP='gcc -E'
CPPFLAGS=''
CXX='g++'
CXXCPP='g++ -E'
CXXDEPMODE='depmode=gcc3'
CXXFLAGS='-g -O0'
CYGPATH_W='echo'
DATADIRNAME='share'
DEFS='-DHAVE_CONFIG_H'
DEPDIR='.deps'
DLLTOOL='false'
DSYMUTIL=''
DUMPBIN=''
ECHO_C=''
ECHO_N='-n'
ECHO_T=''
EGREP='/usr/bin/grep -E'
EXEEXT=''
FGREP='/usr/bin/grep -F'
GETTEXT_PACKAGE='6_box'
GMOFILES=''
GMSGFMT='/usr/bin/msgfmt'
GREP='/usr/bin/grep'
INSTALL_DATA='${INSTALL} -m 644'
INSTALL_PROGRAM='${INSTALL}'
INSTALL_SCRIPT='${INSTALL}'
INSTALL_STRIP_PROGRAM='$(install_sh) -c -s'
INSTOBJEXT='.mo'
INTLLIBS=''
INTLTOOL_CAVES_RULE='%.caves:     %.caves.in     $(INTLTOOL_MERGE) $(wildcard $(top_srcdir)/po/*.po) ; $(INTLTOOL_V_MERGE)LC_ALL=C $(INTLTOOL_MERGE) $(INTLTOOL_V_MERGE_OPTIONS) -d -u -c $(top_builddir)/po/.intltool-merge-cache $(top_srcdir)/po $< $@'
INTLTOOL_DESKTOP_RULE='%.desktop:   %.desktop.in   $(INTLTOOL_MERGE) $(wildcard $(top_srcdir)/po/*.po) ; $(INTLTOOL_V_MERGE)LC_ALL=C $(INTLTOOL_MERGE) $(INTLTOOL_V_MERGE_OPTIONS) -d -u -c $(top_builddir)/po/.intltool-merge-cache $(top_srcdir)/po $< $@'
INTLTOOL_DIRECTORY_RULE='%.directory: %.directory.in $(INTLTOOL_MERGE) $(wildcard $(top_srcdir)/po/*.po) ; $(INTLTOOL_V_MERGE)LC_ALL=C $(INTLTOOL_MERGE) $(INTLTOOL_V_MERGE_OPTIONS) -d -u -c $(top_builddir)/po/.intltool-merge-cache $(top_srcdir)/po $< $@'
INTLTOOL_EXTRACT='/usr/bin/intltool-extract'
INTLTOOL_KBD_RULE='%.kbd:       %.kbd.in       $(INTLTOOL_MERGE) $(wildcard $(top_srcdir)/po/*.po) ; $(INTLTOOL_V_MERGE)LC_ALL=C $(INTLTOOL_MERGE) $(INTLTOOL_V_MERGE_OPTIONS) -x -u -m -c $(top_builddir)/po/.intltool-merge-cache $(top_srcdir)/po $< $@'
INTLTOOL_KEYS_RULE='%.keys:      %.keys.in      $(INTLTOOL_MERGE) $(wildcard $(top_srcdir)/po/*.po) ; $(INTLTOOL_V_MERGE)LC_ALL=C $(INTLTOOL_MERGE) $(INTLTOOL_V_MERGE_OPTIONS) -k -u -c $(top_builddir)/po/.intltool-merge-cache $(top_srcdir)/po $< $@'
INTLTOOL_MERGE='/usr/bin/intltool-merge'
INTLTOOL_OAF_RULE='%.oaf:       %.oaf.in       $(INTLTOOL_MERGE) $(wildcard $(top_srcdir)/po/*.po) ; $(INTLTOOL_V_MERGE)LC_ALL=C $(INTLTOOL_MERGE) $(INTLTOOL_V_MERGE_OPTIONS) -o -p $(top_srcdir)/po $< $@'
INTLTOOL_PERL='/usr/bin/perl'
INTLTOOL_POLICY_RULE='%.policy:    %.policy.in    $(INTLTOOL_MERGE) $(wildcard $(top_srcdir)/po/*.po) ; $(INTLTOOL_V_MERGE)LC_ALL=C $(INTLTOOL_MERGE) $(INTLTOOL_V_MERGE_OPTIONS) -x -u -c $(top_builddir)/po/.intltool-merge-cache $(top_srcdir)/po $< $@'
INTLTOOL_PONG_RULE='%.pong:      %.pong.in      $(INTLTOOL_MERGE) $(wildcard $(top_srcdir)/po/*.po) ; $(INTLTOOL_V_MERGE)LC_ALL=C $(INTLTOOL_MERGE) $(INTLTOOL_V_MERGE_OPTIONS) -x -u -c $(top_builddir)/po/.intltool-merge-cache $(top_srcdir)/po $< $@'
INTLTOOL_PROP_RULE='%.prop:      %.prop.in      $(INTLTOOL_MERGE) $(wildcard $(top_srcdir)/po/*.po) ; $(INTLTOOL_V_MERGE)LC_ALL=C $(INTLTOOL_MERGE) $(INTLTOOL_V_MERGE_OPTIONS) -d -u -c $(top_builddir)/po/.intltool-merge-cache $(top_srcdir)/po $< $@'
INTLTOOL_SCHEMAS_RULE='%.schemas:   %.schemas.in   $(INTLTOOL_MERGE) $(wildcard $(top_srcdir)/po/*.po) ; $(INTLTOOL_V_MERGE)LC_ALL=C $(INTLTOOL_MERGE) $(INTLTOOL_V_MERGE_OPTIONS) -s -u -c $(top_builddir)/po/.intltool-merge-cache $(top_srcdir)/po $< $@'
INTLTOOL_SERVER_RULE='%.server:    %.server.in    $(INTLTOOL_MERGE) $(wildcard $(top_srcdir)/po/*.po) ; $(INTLTOOL_V_MERGE)LC_ALL=C $(INTLTOOL_MERGE) $(INTLTOOL_V_MERGE_OPTIONS) -o -u -c $(top_builddir)/po/.intltool-merge-cache $(top_srcdir)/po $< $@'
INTLTOOL_SERVICE_RULE='%.service: %.service.in   $(INTLTOOL_MERGE) $(wildcard $(top_srcdir)/po/*.po) ; $(INTLTOOL_V_MERGE)LC_ALL=C $(INTLTOOL_MERGE) $(INTLTOOL_V_MERGE_OPTIONS) -d -u -c $(top_builddir)/po/.intltool-merge-cache $(top_srcdir)/po $< $@'
INTLTOOL_SHEET_RULE='%.sheet:     %.sheet.in     $(INTLTOOL_MERGE) $(wildcard $(top_srcdir)/po/*.po) ; $(INTLTOOL_V_MERGE)LC_ALL=C $(INTLTOOL_MERGE) $(INTLTOOL_V_MERGE_OPTIONS) -x -u -c $(top_builddir)/po/.intltool-merge-cache $(top_srcdir)/po $< $@'
INTLTOOL_SOUNDLIST_RULE='%.soundlist: %.soundlist.in $(INTLTOOL_MERGE) $(wildcard $(top_srcdir)/po/*.po) ; $(INTLTOOL_V_MERGE)LC_ALL=C $(INTLTOOL_MERGE) $(INTLTOOL_V_MERGE_OPTIONS) -d -u -c $(top_builddir)/po/.intltool-merge-cache $(top_srcdir)/po $< $@'
INTLTOOL_THEME_RULE='%.theme:     %.theme.in     $(INTLTOOL_MERGE) $(wildcard $(top_srcdir)/po/*.po) ; $(INTLTOOL_V_MERGE)LC_ALL=C $(INTLTOOL_MERGE) $(INTLTOOL_V_MERGE_OPTIONS) -d -u -c $(top_builddir)/po/.intltool-merge-cache $(top_srcdir)/po $< $@'
INTLTOOL_UI_RULE='%.ui:        %.ui.in        $(INTLTOOL_MERGE) $(wildcard $(top_srcdir)/po/*.po) ; $(INTLTOOL_V_MERGE)LC_ALL=C $(INTLTOOL_MERGE) $(INTLTOOL_V_MERGE_OPTIONS) -x -u -c $(top_builddir)/po/.intltool-merge-cache $(top_srcdir)/po $< $@'
INTLTOOL_UPDATE='/usr/bin/intltool-update'
INTLTOOL_V_MERGE='$(INTLTOOL__v_MERGE_$(V))'
INTLTOOL_V_MERGE_OPTIONS='$(intltool__v_merge_options_$(V))'
INTLTOOL_XAM_RULE='%.xam:       %.xml.in       $(INTLTOOL_MERGE) $(wildcard $(top_srcdir)/po/*.po) ; $(INTLTOOL_V_MERGE)LC_ALL=C $(INTLTOOL_MERGE) $(INTLTOOL_V_MERGE_OPTIONS) -x -u -c $(top_builddir)/po/.intltool-merge-cache $(top_srcdir)/po $< $@'
INTLTOOL_XML_NOMERGE_RULE='%.xml:       %.xml.in       $(INTLTOOL_MERGE) ; $(INTLTOOL_V_MERGE)LC_ALL=C $(INTLTOOL_MERGE) $(INTLTOOL_V_MERGE_OPTIONS) -x -u --no-translations $< $@'
INTLTOOL_XML_RULE='%.xml:       %.xml.in       $(INTLTOOL_MERGE) $(wildcard $(top_srcdir)/po/*.po) ; $(INTLTOOL_V_MERGE)LC_ALL=C $(INTLTOOL_MERGE) $(INTLTOOL_V_MERGE_OPTIONS) -x -u -c $(top_builddir)/po/.intltool-merge-cache $(top_srcdir)/po $< $@'
INTLTOOL__v_MERGE_0='@echo "  ITMRG " $@;'
INTLTOOL__v_MERGE_='$(INTLTOOL__v_MERGE_$(AM_DEFAULT_VERBOSITY))'
INTL_MACOSX_LIBS=''
LD='/usr/bin/ld'
LDFLAGS=''
LIBOBJS=''
LIBS=''
LIBTOOL='$(SHELL) $(top_builddir)/libtool'
LIPO=''
LN_S='ln -s'
LTLIBOBJS=''
LT_SYS_LIBRARY_PATH=''
MAKEINFO='${SHELL} /home/tiger/linux/gtkmm/6-box/missing makeinfo'
MANIFEST_TOOL=':'
MKDIR_P='/usr/bin/mkdir -p'
MKINSTALLDIRS='/home/tiger/linux/gtkmm/6-box/mkinstalldirs'
MSGFMT='/usr/bin/msgfmt'
MSGFMT_OPTS='-c'
MSGMERGE='/usr/bin/msgmerge'
NM='/usr/bin/nm -B'
NMEDIT=''
OBJDUMP='objdump'
OBJEXT='o'
OTOOL64=''
OTOOL=''
PACKAGE='6_box'
PACKAGE_BUGREPORT=''
PACKAGE_NAME='6_box'
PACKAGE_STRING='6_box 0.1'
PACKAGE_TARNAME='6_box'
PACKAGE_URL=''
PACKAGE_VERSION='0.1'
PATH_SEPARATOR=':'
PKG_CONFIG='/usr/bin/pkg-config'
PKG_CONFIG_LIBDIR=''
PKG_CONFIG_PATH=''
POFILES=''
POSUB='po'
PO_IN_DATADIR_FALSE=''
PO_IN_DATADIR_TRUE=''
RANLIB='ranlib'
SED='/usr/bin/sed'
SET_MAKE=''
SHELL='/bin/bash'
STRIP='strip'
USE_NLS='yes'
VERSION='0.1'
XGETTEXT='/usr/bin/xgettext'
_6_BOX_CFLAGS='-pthread -I/usr/include/gtkmm-3.0 -I/usr/lib/loongarch64-linux-gnu/gtkmm-3.0/include -I/usr/include/atkmm-1.6 -I/usr/include/gtk-3.0/unix-print -I/usr/include/gdkmm-3.0 -I/usr/lib/loongarch64-linux-gnu/gdkmm-3.0/include -I/usr/include/giomm-2.4 -I/usr/lib/loongarch64-linux-gnu/giomm-2.4/include -I/usr/include/pangomm-1.4 -I/usr/lib/loongarch64-linux-gnu/pangomm-1.4/include -I/usr/include/glibmm-2.4 -I/usr/lib/loongarch64-linux-gnu/glibmm-2.4/include -I/usr/include/gtk-3.0 -I/usr/include/at-spi2-atk/2.0 -I/usr/include/at-spi-2.0 -I/usr/include/dbus-1.0 -I/usr/lib/loongarch64-linux-gnu/dbus-1.0/include -I/usr/include/gtk-3.0 -I/usr/include/gio-unix-2.0 -I/usr/include/cairo -I/usr/include/libdrm -I/usr/include/pango-1.0 -I/usr/include/harfbuzz -I/usr/include/pango-1.0 -I/usr/include/fribidi -I/usr/include/atk-1.0 -I/usr/include/cairo -I/usr/include/cairomm-1.0 -I/usr/lib/loongarch64-linux-gnu/cairomm-1.0/include -I/usr/include/cairo -I/usr/include/pixman-1 -I/usr/include/freetype2 -I/usr/include/libpng16 -I/usr/include/sigc++-2.0 -I/usr/lib/loongarch64-linux-gnu/sigc++-2.0/include -I/usr/include/gdk-pixbuf-2.0 -I/usr/include/libmount -I/usr/include/blkid -I/usr/include/uuid -I/usr/include/glib-2.0 -I/usr/lib/loongarch64-linux-gnu/glib-2.0/include'
_6_BOX_LIBS='-lgtkmm-3.0 -latkmm-1.6 -lgdkmm-3.0 -lgiomm-2.4 -lpangomm-1.4 -lglibmm-2.4 -lgtk-3 -lgdk-3 -lpangocairo-1.0 -lpango-1.0 -latk-1.0 -lcairo-gobject -lgio-2.0 -lcairomm-1.0 -lcairo -lsigc-2.0 -lgdk_pixbuf-2.0 -lgobject-2.0 -lglib-2.0'
ac_ct_AR='ar'
ac_ct_CC='gcc'
ac_ct_CXX='g++'
ac_ct_DUMPBIN=''
am__EXEEXT_FALSE=''
am__EXEEXT_TRUE='#'
am__fastdepCC_FALSE='#'
am__fastdepCC_TRUE=''
am__fastdepCXX_FALSE='#'
am__fastdepCXX_TRUE=''
am__include='include'
am__isrc=' -I$(srcdir)'
am__leading_dot='.'
am__nodep='_no'
am__quote=''
am__tar='$${TAR-tar} chof - "$$tardir"'
am__untar='$${TAR-tar} xf -'
bindir='${exec_prefix}/bin'
build='loongarch64-unknown-linux-gnu'
build_alias=''
build_cpu='loongarch64'
build_os='linux-gnu'
build_vendor='unknown'
datadir='${datarootdir}'
datarootdir='${prefix}/share'
docdir='${datarootdir}/doc/${PACKAGE_TARNAME}'
dvidir='${docdir}'
exec_prefix='${prefix}'
host='loongarch64-unknown-linux-gnu'
host_alias=''
host_cpu='loongarch64'
host_os='linux-gnu'
host_vendor='unknown'
htmldir='${docdir}'
includedir='${prefix}/include'
infodir='${datarootdir}/info'
install_sh='${SHELL} /home/tiger/linux/gtkmm/6-box/install-sh'
intltool__v_merge_options_0='-q'
intltool__v_merge_options_='$(intltool__v_merge_options_$(AM_DEFAULT_VERBOSITY))'
libdir='${exec_prefix}/lib'
libexecdir='${exec_prefix}/libexec'
localedir='${datarootdir}/locale'
localstatedir='${prefix}/var'
mandir='${datarootdir}/man'
mkdir_p='$(MKDIR_P)'
oldincludedir='/usr/include'
pdfdir='${docdir}'
prefix='/usr/local'
program_transform_name='s,x,x,'
psdir='${docdir}'
runstatedir='${localstatedir}/run'
sbindir='${exec_prefix}/sbin'
sharedstatedir='${prefix}/com'
sysconfdir='${prefix}/etc'
target_alias=''

## ----------- ##
## confdefs.h. ##
## ----------- ##

/* confdefs.h */
#define PACKAGE_NAME "6_box"
#define PACKAGE_TARNAME "6_box"
#define PACKAGE_VERSION "0.1"
#define PACKAGE_STRING "6_box 0.1"
#define PACKAGE_BUGREPORT ""
#define PACKAGE_URL ""
#define PACKAGE "6_box"
#define VERSION "0.1"
#define GETTEXT_PACKAGE "6_box"
#define STDC_HEADERS 1
#define HAVE_SYS_TYPES_H 1
#define HAVE_SYS_STAT_H 1
#define HAVE_STDLIB_H 1
#define HAVE_STRING_H 1
#define HAVE_MEMORY_H 1
#define HAVE_STRINGS_H 1
#define HAVE_INTTYPES_H 1
#define HAVE_STDINT_H 1
#define HAVE_UNISTD_H 1
#define HAVE_LOCALE_H 1
#define HAVE_LC_MESSAGES 1
#define HAVE_BIND_TEXTDOMAIN_CODESET 1
#define HAVE_GETTEXT 1
#define HAVE_DCGETTEXT 1
#define ENABLE_NLS 1
#define HAVE_DLFCN_H 1
#define LT_OBJDIR ".libs/"

configure: exit 0
