The system is: Linux - 4.19.0-17-loongson-3 - loongarch64
Compiling the C compiler identification source file "CMakeCCompilerId.c" succeeded.
Compiler: /usr/bin/cc 
Build flags: 
Id flags:  

The output was:
0


Compilation of the C compiler identification source "CMakeCCompilerId.c" produced "a.out"

The C compiler identification is GNU, found in "/home/tiger/linux/GTK/cmake-build-Debug/29-cmake/CMakeFiles/3.22.2/CompilerIdC/a.out"

Compiling the CXX compiler identification source file "CMakeCXXCompilerId.cpp" succeeded.
Compiler: /usr/bin/c++ 
Build flags: 
Id flags:  

The output was:
0


Compilation of the CXX compiler identification source "CMakeCXXCompilerId.cpp" produced "a.out"

The CXX compiler identification is GNU, found in "/home/tiger/linux/GTK/cmake-build-Debug/29-cmake/CMakeFiles/3.22.2/CompilerIdCXX/a.out"

Detecting C compiler ABI info compiled with the following output:
Change Dir: /home/tiger/linux/GTK/cmake-build-Debug/29-cmake/CMakeFiles/CMakeTmp

Run Build Command(s):/usr/bin/make -f Makefile cmTC_cb6fb/fast && /usr/bin/make  -f CMakeFiles/cmTC_cb6fb.dir/build.make CMakeFiles/cmTC_cb6fb.dir/build
make[1]: Entering directory '/home/tiger/linux/GTK/cmake-build-Debug/29-cmake/CMakeFiles/CMakeTmp'
Building C object CMakeFiles/cmTC_cb6fb.dir/CMakeCCompilerABI.c.o
/usr/bin/cc   -v -o CMakeFiles/cmTC_cb6fb.dir/CMakeCCompilerABI.c.o -c /usr/local/share/cmake-3.22/Modules/CMakeCCompilerABI.c
Using built-in specs.
COLLECT_GCC=/usr/bin/cc
Target: loongarch64-linux-gnu
Configured with: ../src/configure -v --with-pkgversion='Loongnix 8.3.0-6.lnd.vec.30' --with-bugurl=file:///usr/share/doc/gcc-8/README.Bugs --enable-languages=c,c++,fortran --prefix=/usr --with-gcc-major-version-only --program-suffix=-8 --program-prefix=loongarch64-linux-gnu- --enable-shared --enable-linker-build-id --libexecdir=/usr/lib --without-included-gettext --enable-threads=posix --libdir=/usr/lib --enable-nls --enable-clocale=gnu --enable-libstdcxx-debug --enable-libstdcxx-time=yes --with-default-libstdcxx-abi=new --enable-gnu-unique-object --disable-libitm --disable-libsanitizer --disable-libquadmath --disable-libquadmath-support --enable-plugin --with-system-zlib --enable-multiarch --disable-werror --with-arch=loongarch64 --with-abi=lp64 --enable-tls --disable-host-shared --disable-emultls --enable-checking=release --build=loongarch64-linux-gnu --host=loongarch64-linux-gnu --target=loongarch64-linux-gnu
Thread model: posix
gcc version 8.3.0 (Loongnix 8.3.0-6.lnd.vec.30) 
COLLECT_GCC_OPTIONS='-v' '-o' 'CMakeFiles/cmTC_cb6fb.dir/CMakeCCompilerABI.c.o' '-c' '-march=loongarch64' '-mabi=lp64'
 /usr/lib/gcc/loongarch64-linux-gnu/8/cc1 -quiet -v -imultiarch loongarch64-linux-gnu /usr/local/share/cmake-3.22/Modules/CMakeCCompilerABI.c -quiet -dumpbase CMakeCCompilerABI.c -march=loongarch64 -mabi=lp64 -auxbase-strip CMakeFiles/cmTC_cb6fb.dir/CMakeCCompilerABI.c.o -version -o /tmp/ccTYHjcf.s
GNU C17 (Loongnix 8.3.0-6.lnd.vec.30) version 8.3.0 (loongarch64-linux-gnu)
	compiled by GNU C version 8.3.0, GMP version 6.1.2, MPFR version 4.0.2, MPC version 1.1.0, isl version isl-0.20-GMP

GGC heuristics: --param ggc-min-expand=100 --param ggc-min-heapsize=131072
ignoring nonexistent directory "/usr/local/include/loongarch64-linux-gnu"
ignoring nonexistent directory "/usr/lib/gcc/loongarch64-linux-gnu/8/../../../../loongarch64-linux-gnu/include"
#include "..." search starts here:
#include <...> search starts here:
 /usr/lib/gcc/loongarch64-linux-gnu/8/include
 /usr/local/include
 /usr/lib/gcc/loongarch64-linux-gnu/8/include-fixed
 /usr/include/loongarch64-linux-gnu
 /usr/include
End of search list.
GNU C17 (Loongnix 8.3.0-6.lnd.vec.30) version 8.3.0 (loongarch64-linux-gnu)
	compiled by GNU C version 8.3.0, GMP version 6.1.2, MPFR version 4.0.2, MPC version 1.1.0, isl version isl-0.20-GMP

GGC heuristics: --param ggc-min-expand=100 --param ggc-min-heapsize=131072
Compiler executable checksum: 8029ef5209f1c1e9e0faf67eb88dfdc8
COLLECT_GCC_OPTIONS='-v' '-o' 'CMakeFiles/cmTC_cb6fb.dir/CMakeCCompilerABI.c.o' '-c' '-march=loongarch64' '-mabi=lp64'
 as -v -mabi=lp64 -o CMakeFiles/cmTC_cb6fb.dir/CMakeCCompilerABI.c.o /tmp/ccTYHjcf.s
GNU assembler version 2.31.1 (loongarch64-linux-gnu) using BFD version (GNU Binutils for Loongnix) 2.31.1-system.20190122
COMPILER_PATH=/usr/lib/gcc/loongarch64-linux-gnu/8/:/usr/lib/gcc/loongarch64-linux-gnu/8/:/usr/lib/gcc/loongarch64-linux-gnu/:/usr/lib/gcc/loongarch64-linux-gnu/8/:/usr/lib/gcc/loongarch64-linux-gnu/
LIBRARY_PATH=/usr/lib/gcc/loongarch64-linux-gnu/8/:/lib64/../lib/:/usr/lib64/../lib/:/lib/loongarch64-linux-gnu/:/lib/../lib/:/usr/lib/loongarch64-linux-gnu/:/usr/lib/../lib/:/lib64/:/usr/lib64/:/lib/:/usr/lib/
COLLECT_GCC_OPTIONS='-v' '-o' 'CMakeFiles/cmTC_cb6fb.dir/CMakeCCompilerABI.c.o' '-c' '-march=loongarch64' '-mabi=lp64'
Linking C executable cmTC_cb6fb
/usr/local/bin/cmake -E cmake_link_script CMakeFiles/cmTC_cb6fb.dir/link.txt --verbose=1
/usr/bin/cc  -v -rdynamic CMakeFiles/cmTC_cb6fb.dir/CMakeCCompilerABI.c.o -o cmTC_cb6fb 
Using built-in specs.
COLLECT_GCC=/usr/bin/cc
COLLECT_LTO_WRAPPER=/usr/lib/gcc/loongarch64-linux-gnu/8/lto-wrapper
Target: loongarch64-linux-gnu
Configured with: ../src/configure -v --with-pkgversion='Loongnix 8.3.0-6.lnd.vec.30' --with-bugurl=file:///usr/share/doc/gcc-8/README.Bugs --enable-languages=c,c++,fortran --prefix=/usr --with-gcc-major-version-only --program-suffix=-8 --program-prefix=loongarch64-linux-gnu- --enable-shared --enable-linker-build-id --libexecdir=/usr/lib --without-included-gettext --enable-threads=posix --libdir=/usr/lib --enable-nls --enable-clocale=gnu --enable-libstdcxx-debug --enable-libstdcxx-time=yes --with-default-libstdcxx-abi=new --enable-gnu-unique-object --disable-libitm --disable-libsanitizer --disable-libquadmath --disable-libquadmath-support --enable-plugin --with-system-zlib --enable-multiarch --disable-werror --with-arch=loongarch64 --with-abi=lp64 --enable-tls --disable-host-shared --disable-emultls --enable-checking=release --build=loongarch64-linux-gnu --host=loongarch64-linux-gnu --target=loongarch64-linux-gnu
Thread model: posix
gcc version 8.3.0 (Loongnix 8.3.0-6.lnd.vec.30) 
COMPILER_PATH=/usr/lib/gcc/loongarch64-linux-gnu/8/:/usr/lib/gcc/loongarch64-linux-gnu/8/:/usr/lib/gcc/loongarch64-linux-gnu/:/usr/lib/gcc/loongarch64-linux-gnu/8/:/usr/lib/gcc/loongarch64-linux-gnu/
LIBRARY_PATH=/usr/lib/gcc/loongarch64-linux-gnu/8/:/lib64/../lib/:/usr/lib64/../lib/:/lib/loongarch64-linux-gnu/:/lib/../lib/:/usr/lib/loongarch64-linux-gnu/:/usr/lib/../lib/:/lib64/:/usr/lib64/:/lib/:/usr/lib/
COLLECT_GCC_OPTIONS='-v' '-rdynamic' '-o' 'cmTC_cb6fb' '-march=loongarch64' '-mabi=lp64'
 /usr/lib/gcc/loongarch64-linux-gnu/8/collect2 -plugin /usr/lib/gcc/loongarch64-linux-gnu/8/liblto_plugin.so -plugin-opt=/usr/lib/gcc/loongarch64-linux-gnu/8/lto-wrapper -plugin-opt=-fresolution=/tmp/ccXraiMh.res -plugin-opt=-pass-through=-lgcc -plugin-opt=-pass-through=-lgcc_s -plugin-opt=-pass-through=-lc -plugin-opt=-pass-through=-lgcc -plugin-opt=-pass-through=-lgcc_s --build-id --eh-frame-hdr -export-dynamic -dynamic-linker /lib64/ld.so.1 -melf64loongarch -o cmTC_cb6fb /lib/loongarch64-linux-gnu/crt1.o /lib/loongarch64-linux-gnu/crti.o /usr/lib/gcc/loongarch64-linux-gnu/8/crtbegin.o -L/usr/lib/gcc/loongarch64-linux-gnu/8 -L/lib64/../lib -L/usr/lib64/../lib -L/lib/loongarch64-linux-gnu -L/lib/../lib -L/usr/lib/loongarch64-linux-gnu -L/usr/lib/../lib -L/lib64 -L/usr/lib64 CMakeFiles/cmTC_cb6fb.dir/CMakeCCompilerABI.c.o -lgcc --push-state --as-needed -lgcc_s --pop-state -lc -lgcc --push-state --as-needed -lgcc_s --pop-state /usr/lib/gcc/loongarch64-linux-gnu/8/crtend.o /lib/loongarch64-linux-gnu/crtn.o
COLLECT_GCC_OPTIONS='-v' '-rdynamic' '-o' 'cmTC_cb6fb' '-march=loongarch64' '-mabi=lp64'
make[1]: Leaving directory '/home/tiger/linux/GTK/cmake-build-Debug/29-cmake/CMakeFiles/CMakeTmp'



Parsed C implicit include dir info from above output: rv=done
  found start of include info
  found start of implicit include info
    add: [/usr/lib/gcc/loongarch64-linux-gnu/8/include]
    add: [/usr/local/include]
    add: [/usr/lib/gcc/loongarch64-linux-gnu/8/include-fixed]
    add: [/usr/include/loongarch64-linux-gnu]
    add: [/usr/include]
  end of search list found
  collapse include dir [/usr/lib/gcc/loongarch64-linux-gnu/8/include] ==> [/usr/lib/gcc/loongarch64-linux-gnu/8/include]
  collapse include dir [/usr/local/include] ==> [/usr/local/include]
  collapse include dir [/usr/lib/gcc/loongarch64-linux-gnu/8/include-fixed] ==> [/usr/lib/gcc/loongarch64-linux-gnu/8/include-fixed]
  collapse include dir [/usr/include/loongarch64-linux-gnu] ==> [/usr/include/loongarch64-linux-gnu]
  collapse include dir [/usr/include] ==> [/usr/include]
  implicit include dirs: [/usr/lib/gcc/loongarch64-linux-gnu/8/include;/usr/local/include;/usr/lib/gcc/loongarch64-linux-gnu/8/include-fixed;/usr/include/loongarch64-linux-gnu;/usr/include]


Parsed C implicit link information from above output:
  link line regex: [^( *|.*[/\])(ld|CMAKE_LINK_STARTFILE-NOTFOUND|([^/\]+-)?ld|collect2)[^/\]*( |$)]
  ignore line: [Change Dir: /home/tiger/linux/GTK/cmake-build-Debug/29-cmake/CMakeFiles/CMakeTmp]
  ignore line: []
  ignore line: [Run Build Command(s):/usr/bin/make -f Makefile cmTC_cb6fb/fast && /usr/bin/make  -f CMakeFiles/cmTC_cb6fb.dir/build.make CMakeFiles/cmTC_cb6fb.dir/build]
  ignore line: [make[1]: Entering directory '/home/tiger/linux/GTK/cmake-build-Debug/29-cmake/CMakeFiles/CMakeTmp']
  ignore line: [Building C object CMakeFiles/cmTC_cb6fb.dir/CMakeCCompilerABI.c.o]
  ignore line: [/usr/bin/cc   -v -o CMakeFiles/cmTC_cb6fb.dir/CMakeCCompilerABI.c.o -c /usr/local/share/cmake-3.22/Modules/CMakeCCompilerABI.c]
  ignore line: [Using built-in specs.]
  ignore line: [COLLECT_GCC=/usr/bin/cc]
  ignore line: [Target: loongarch64-linux-gnu]
  ignore line: [Configured with: ../src/configure -v --with-pkgversion='Loongnix 8.3.0-6.lnd.vec.30' --with-bugurl=file:///usr/share/doc/gcc-8/README.Bugs --enable-languages=c c++ fortran --prefix=/usr --with-gcc-major-version-only --program-suffix=-8 --program-prefix=loongarch64-linux-gnu- --enable-shared --enable-linker-build-id --libexecdir=/usr/lib --without-included-gettext --enable-threads=posix --libdir=/usr/lib --enable-nls --enable-clocale=gnu --enable-libstdcxx-debug --enable-libstdcxx-time=yes --with-default-libstdcxx-abi=new --enable-gnu-unique-object --disable-libitm --disable-libsanitizer --disable-libquadmath --disable-libquadmath-support --enable-plugin --with-system-zlib --enable-multiarch --disable-werror --with-arch=loongarch64 --with-abi=lp64 --enable-tls --disable-host-shared --disable-emultls --enable-checking=release --build=loongarch64-linux-gnu --host=loongarch64-linux-gnu --target=loongarch64-linux-gnu]
  ignore line: [Thread model: posix]
  ignore line: [gcc version 8.3.0 (Loongnix 8.3.0-6.lnd.vec.30) ]
  ignore line: [COLLECT_GCC_OPTIONS='-v' '-o' 'CMakeFiles/cmTC_cb6fb.dir/CMakeCCompilerABI.c.o' '-c' '-march=loongarch64' '-mabi=lp64']
  ignore line: [ /usr/lib/gcc/loongarch64-linux-gnu/8/cc1 -quiet -v -imultiarch loongarch64-linux-gnu /usr/local/share/cmake-3.22/Modules/CMakeCCompilerABI.c -quiet -dumpbase CMakeCCompilerABI.c -march=loongarch64 -mabi=lp64 -auxbase-strip CMakeFiles/cmTC_cb6fb.dir/CMakeCCompilerABI.c.o -version -o /tmp/ccTYHjcf.s]
  ignore line: [GNU C17 (Loongnix 8.3.0-6.lnd.vec.30) version 8.3.0 (loongarch64-linux-gnu)]
  ignore line: [	compiled by GNU C version 8.3.0  GMP version 6.1.2  MPFR version 4.0.2  MPC version 1.1.0  isl version isl-0.20-GMP]
  ignore line: []
  ignore line: [GGC heuristics: --param ggc-min-expand=100 --param ggc-min-heapsize=131072]
  ignore line: [ignoring nonexistent directory "/usr/local/include/loongarch64-linux-gnu"]
  ignore line: [ignoring nonexistent directory "/usr/lib/gcc/loongarch64-linux-gnu/8/../../../../loongarch64-linux-gnu/include"]
  ignore line: [#include "..." search starts here:]
  ignore line: [#include <...> search starts here:]
  ignore line: [ /usr/lib/gcc/loongarch64-linux-gnu/8/include]
  ignore line: [ /usr/local/include]
  ignore line: [ /usr/lib/gcc/loongarch64-linux-gnu/8/include-fixed]
  ignore line: [ /usr/include/loongarch64-linux-gnu]
  ignore line: [ /usr/include]
  ignore line: [End of search list.]
  ignore line: [GNU C17 (Loongnix 8.3.0-6.lnd.vec.30) version 8.3.0 (loongarch64-linux-gnu)]
  ignore line: [	compiled by GNU C version 8.3.0  GMP version 6.1.2  MPFR version 4.0.2  MPC version 1.1.0  isl version isl-0.20-GMP]
  ignore line: []
  ignore line: [GGC heuristics: --param ggc-min-expand=100 --param ggc-min-heapsize=131072]
  ignore line: [Compiler executable checksum: 8029ef5209f1c1e9e0faf67eb88dfdc8]
  ignore line: [COLLECT_GCC_OPTIONS='-v' '-o' 'CMakeFiles/cmTC_cb6fb.dir/CMakeCCompilerABI.c.o' '-c' '-march=loongarch64' '-mabi=lp64']
  ignore line: [ as -v -mabi=lp64 -o CMakeFiles/cmTC_cb6fb.dir/CMakeCCompilerABI.c.o /tmp/ccTYHjcf.s]
  ignore line: [GNU assembler version 2.31.1 (loongarch64-linux-gnu) using BFD version (GNU Binutils for Loongnix) 2.31.1-system.20190122]
  ignore line: [COMPILER_PATH=/usr/lib/gcc/loongarch64-linux-gnu/8/:/usr/lib/gcc/loongarch64-linux-gnu/8/:/usr/lib/gcc/loongarch64-linux-gnu/:/usr/lib/gcc/loongarch64-linux-gnu/8/:/usr/lib/gcc/loongarch64-linux-gnu/]
  ignore line: [LIBRARY_PATH=/usr/lib/gcc/loongarch64-linux-gnu/8/:/lib64/../lib/:/usr/lib64/../lib/:/lib/loongarch64-linux-gnu/:/lib/../lib/:/usr/lib/loongarch64-linux-gnu/:/usr/lib/../lib/:/lib64/:/usr/lib64/:/lib/:/usr/lib/]
  ignore line: [COLLECT_GCC_OPTIONS='-v' '-o' 'CMakeFiles/cmTC_cb6fb.dir/CMakeCCompilerABI.c.o' '-c' '-march=loongarch64' '-mabi=lp64']
  ignore line: [Linking C executable cmTC_cb6fb]
  ignore line: [/usr/local/bin/cmake -E cmake_link_script CMakeFiles/cmTC_cb6fb.dir/link.txt --verbose=1]
  ignore line: [/usr/bin/cc  -v -rdynamic CMakeFiles/cmTC_cb6fb.dir/CMakeCCompilerABI.c.o -o cmTC_cb6fb ]
  ignore line: [Using built-in specs.]
  ignore line: [COLLECT_GCC=/usr/bin/cc]
  ignore line: [COLLECT_LTO_WRAPPER=/usr/lib/gcc/loongarch64-linux-gnu/8/lto-wrapper]
  ignore line: [Target: loongarch64-linux-gnu]
  ignore line: [Configured with: ../src/configure -v --with-pkgversion='Loongnix 8.3.0-6.lnd.vec.30' --with-bugurl=file:///usr/share/doc/gcc-8/README.Bugs --enable-languages=c c++ fortran --prefix=/usr --with-gcc-major-version-only --program-suffix=-8 --program-prefix=loongarch64-linux-gnu- --enable-shared --enable-linker-build-id --libexecdir=/usr/lib --without-included-gettext --enable-threads=posix --libdir=/usr/lib --enable-nls --enable-clocale=gnu --enable-libstdcxx-debug --enable-libstdcxx-time=yes --with-default-libstdcxx-abi=new --enable-gnu-unique-object --disable-libitm --disable-libsanitizer --disable-libquadmath --disable-libquadmath-support --enable-plugin --with-system-zlib --enable-multiarch --disable-werror --with-arch=loongarch64 --with-abi=lp64 --enable-tls --disable-host-shared --disable-emultls --enable-checking=release --build=loongarch64-linux-gnu --host=loongarch64-linux-gnu --target=loongarch64-linux-gnu]
  ignore line: [Thread model: posix]
  ignore line: [gcc version 8.3.0 (Loongnix 8.3.0-6.lnd.vec.30) ]
  ignore line: [COMPILER_PATH=/usr/lib/gcc/loongarch64-linux-gnu/8/:/usr/lib/gcc/loongarch64-linux-gnu/8/:/usr/lib/gcc/loongarch64-linux-gnu/:/usr/lib/gcc/loongarch64-linux-gnu/8/:/usr/lib/gcc/loongarch64-linux-gnu/]
  ignore line: [LIBRARY_PATH=/usr/lib/gcc/loongarch64-linux-gnu/8/:/lib64/../lib/:/usr/lib64/../lib/:/lib/loongarch64-linux-gnu/:/lib/../lib/:/usr/lib/loongarch64-linux-gnu/:/usr/lib/../lib/:/lib64/:/usr/lib64/:/lib/:/usr/lib/]
  ignore line: [COLLECT_GCC_OPTIONS='-v' '-rdynamic' '-o' 'cmTC_cb6fb' '-march=loongarch64' '-mabi=lp64']
  link line: [ /usr/lib/gcc/loongarch64-linux-gnu/8/collect2 -plugin /usr/lib/gcc/loongarch64-linux-gnu/8/liblto_plugin.so -plugin-opt=/usr/lib/gcc/loongarch64-linux-gnu/8/lto-wrapper -plugin-opt=-fresolution=/tmp/ccXraiMh.res -plugin-opt=-pass-through=-lgcc -plugin-opt=-pass-through=-lgcc_s -plugin-opt=-pass-through=-lc -plugin-opt=-pass-through=-lgcc -plugin-opt=-pass-through=-lgcc_s --build-id --eh-frame-hdr -export-dynamic -dynamic-linker /lib64/ld.so.1 -melf64loongarch -o cmTC_cb6fb /lib/loongarch64-linux-gnu/crt1.o /lib/loongarch64-linux-gnu/crti.o /usr/lib/gcc/loongarch64-linux-gnu/8/crtbegin.o -L/usr/lib/gcc/loongarch64-linux-gnu/8 -L/lib64/../lib -L/usr/lib64/../lib -L/lib/loongarch64-linux-gnu -L/lib/../lib -L/usr/lib/loongarch64-linux-gnu -L/usr/lib/../lib -L/lib64 -L/usr/lib64 CMakeFiles/cmTC_cb6fb.dir/CMakeCCompilerABI.c.o -lgcc --push-state --as-needed -lgcc_s --pop-state -lc -lgcc --push-state --as-needed -lgcc_s --pop-state /usr/lib/gcc/loongarch64-linux-gnu/8/crtend.o /lib/loongarch64-linux-gnu/crtn.o]
    arg [/usr/lib/gcc/loongarch64-linux-gnu/8/collect2] ==> ignore
    arg [-plugin] ==> ignore
    arg [/usr/lib/gcc/loongarch64-linux-gnu/8/liblto_plugin.so] ==> ignore
    arg [-plugin-opt=/usr/lib/gcc/loongarch64-linux-gnu/8/lto-wrapper] ==> ignore
    arg [-plugin-opt=-fresolution=/tmp/ccXraiMh.res] ==> ignore
    arg [-plugin-opt=-pass-through=-lgcc] ==> ignore
    arg [-plugin-opt=-pass-through=-lgcc_s] ==> ignore
    arg [-plugin-opt=-pass-through=-lc] ==> ignore
    arg [-plugin-opt=-pass-through=-lgcc] ==> ignore
    arg [-plugin-opt=-pass-through=-lgcc_s] ==> ignore
    arg [--build-id] ==> ignore
    arg [--eh-frame-hdr] ==> ignore
    arg [-export-dynamic] ==> ignore
    arg [-dynamic-linker] ==> ignore
    arg [/lib64/ld.so.1] ==> ignore
    arg [-melf64loongarch] ==> ignore
    arg [-o] ==> ignore
    arg [cmTC_cb6fb] ==> ignore
    arg [/lib/loongarch64-linux-gnu/crt1.o] ==> obj [/lib/loongarch64-linux-gnu/crt1.o]
    arg [/lib/loongarch64-linux-gnu/crti.o] ==> obj [/lib/loongarch64-linux-gnu/crti.o]
    arg [/usr/lib/gcc/loongarch64-linux-gnu/8/crtbegin.o] ==> obj [/usr/lib/gcc/loongarch64-linux-gnu/8/crtbegin.o]
    arg [-L/usr/lib/gcc/loongarch64-linux-gnu/8] ==> dir [/usr/lib/gcc/loongarch64-linux-gnu/8]
    arg [-L/lib64/../lib] ==> dir [/lib64/../lib]
    arg [-L/usr/lib64/../lib] ==> dir [/usr/lib64/../lib]
    arg [-L/lib/loongarch64-linux-gnu] ==> dir [/lib/loongarch64-linux-gnu]
    arg [-L/lib/../lib] ==> dir [/lib/../lib]
    arg [-L/usr/lib/loongarch64-linux-gnu] ==> dir [/usr/lib/loongarch64-linux-gnu]
    arg [-L/usr/lib/../lib] ==> dir [/usr/lib/../lib]
    arg [-L/lib64] ==> dir [/lib64]
    arg [-L/usr/lib64] ==> dir [/usr/lib64]
    arg [CMakeFiles/cmTC_cb6fb.dir/CMakeCCompilerABI.c.o] ==> ignore
    arg [-lgcc] ==> lib [gcc]
    arg [--push-state] ==> ignore
    arg [--as-needed] ==> ignore
    arg [-lgcc_s] ==> lib [gcc_s]
    arg [--pop-state] ==> ignore
    arg [-lc] ==> lib [c]
    arg [-lgcc] ==> lib [gcc]
    arg [--push-state] ==> ignore
    arg [--as-needed] ==> ignore
    arg [-lgcc_s] ==> lib [gcc_s]
    arg [--pop-state] ==> ignore
    arg [/usr/lib/gcc/loongarch64-linux-gnu/8/crtend.o] ==> obj [/usr/lib/gcc/loongarch64-linux-gnu/8/crtend.o]
    arg [/lib/loongarch64-linux-gnu/crtn.o] ==> obj [/lib/loongarch64-linux-gnu/crtn.o]
  collapse library dir [/usr/lib/gcc/loongarch64-linux-gnu/8] ==> [/usr/lib/gcc/loongarch64-linux-gnu/8]
  collapse library dir [/lib64/../lib] ==> [/lib]
  collapse library dir [/usr/lib64/../lib] ==> [/usr/lib]
  collapse library dir [/lib/loongarch64-linux-gnu] ==> [/lib/loongarch64-linux-gnu]
  collapse library dir [/lib/../lib] ==> [/lib]
  collapse library dir [/usr/lib/loongarch64-linux-gnu] ==> [/usr/lib/loongarch64-linux-gnu]
  collapse library dir [/usr/lib/../lib] ==> [/usr/lib]
  collapse library dir [/lib64] ==> [/lib64]
  collapse library dir [/usr/lib64] ==> [/usr/lib64]
  implicit libs: [gcc;gcc_s;c;gcc;gcc_s]
  implicit objs: [/lib/loongarch64-linux-gnu/crt1.o;/lib/loongarch64-linux-gnu/crti.o;/usr/lib/gcc/loongarch64-linux-gnu/8/crtbegin.o;/usr/lib/gcc/loongarch64-linux-gnu/8/crtend.o;/lib/loongarch64-linux-gnu/crtn.o]
  implicit dirs: [/usr/lib/gcc/loongarch64-linux-gnu/8;/lib;/usr/lib;/lib/loongarch64-linux-gnu;/usr/lib/loongarch64-linux-gnu;/lib64;/usr/lib64]
  implicit fwks: []


Detecting CXX compiler ABI info compiled with the following output:
Change Dir: /home/tiger/linux/GTK/cmake-build-Debug/29-cmake/CMakeFiles/CMakeTmp

Run Build Command(s):/usr/bin/make -f Makefile cmTC_152e9/fast && /usr/bin/make  -f CMakeFiles/cmTC_152e9.dir/build.make CMakeFiles/cmTC_152e9.dir/build
make[1]: Entering directory '/home/tiger/linux/GTK/cmake-build-Debug/29-cmake/CMakeFiles/CMakeTmp'
Building CXX object CMakeFiles/cmTC_152e9.dir/CMakeCXXCompilerABI.cpp.o
/usr/bin/c++   -v -o CMakeFiles/cmTC_152e9.dir/CMakeCXXCompilerABI.cpp.o -c /usr/local/share/cmake-3.22/Modules/CMakeCXXCompilerABI.cpp
Using built-in specs.
COLLECT_GCC=/usr/bin/c++
Target: loongarch64-linux-gnu
Configured with: ../src/configure -v --with-pkgversion='Loongnix 8.3.0-6.lnd.vec.30' --with-bugurl=file:///usr/share/doc/gcc-8/README.Bugs --enable-languages=c,c++,fortran --prefix=/usr --with-gcc-major-version-only --program-suffix=-8 --program-prefix=loongarch64-linux-gnu- --enable-shared --enable-linker-build-id --libexecdir=/usr/lib --without-included-gettext --enable-threads=posix --libdir=/usr/lib --enable-nls --enable-clocale=gnu --enable-libstdcxx-debug --enable-libstdcxx-time=yes --with-default-libstdcxx-abi=new --enable-gnu-unique-object --disable-libitm --disable-libsanitizer --disable-libquadmath --disable-libquadmath-support --enable-plugin --with-system-zlib --enable-multiarch --disable-werror --with-arch=loongarch64 --with-abi=lp64 --enable-tls --disable-host-shared --disable-emultls --enable-checking=release --build=loongarch64-linux-gnu --host=loongarch64-linux-gnu --target=loongarch64-linux-gnu
Thread model: posix
gcc version 8.3.0 (Loongnix 8.3.0-6.lnd.vec.30) 
COLLECT_GCC_OPTIONS='-v' '-o' 'CMakeFiles/cmTC_152e9.dir/CMakeCXXCompilerABI.cpp.o' '-c' '-shared-libgcc' '-march=loongarch64' '-mabi=lp64'
 /usr/lib/gcc/loongarch64-linux-gnu/8/cc1plus -quiet -v -imultiarch loongarch64-linux-gnu -D_GNU_SOURCE /usr/local/share/cmake-3.22/Modules/CMakeCXXCompilerABI.cpp -quiet -dumpbase CMakeCXXCompilerABI.cpp -march=loongarch64 -mabi=lp64 -auxbase-strip CMakeFiles/cmTC_152e9.dir/CMakeCXXCompilerABI.cpp.o -version -o /tmp/cciJsgNl.s
GNU C++14 (Loongnix 8.3.0-6.lnd.vec.30) version 8.3.0 (loongarch64-linux-gnu)
	compiled by GNU C version 8.3.0, GMP version 6.1.2, MPFR version 4.0.2, MPC version 1.1.0, isl version isl-0.20-GMP

GGC heuristics: --param ggc-min-expand=100 --param ggc-min-heapsize=131072
ignoring duplicate directory "/usr/include/loongarch64-linux-gnu/c++/8"
ignoring nonexistent directory "/usr/local/include/loongarch64-linux-gnu"
ignoring nonexistent directory "/usr/lib/gcc/loongarch64-linux-gnu/8/../../../../loongarch64-linux-gnu/include"
#include "..." search starts here:
#include <...> search starts here:
 /usr/include/c++/8
 /usr/include/loongarch64-linux-gnu/c++/8
 /usr/include/c++/8/backward
 /usr/lib/gcc/loongarch64-linux-gnu/8/include
 /usr/local/include
 /usr/lib/gcc/loongarch64-linux-gnu/8/include-fixed
 /usr/include/loongarch64-linux-gnu
 /usr/include
End of search list.
GNU C++14 (Loongnix 8.3.0-6.lnd.vec.30) version 8.3.0 (loongarch64-linux-gnu)
	compiled by GNU C version 8.3.0, GMP version 6.1.2, MPFR version 4.0.2, MPC version 1.1.0, isl version isl-0.20-GMP

GGC heuristics: --param ggc-min-expand=100 --param ggc-min-heapsize=131072
Compiler executable checksum: 23d4c8831d6c7eea24920bcf1cae9fc1
COLLECT_GCC_OPTIONS='-v' '-o' 'CMakeFiles/cmTC_152e9.dir/CMakeCXXCompilerABI.cpp.o' '-c' '-shared-libgcc' '-march=loongarch64' '-mabi=lp64'
 as -v -mabi=lp64 -o CMakeFiles/cmTC_152e9.dir/CMakeCXXCompilerABI.cpp.o /tmp/cciJsgNl.s
GNU assembler version 2.31.1 (loongarch64-linux-gnu) using BFD version (GNU Binutils for Loongnix) 2.31.1-system.20190122
COMPILER_PATH=/usr/lib/gcc/loongarch64-linux-gnu/8/:/usr/lib/gcc/loongarch64-linux-gnu/8/:/usr/lib/gcc/loongarch64-linux-gnu/:/usr/lib/gcc/loongarch64-linux-gnu/8/:/usr/lib/gcc/loongarch64-linux-gnu/
LIBRARY_PATH=/usr/lib/gcc/loongarch64-linux-gnu/8/:/lib64/../lib/:/usr/lib64/../lib/:/lib/loongarch64-linux-gnu/:/lib/../lib/:/usr/lib/loongarch64-linux-gnu/:/usr/lib/../lib/:/lib64/:/usr/lib64/:/lib/:/usr/lib/
COLLECT_GCC_OPTIONS='-v' '-o' 'CMakeFiles/cmTC_152e9.dir/CMakeCXXCompilerABI.cpp.o' '-c' '-shared-libgcc' '-march=loongarch64' '-mabi=lp64'
Linking CXX executable cmTC_152e9
/usr/local/bin/cmake -E cmake_link_script CMakeFiles/cmTC_152e9.dir/link.txt --verbose=1
/usr/bin/c++  -v -rdynamic CMakeFiles/cmTC_152e9.dir/CMakeCXXCompilerABI.cpp.o -o cmTC_152e9 
Using built-in specs.
COLLECT_GCC=/usr/bin/c++
COLLECT_LTO_WRAPPER=/usr/lib/gcc/loongarch64-linux-gnu/8/lto-wrapper
Target: loongarch64-linux-gnu
Configured with: ../src/configure -v --with-pkgversion='Loongnix 8.3.0-6.lnd.vec.30' --with-bugurl=file:///usr/share/doc/gcc-8/README.Bugs --enable-languages=c,c++,fortran --prefix=/usr --with-gcc-major-version-only --program-suffix=-8 --program-prefix=loongarch64-linux-gnu- --enable-shared --enable-linker-build-id --libexecdir=/usr/lib --without-included-gettext --enable-threads=posix --libdir=/usr/lib --enable-nls --enable-clocale=gnu --enable-libstdcxx-debug --enable-libstdcxx-time=yes --with-default-libstdcxx-abi=new --enable-gnu-unique-object --disable-libitm --disable-libsanitizer --disable-libquadmath --disable-libquadmath-support --enable-plugin --with-system-zlib --enable-multiarch --disable-werror --with-arch=loongarch64 --with-abi=lp64 --enable-tls --disable-host-shared --disable-emultls --enable-checking=release --build=loongarch64-linux-gnu --host=loongarch64-linux-gnu --target=loongarch64-linux-gnu
Thread model: posix
gcc version 8.3.0 (Loongnix 8.3.0-6.lnd.vec.30) 
COMPILER_PATH=/usr/lib/gcc/loongarch64-linux-gnu/8/:/usr/lib/gcc/loongarch64-linux-gnu/8/:/usr/lib/gcc/loongarch64-linux-gnu/:/usr/lib/gcc/loongarch64-linux-gnu/8/:/usr/lib/gcc/loongarch64-linux-gnu/
LIBRARY_PATH=/usr/lib/gcc/loongarch64-linux-gnu/8/:/lib64/../lib/:/usr/lib64/../lib/:/lib/loongarch64-linux-gnu/:/lib/../lib/:/usr/lib/loongarch64-linux-gnu/:/usr/lib/../lib/:/lib64/:/usr/lib64/:/lib/:/usr/lib/
COLLECT_GCC_OPTIONS='-v' '-rdynamic' '-o' 'cmTC_152e9' '-shared-libgcc' '-march=loongarch64' '-mabi=lp64'
 /usr/lib/gcc/loongarch64-linux-gnu/8/collect2 -plugin /usr/lib/gcc/loongarch64-linux-gnu/8/liblto_plugin.so -plugin-opt=/usr/lib/gcc/loongarch64-linux-gnu/8/lto-wrapper -plugin-opt=-fresolution=/tmp/ccVG4aWn.res -plugin-opt=-pass-through=-lgcc_s -plugin-opt=-pass-through=-lgcc -plugin-opt=-pass-through=-lc -plugin-opt=-pass-through=-lgcc_s -plugin-opt=-pass-through=-lgcc --build-id --eh-frame-hdr -export-dynamic -dynamic-linker /lib64/ld.so.1 -melf64loongarch -o cmTC_152e9 /lib/loongarch64-linux-gnu/crt1.o /lib/loongarch64-linux-gnu/crti.o /usr/lib/gcc/loongarch64-linux-gnu/8/crtbegin.o -L/usr/lib/gcc/loongarch64-linux-gnu/8 -L/lib64/../lib -L/usr/lib64/../lib -L/lib/loongarch64-linux-gnu -L/lib/../lib -L/usr/lib/loongarch64-linux-gnu -L/usr/lib/../lib -L/lib64 -L/usr/lib64 CMakeFiles/cmTC_152e9.dir/CMakeCXXCompilerABI.cpp.o -lstdc++ -lm -lgcc_s -lgcc -lc -lgcc_s -lgcc /usr/lib/gcc/loongarch64-linux-gnu/8/crtend.o /lib/loongarch64-linux-gnu/crtn.o
COLLECT_GCC_OPTIONS='-v' '-rdynamic' '-o' 'cmTC_152e9' '-shared-libgcc' '-march=loongarch64' '-mabi=lp64'
make[1]: Leaving directory '/home/tiger/linux/GTK/cmake-build-Debug/29-cmake/CMakeFiles/CMakeTmp'



Parsed CXX implicit include dir info from above output: rv=done
  found start of include info
  found start of implicit include info
    add: [/usr/include/c++/8]
    add: [/usr/include/loongarch64-linux-gnu/c++/8]
    add: [/usr/include/c++/8/backward]
    add: [/usr/lib/gcc/loongarch64-linux-gnu/8/include]
    add: [/usr/local/include]
    add: [/usr/lib/gcc/loongarch64-linux-gnu/8/include-fixed]
    add: [/usr/include/loongarch64-linux-gnu]
    add: [/usr/include]
  end of search list found
  collapse include dir [/usr/include/c++/8] ==> [/usr/include/c++/8]
  collapse include dir [/usr/include/loongarch64-linux-gnu/c++/8] ==> [/usr/include/loongarch64-linux-gnu/c++/8]
  collapse include dir [/usr/include/c++/8/backward] ==> [/usr/include/c++/8/backward]
  collapse include dir [/usr/lib/gcc/loongarch64-linux-gnu/8/include] ==> [/usr/lib/gcc/loongarch64-linux-gnu/8/include]
  collapse include dir [/usr/local/include] ==> [/usr/local/include]
  collapse include dir [/usr/lib/gcc/loongarch64-linux-gnu/8/include-fixed] ==> [/usr/lib/gcc/loongarch64-linux-gnu/8/include-fixed]
  collapse include dir [/usr/include/loongarch64-linux-gnu] ==> [/usr/include/loongarch64-linux-gnu]
  collapse include dir [/usr/include] ==> [/usr/include]
  implicit include dirs: [/usr/include/c++/8;/usr/include/loongarch64-linux-gnu/c++/8;/usr/include/c++/8/backward;/usr/lib/gcc/loongarch64-linux-gnu/8/include;/usr/local/include;/usr/lib/gcc/loongarch64-linux-gnu/8/include-fixed;/usr/include/loongarch64-linux-gnu;/usr/include]


Parsed CXX implicit link information from above output:
  link line regex: [^( *|.*[/\])(ld|CMAKE_LINK_STARTFILE-NOTFOUND|([^/\]+-)?ld|collect2)[^/\]*( |$)]
  ignore line: [Change Dir: /home/tiger/linux/GTK/cmake-build-Debug/29-cmake/CMakeFiles/CMakeTmp]
  ignore line: []
  ignore line: [Run Build Command(s):/usr/bin/make -f Makefile cmTC_152e9/fast && /usr/bin/make  -f CMakeFiles/cmTC_152e9.dir/build.make CMakeFiles/cmTC_152e9.dir/build]
  ignore line: [make[1]: Entering directory '/home/tiger/linux/GTK/cmake-build-Debug/29-cmake/CMakeFiles/CMakeTmp']
  ignore line: [Building CXX object CMakeFiles/cmTC_152e9.dir/CMakeCXXCompilerABI.cpp.o]
  ignore line: [/usr/bin/c++   -v -o CMakeFiles/cmTC_152e9.dir/CMakeCXXCompilerABI.cpp.o -c /usr/local/share/cmake-3.22/Modules/CMakeCXXCompilerABI.cpp]
  ignore line: [Using built-in specs.]
  ignore line: [COLLECT_GCC=/usr/bin/c++]
  ignore line: [Target: loongarch64-linux-gnu]
  ignore line: [Configured with: ../src/configure -v --with-pkgversion='Loongnix 8.3.0-6.lnd.vec.30' --with-bugurl=file:///usr/share/doc/gcc-8/README.Bugs --enable-languages=c c++ fortran --prefix=/usr --with-gcc-major-version-only --program-suffix=-8 --program-prefix=loongarch64-linux-gnu- --enable-shared --enable-linker-build-id --libexecdir=/usr/lib --without-included-gettext --enable-threads=posix --libdir=/usr/lib --enable-nls --enable-clocale=gnu --enable-libstdcxx-debug --enable-libstdcxx-time=yes --with-default-libstdcxx-abi=new --enable-gnu-unique-object --disable-libitm --disable-libsanitizer --disable-libquadmath --disable-libquadmath-support --enable-plugin --with-system-zlib --enable-multiarch --disable-werror --with-arch=loongarch64 --with-abi=lp64 --enable-tls --disable-host-shared --disable-emultls --enable-checking=release --build=loongarch64-linux-gnu --host=loongarch64-linux-gnu --target=loongarch64-linux-gnu]
  ignore line: [Thread model: posix]
  ignore line: [gcc version 8.3.0 (Loongnix 8.3.0-6.lnd.vec.30) ]
  ignore line: [COLLECT_GCC_OPTIONS='-v' '-o' 'CMakeFiles/cmTC_152e9.dir/CMakeCXXCompilerABI.cpp.o' '-c' '-shared-libgcc' '-march=loongarch64' '-mabi=lp64']
  ignore line: [ /usr/lib/gcc/loongarch64-linux-gnu/8/cc1plus -quiet -v -imultiarch loongarch64-linux-gnu -D_GNU_SOURCE /usr/local/share/cmake-3.22/Modules/CMakeCXXCompilerABI.cpp -quiet -dumpbase CMakeCXXCompilerABI.cpp -march=loongarch64 -mabi=lp64 -auxbase-strip CMakeFiles/cmTC_152e9.dir/CMakeCXXCompilerABI.cpp.o -version -o /tmp/cciJsgNl.s]
  ignore line: [GNU C++14 (Loongnix 8.3.0-6.lnd.vec.30) version 8.3.0 (loongarch64-linux-gnu)]
  ignore line: [	compiled by GNU C version 8.3.0  GMP version 6.1.2  MPFR version 4.0.2  MPC version 1.1.0  isl version isl-0.20-GMP]
  ignore line: []
  ignore line: [GGC heuristics: --param ggc-min-expand=100 --param ggc-min-heapsize=131072]
  ignore line: [ignoring duplicate directory "/usr/include/loongarch64-linux-gnu/c++/8"]
  ignore line: [ignoring nonexistent directory "/usr/local/include/loongarch64-linux-gnu"]
  ignore line: [ignoring nonexistent directory "/usr/lib/gcc/loongarch64-linux-gnu/8/../../../../loongarch64-linux-gnu/include"]
  ignore line: [#include "..." search starts here:]
  ignore line: [#include <...> search starts here:]
  ignore line: [ /usr/include/c++/8]
  ignore line: [ /usr/include/loongarch64-linux-gnu/c++/8]
  ignore line: [ /usr/include/c++/8/backward]
  ignore line: [ /usr/lib/gcc/loongarch64-linux-gnu/8/include]
  ignore line: [ /usr/local/include]
  ignore line: [ /usr/lib/gcc/loongarch64-linux-gnu/8/include-fixed]
  ignore line: [ /usr/include/loongarch64-linux-gnu]
  ignore line: [ /usr/include]
  ignore line: [End of search list.]
  ignore line: [GNU C++14 (Loongnix 8.3.0-6.lnd.vec.30) version 8.3.0 (loongarch64-linux-gnu)]
  ignore line: [	compiled by GNU C version 8.3.0  GMP version 6.1.2  MPFR version 4.0.2  MPC version 1.1.0  isl version isl-0.20-GMP]
  ignore line: []
  ignore line: [GGC heuristics: --param ggc-min-expand=100 --param ggc-min-heapsize=131072]
  ignore line: [Compiler executable checksum: 23d4c8831d6c7eea24920bcf1cae9fc1]
  ignore line: [COLLECT_GCC_OPTIONS='-v' '-o' 'CMakeFiles/cmTC_152e9.dir/CMakeCXXCompilerABI.cpp.o' '-c' '-shared-libgcc' '-march=loongarch64' '-mabi=lp64']
  ignore line: [ as -v -mabi=lp64 -o CMakeFiles/cmTC_152e9.dir/CMakeCXXCompilerABI.cpp.o /tmp/cciJsgNl.s]
  ignore line: [GNU assembler version 2.31.1 (loongarch64-linux-gnu) using BFD version (GNU Binutils for Loongnix) 2.31.1-system.20190122]
  ignore line: [COMPILER_PATH=/usr/lib/gcc/loongarch64-linux-gnu/8/:/usr/lib/gcc/loongarch64-linux-gnu/8/:/usr/lib/gcc/loongarch64-linux-gnu/:/usr/lib/gcc/loongarch64-linux-gnu/8/:/usr/lib/gcc/loongarch64-linux-gnu/]
  ignore line: [LIBRARY_PATH=/usr/lib/gcc/loongarch64-linux-gnu/8/:/lib64/../lib/:/usr/lib64/../lib/:/lib/loongarch64-linux-gnu/:/lib/../lib/:/usr/lib/loongarch64-linux-gnu/:/usr/lib/../lib/:/lib64/:/usr/lib64/:/lib/:/usr/lib/]
  ignore line: [COLLECT_GCC_OPTIONS='-v' '-o' 'CMakeFiles/cmTC_152e9.dir/CMakeCXXCompilerABI.cpp.o' '-c' '-shared-libgcc' '-march=loongarch64' '-mabi=lp64']
  ignore line: [Linking CXX executable cmTC_152e9]
  ignore line: [/usr/local/bin/cmake -E cmake_link_script CMakeFiles/cmTC_152e9.dir/link.txt --verbose=1]
  ignore line: [/usr/bin/c++  -v -rdynamic CMakeFiles/cmTC_152e9.dir/CMakeCXXCompilerABI.cpp.o -o cmTC_152e9 ]
  ignore line: [Using built-in specs.]
  ignore line: [COLLECT_GCC=/usr/bin/c++]
  ignore line: [COLLECT_LTO_WRAPPER=/usr/lib/gcc/loongarch64-linux-gnu/8/lto-wrapper]
  ignore line: [Target: loongarch64-linux-gnu]
  ignore line: [Configured with: ../src/configure -v --with-pkgversion='Loongnix 8.3.0-6.lnd.vec.30' --with-bugurl=file:///usr/share/doc/gcc-8/README.Bugs --enable-languages=c c++ fortran --prefix=/usr --with-gcc-major-version-only --program-suffix=-8 --program-prefix=loongarch64-linux-gnu- --enable-shared --enable-linker-build-id --libexecdir=/usr/lib --without-included-gettext --enable-threads=posix --libdir=/usr/lib --enable-nls --enable-clocale=gnu --enable-libstdcxx-debug --enable-libstdcxx-time=yes --with-default-libstdcxx-abi=new --enable-gnu-unique-object --disable-libitm --disable-libsanitizer --disable-libquadmath --disable-libquadmath-support --enable-plugin --with-system-zlib --enable-multiarch --disable-werror --with-arch=loongarch64 --with-abi=lp64 --enable-tls --disable-host-shared --disable-emultls --enable-checking=release --build=loongarch64-linux-gnu --host=loongarch64-linux-gnu --target=loongarch64-linux-gnu]
  ignore line: [Thread model: posix]
  ignore line: [gcc version 8.3.0 (Loongnix 8.3.0-6.lnd.vec.30) ]
  ignore line: [COMPILER_PATH=/usr/lib/gcc/loongarch64-linux-gnu/8/:/usr/lib/gcc/loongarch64-linux-gnu/8/:/usr/lib/gcc/loongarch64-linux-gnu/:/usr/lib/gcc/loongarch64-linux-gnu/8/:/usr/lib/gcc/loongarch64-linux-gnu/]
  ignore line: [LIBRARY_PATH=/usr/lib/gcc/loongarch64-linux-gnu/8/:/lib64/../lib/:/usr/lib64/../lib/:/lib/loongarch64-linux-gnu/:/lib/../lib/:/usr/lib/loongarch64-linux-gnu/:/usr/lib/../lib/:/lib64/:/usr/lib64/:/lib/:/usr/lib/]
  ignore line: [COLLECT_GCC_OPTIONS='-v' '-rdynamic' '-o' 'cmTC_152e9' '-shared-libgcc' '-march=loongarch64' '-mabi=lp64']
  link line: [ /usr/lib/gcc/loongarch64-linux-gnu/8/collect2 -plugin /usr/lib/gcc/loongarch64-linux-gnu/8/liblto_plugin.so -plugin-opt=/usr/lib/gcc/loongarch64-linux-gnu/8/lto-wrapper -plugin-opt=-fresolution=/tmp/ccVG4aWn.res -plugin-opt=-pass-through=-lgcc_s -plugin-opt=-pass-through=-lgcc -plugin-opt=-pass-through=-lc -plugin-opt=-pass-through=-lgcc_s -plugin-opt=-pass-through=-lgcc --build-id --eh-frame-hdr -export-dynamic -dynamic-linker /lib64/ld.so.1 -melf64loongarch -o cmTC_152e9 /lib/loongarch64-linux-gnu/crt1.o /lib/loongarch64-linux-gnu/crti.o /usr/lib/gcc/loongarch64-linux-gnu/8/crtbegin.o -L/usr/lib/gcc/loongarch64-linux-gnu/8 -L/lib64/../lib -L/usr/lib64/../lib -L/lib/loongarch64-linux-gnu -L/lib/../lib -L/usr/lib/loongarch64-linux-gnu -L/usr/lib/../lib -L/lib64 -L/usr/lib64 CMakeFiles/cmTC_152e9.dir/CMakeCXXCompilerABI.cpp.o -lstdc++ -lm -lgcc_s -lgcc -lc -lgcc_s -lgcc /usr/lib/gcc/loongarch64-linux-gnu/8/crtend.o /lib/loongarch64-linux-gnu/crtn.o]
    arg [/usr/lib/gcc/loongarch64-linux-gnu/8/collect2] ==> ignore
    arg [-plugin] ==> ignore
    arg [/usr/lib/gcc/loongarch64-linux-gnu/8/liblto_plugin.so] ==> ignore
    arg [-plugin-opt=/usr/lib/gcc/loongarch64-linux-gnu/8/lto-wrapper] ==> ignore
    arg [-plugin-opt=-fresolution=/tmp/ccVG4aWn.res] ==> ignore
    arg [-plugin-opt=-pass-through=-lgcc_s] ==> ignore
    arg [-plugin-opt=-pass-through=-lgcc] ==> ignore
    arg [-plugin-opt=-pass-through=-lc] ==> ignore
    arg [-plugin-opt=-pass-through=-lgcc_s] ==> ignore
    arg [-plugin-opt=-pass-through=-lgcc] ==> ignore
    arg [--build-id] ==> ignore
    arg [--eh-frame-hdr] ==> ignore
    arg [-export-dynamic] ==> ignore
    arg [-dynamic-linker] ==> ignore
    arg [/lib64/ld.so.1] ==> ignore
    arg [-melf64loongarch] ==> ignore
    arg [-o] ==> ignore
    arg [cmTC_152e9] ==> ignore
    arg [/lib/loongarch64-linux-gnu/crt1.o] ==> obj [/lib/loongarch64-linux-gnu/crt1.o]
    arg [/lib/loongarch64-linux-gnu/crti.o] ==> obj [/lib/loongarch64-linux-gnu/crti.o]
    arg [/usr/lib/gcc/loongarch64-linux-gnu/8/crtbegin.o] ==> obj [/usr/lib/gcc/loongarch64-linux-gnu/8/crtbegin.o]
    arg [-L/usr/lib/gcc/loongarch64-linux-gnu/8] ==> dir [/usr/lib/gcc/loongarch64-linux-gnu/8]
    arg [-L/lib64/../lib] ==> dir [/lib64/../lib]
    arg [-L/usr/lib64/../lib] ==> dir [/usr/lib64/../lib]
    arg [-L/lib/loongarch64-linux-gnu] ==> dir [/lib/loongarch64-linux-gnu]
    arg [-L/lib/../lib] ==> dir [/lib/../lib]
    arg [-L/usr/lib/loongarch64-linux-gnu] ==> dir [/usr/lib/loongarch64-linux-gnu]
    arg [-L/usr/lib/../lib] ==> dir [/usr/lib/../lib]
    arg [-L/lib64] ==> dir [/lib64]
    arg [-L/usr/lib64] ==> dir [/usr/lib64]
    arg [CMakeFiles/cmTC_152e9.dir/CMakeCXXCompilerABI.cpp.o] ==> ignore
    arg [-lstdc++] ==> lib [stdc++]
    arg [-lm] ==> lib [m]
    arg [-lgcc_s] ==> lib [gcc_s]
    arg [-lgcc] ==> lib [gcc]
    arg [-lc] ==> lib [c]
    arg [-lgcc_s] ==> lib [gcc_s]
    arg [-lgcc] ==> lib [gcc]
    arg [/usr/lib/gcc/loongarch64-linux-gnu/8/crtend.o] ==> obj [/usr/lib/gcc/loongarch64-linux-gnu/8/crtend.o]
    arg [/lib/loongarch64-linux-gnu/crtn.o] ==> obj [/lib/loongarch64-linux-gnu/crtn.o]
  collapse library dir [/usr/lib/gcc/loongarch64-linux-gnu/8] ==> [/usr/lib/gcc/loongarch64-linux-gnu/8]
  collapse library dir [/lib64/../lib] ==> [/lib]
  collapse library dir [/usr/lib64/../lib] ==> [/usr/lib]
  collapse library dir [/lib/loongarch64-linux-gnu] ==> [/lib/loongarch64-linux-gnu]
  collapse library dir [/lib/../lib] ==> [/lib]
  collapse library dir [/usr/lib/loongarch64-linux-gnu] ==> [/usr/lib/loongarch64-linux-gnu]
  collapse library dir [/usr/lib/../lib] ==> [/usr/lib]
  collapse library dir [/lib64] ==> [/lib64]
  collapse library dir [/usr/lib64] ==> [/usr/lib64]
  implicit libs: [stdc++;m;gcc_s;gcc;c;gcc_s;gcc]
  implicit objs: [/lib/loongarch64-linux-gnu/crt1.o;/lib/loongarch64-linux-gnu/crti.o;/usr/lib/gcc/loongarch64-linux-gnu/8/crtbegin.o;/usr/lib/gcc/loongarch64-linux-gnu/8/crtend.o;/lib/loongarch64-linux-gnu/crtn.o]
  implicit dirs: [/usr/lib/gcc/loongarch64-linux-gnu/8;/lib;/usr/lib;/lib/loongarch64-linux-gnu;/usr/lib/loongarch64-linux-gnu;/lib64;/usr/lib64]
  implicit fwks: []


