The system is: Linux - 4.19.0-15-loongson-3 - loongarch64
Compiling the C compiler identification source file "CMakeCCompilerId.c" succeeded.
Compiler: /usr/bin/cc 
Build flags: 
Id flags:  

The output was:
0


Compilation of the C compiler identification source "CMakeCCompilerId.c" produced "a.out"

The C compiler identification is GNU, found in "/home/tiger/linux/gtkmm/cmake-build-Debug/1-Hello/CMakeFiles/3.13.4/CompilerIdC/a.out"

Compiling the CXX compiler identification source file "CMakeCXXCompilerId.cpp" succeeded.
Compiler: /usr/bin/c++ 
Build flags: 
Id flags:  

The output was:
0


Compilation of the CXX compiler identification source "CMakeCXXCompilerId.cpp" produced "a.out"

The CXX compiler identification is GNU, found in "/home/tiger/linux/gtkmm/cmake-build-Debug/1-Hello/CMakeFiles/3.13.4/CompilerIdCXX/a.out"

Determining if the C compiler works passed with the following output:
Change Dir: /home/tiger/linux/gtkmm/cmake-build-Debug/1-Hello/CMakeFiles/CMakeTmp

Run Build Command:"/usr/bin/make" "cmTC_53777/fast"
/usr/bin/make -f CMakeFiles/cmTC_53777.dir/build.make CMakeFiles/cmTC_53777.dir/build
make[1]: 进入目录“/home/tiger/linux/gtkmm/cmake-build-Debug/1-Hello/CMakeFiles/CMakeTmp”
Building C object CMakeFiles/cmTC_53777.dir/testCCompiler.c.o
/usr/bin/cc    -o CMakeFiles/cmTC_53777.dir/testCCompiler.c.o   -c /home/tiger/linux/gtkmm/cmake-build-Debug/1-Hello/CMakeFiles/CMakeTmp/testCCompiler.c
Linking C executable cmTC_53777
/usr/bin/cmake -E cmake_link_script CMakeFiles/cmTC_53777.dir/link.txt --verbose=1
/usr/bin/cc      -rdynamic CMakeFiles/cmTC_53777.dir/testCCompiler.c.o  -o cmTC_53777 
make[1]: 离开目录“/home/tiger/linux/gtkmm/cmake-build-Debug/1-Hello/CMakeFiles/CMakeTmp”


Detecting C compiler ABI info compiled with the following output:
Change Dir: /home/tiger/linux/gtkmm/cmake-build-Debug/1-Hello/CMakeFiles/CMakeTmp

Run Build Command:"/usr/bin/make" "cmTC_8ea17/fast"
/usr/bin/make -f CMakeFiles/cmTC_8ea17.dir/build.make CMakeFiles/cmTC_8ea17.dir/build
make[1]: 进入目录“/home/tiger/linux/gtkmm/cmake-build-Debug/1-Hello/CMakeFiles/CMakeTmp”
Building C object CMakeFiles/cmTC_8ea17.dir/CMakeCCompilerABI.c.o
/usr/bin/cc    -o CMakeFiles/cmTC_8ea17.dir/CMakeCCompilerABI.c.o   -c /usr/share/cmake-3.13/Modules/CMakeCCompilerABI.c
Linking C executable cmTC_8ea17
/usr/bin/cmake -E cmake_link_script CMakeFiles/cmTC_8ea17.dir/link.txt --verbose=1
/usr/bin/cc     -v -rdynamic CMakeFiles/cmTC_8ea17.dir/CMakeCCompilerABI.c.o  -o cmTC_8ea17 
Using built-in specs.
COLLECT_GCC=/usr/bin/cc
COLLECT_LTO_WRAPPER=/usr/lib/gcc/loongarch64-linux-gnu/8/lto-wrapper
Target: loongarch64-linux-gnu
Configured with: ../src/configure -v --with-pkgversion='Loongnix 8.3.0-6.lnd.vec.27' --with-bugurl=file:///usr/share/doc/gcc-8/README.Bugs --enable-languages=c,c++,fortran --prefix=/usr --with-gcc-major-version-only --program-suffix=-8 --program-prefix=loongarch64-linux-gnu- --enable-shared --enable-linker-build-id --libexecdir=/usr/lib --without-included-gettext --enable-threads=posix --libdir=/usr/lib --enable-nls --enable-clocale=gnu --enable-libstdcxx-debug --enable-libstdcxx-time=yes --with-default-libstdcxx-abi=new --enable-gnu-unique-object --disable-libitm --disable-libsanitizer --disable-libquadmath --disable-libquadmath-support --enable-plugin --with-system-zlib --enable-multiarch --disable-werror --with-arch=loongarch64 --with-abi=lp64 --enable-tls --disable-host-shared --disable-emultls --enable-checking=release --build=loongarch64-linux-gnu --host=loongarch64-linux-gnu --target=loongarch64-linux-gnu
Thread model: posix
gcc version 8.3.0 (Loongnix 8.3.0-6.lnd.vec.27) 
COMPILER_PATH=/usr/lib/gcc/loongarch64-linux-gnu/8/:/usr/lib/gcc/loongarch64-linux-gnu/8/:/usr/lib/gcc/loongarch64-linux-gnu/:/usr/lib/gcc/loongarch64-linux-gnu/8/:/usr/lib/gcc/loongarch64-linux-gnu/
LIBRARY_PATH=/usr/lib/gcc/loongarch64-linux-gnu/8/:/lib64/../lib/:/usr/lib64/../lib/:/lib/loongarch64-linux-gnu/:/lib/../lib/:/usr/lib/loongarch64-linux-gnu/:/usr/lib/../lib/:/lib64/:/usr/lib64/:/lib/:/usr/lib/
COLLECT_GCC_OPTIONS='-v' '-rdynamic' '-o' 'cmTC_8ea17' '-march=loongarch64' '-mabi=lp64'
 /usr/lib/gcc/loongarch64-linux-gnu/8/collect2 -plugin /usr/lib/gcc/loongarch64-linux-gnu/8/liblto_plugin.so -plugin-opt=/usr/lib/gcc/loongarch64-linux-gnu/8/lto-wrapper -plugin-opt=-fresolution=/tmp/ccG0uqBn.res -plugin-opt=-pass-through=-lgcc -plugin-opt=-pass-through=-lgcc_s -plugin-opt=-pass-through=-lc -plugin-opt=-pass-through=-lgcc -plugin-opt=-pass-through=-lgcc_s --build-id --eh-frame-hdr -export-dynamic -dynamic-linker /lib64/ld.so.1 -melf64loongarch -o cmTC_8ea17 /lib/loongarch64-linux-gnu/crt1.o /lib/loongarch64-linux-gnu/crti.o /usr/lib/gcc/loongarch64-linux-gnu/8/crtbegin.o -L/usr/lib/gcc/loongarch64-linux-gnu/8 -L/lib64/../lib -L/usr/lib64/../lib -L/lib/loongarch64-linux-gnu -L/lib/../lib -L/usr/lib/loongarch64-linux-gnu -L/usr/lib/../lib -L/lib64 -L/usr/lib64 CMakeFiles/cmTC_8ea17.dir/CMakeCCompilerABI.c.o -lgcc --push-state --as-needed -lgcc_s --pop-state -lc -lgcc --push-state --as-needed -lgcc_s --pop-state /usr/lib/gcc/loongarch64-linux-gnu/8/crtend.o /lib/loongarch64-linux-gnu/crtn.o
COLLECT_GCC_OPTIONS='-v' '-rdynamic' '-o' 'cmTC_8ea17' '-march=loongarch64' '-mabi=lp64'
make[1]: 离开目录“/home/tiger/linux/gtkmm/cmake-build-Debug/1-Hello/CMakeFiles/CMakeTmp”


Parsed C implicit link information from above output:
  link line regex: [^( *|.*[/\])(ld|CMAKE_LINK_STARTFILE-NOTFOUND|([^/\]+-)?ld|collect2)[^/\]*( |$)]
  ignore line: [Change Dir: /home/tiger/linux/gtkmm/cmake-build-Debug/1-Hello/CMakeFiles/CMakeTmp]
  ignore line: []
  ignore line: [Run Build Command:"/usr/bin/make" "cmTC_8ea17/fast"]
  ignore line: [/usr/bin/make -f CMakeFiles/cmTC_8ea17.dir/build.make CMakeFiles/cmTC_8ea17.dir/build]
  ignore line: [make[1]: 进入目录“/home/tiger/linux/gtkmm/cmake-build-Debug/1-Hello/CMakeFiles/CMakeTmp”]
  ignore line: [Building C object CMakeFiles/cmTC_8ea17.dir/CMakeCCompilerABI.c.o]
  ignore line: [/usr/bin/cc    -o CMakeFiles/cmTC_8ea17.dir/CMakeCCompilerABI.c.o   -c /usr/share/cmake-3.13/Modules/CMakeCCompilerABI.c]
  ignore line: [Linking C executable cmTC_8ea17]
  ignore line: [/usr/bin/cmake -E cmake_link_script CMakeFiles/cmTC_8ea17.dir/link.txt --verbose=1]
  ignore line: [/usr/bin/cc     -v -rdynamic CMakeFiles/cmTC_8ea17.dir/CMakeCCompilerABI.c.o  -o cmTC_8ea17 ]
  ignore line: [Using built-in specs.]
  ignore line: [COLLECT_GCC=/usr/bin/cc]
  ignore line: [COLLECT_LTO_WRAPPER=/usr/lib/gcc/loongarch64-linux-gnu/8/lto-wrapper]
  ignore line: [Target: loongarch64-linux-gnu]
  ignore line: [Configured with: ../src/configure -v --with-pkgversion='Loongnix 8.3.0-6.lnd.vec.27' --with-bugurl=file:///usr/share/doc/gcc-8/README.Bugs --enable-languages=c,c++,fortran --prefix=/usr --with-gcc-major-version-only --program-suffix=-8 --program-prefix=loongarch64-linux-gnu- --enable-shared --enable-linker-build-id --libexecdir=/usr/lib --without-included-gettext --enable-threads=posix --libdir=/usr/lib --enable-nls --enable-clocale=gnu --enable-libstdcxx-debug --enable-libstdcxx-time=yes --with-default-libstdcxx-abi=new --enable-gnu-unique-object --disable-libitm --disable-libsanitizer --disable-libquadmath --disable-libquadmath-support --enable-plugin --with-system-zlib --enable-multiarch --disable-werror --with-arch=loongarch64 --with-abi=lp64 --enable-tls --disable-host-shared --disable-emultls --enable-checking=release --build=loongarch64-linux-gnu --host=loongarch64-linux-gnu --target=loongarch64-linux-gnu]
  ignore line: [Thread model: posix]
  ignore line: [gcc version 8.3.0 (Loongnix 8.3.0-6.lnd.vec.27) ]
  ignore line: [COMPILER_PATH=/usr/lib/gcc/loongarch64-linux-gnu/8/:/usr/lib/gcc/loongarch64-linux-gnu/8/:/usr/lib/gcc/loongarch64-linux-gnu/:/usr/lib/gcc/loongarch64-linux-gnu/8/:/usr/lib/gcc/loongarch64-linux-gnu/]
  ignore line: [LIBRARY_PATH=/usr/lib/gcc/loongarch64-linux-gnu/8/:/lib64/../lib/:/usr/lib64/../lib/:/lib/loongarch64-linux-gnu/:/lib/../lib/:/usr/lib/loongarch64-linux-gnu/:/usr/lib/../lib/:/lib64/:/usr/lib64/:/lib/:/usr/lib/]
  ignore line: [COLLECT_GCC_OPTIONS='-v' '-rdynamic' '-o' 'cmTC_8ea17' '-march=loongarch64' '-mabi=lp64']
  link line: [ /usr/lib/gcc/loongarch64-linux-gnu/8/collect2 -plugin /usr/lib/gcc/loongarch64-linux-gnu/8/liblto_plugin.so -plugin-opt=/usr/lib/gcc/loongarch64-linux-gnu/8/lto-wrapper -plugin-opt=-fresolution=/tmp/ccG0uqBn.res -plugin-opt=-pass-through=-lgcc -plugin-opt=-pass-through=-lgcc_s -plugin-opt=-pass-through=-lc -plugin-opt=-pass-through=-lgcc -plugin-opt=-pass-through=-lgcc_s --build-id --eh-frame-hdr -export-dynamic -dynamic-linker /lib64/ld.so.1 -melf64loongarch -o cmTC_8ea17 /lib/loongarch64-linux-gnu/crt1.o /lib/loongarch64-linux-gnu/crti.o /usr/lib/gcc/loongarch64-linux-gnu/8/crtbegin.o -L/usr/lib/gcc/loongarch64-linux-gnu/8 -L/lib64/../lib -L/usr/lib64/../lib -L/lib/loongarch64-linux-gnu -L/lib/../lib -L/usr/lib/loongarch64-linux-gnu -L/usr/lib/../lib -L/lib64 -L/usr/lib64 CMakeFiles/cmTC_8ea17.dir/CMakeCCompilerABI.c.o -lgcc --push-state --as-needed -lgcc_s --pop-state -lc -lgcc --push-state --as-needed -lgcc_s --pop-state /usr/lib/gcc/loongarch64-linux-gnu/8/crtend.o /lib/loongarch64-linux-gnu/crtn.o]
    arg [/usr/lib/gcc/loongarch64-linux-gnu/8/collect2] ==> ignore
    arg [-plugin] ==> ignore
    arg [/usr/lib/gcc/loongarch64-linux-gnu/8/liblto_plugin.so] ==> ignore
    arg [-plugin-opt=/usr/lib/gcc/loongarch64-linux-gnu/8/lto-wrapper] ==> ignore
    arg [-plugin-opt=-fresolution=/tmp/ccG0uqBn.res] ==> ignore
    arg [-plugin-opt=-pass-through=-lgcc] ==> ignore
    arg [-plugin-opt=-pass-through=-lgcc_s] ==> ignore
    arg [-plugin-opt=-pass-through=-lc] ==> ignore
    arg [-plugin-opt=-pass-through=-lgcc] ==> ignore
    arg [-plugin-opt=-pass-through=-lgcc_s] ==> ignore
    arg [--build-id] ==> ignore
    arg [--eh-frame-hdr] ==> ignore
    arg [-export-dynamic] ==> ignore
    arg [-dynamic-linker] ==> ignore
    arg [/lib64/ld.so.1] ==> ignore
    arg [-melf64loongarch] ==> ignore
    arg [-o] ==> ignore
    arg [cmTC_8ea17] ==> ignore
    arg [/lib/loongarch64-linux-gnu/crt1.o] ==> ignore
    arg [/lib/loongarch64-linux-gnu/crti.o] ==> ignore
    arg [/usr/lib/gcc/loongarch64-linux-gnu/8/crtbegin.o] ==> ignore
    arg [-L/usr/lib/gcc/loongarch64-linux-gnu/8] ==> dir [/usr/lib/gcc/loongarch64-linux-gnu/8]
    arg [-L/lib64/../lib] ==> dir [/lib64/../lib]
    arg [-L/usr/lib64/../lib] ==> dir [/usr/lib64/../lib]
    arg [-L/lib/loongarch64-linux-gnu] ==> dir [/lib/loongarch64-linux-gnu]
    arg [-L/lib/../lib] ==> dir [/lib/../lib]
    arg [-L/usr/lib/loongarch64-linux-gnu] ==> dir [/usr/lib/loongarch64-linux-gnu]
    arg [-L/usr/lib/../lib] ==> dir [/usr/lib/../lib]
    arg [-L/lib64] ==> dir [/lib64]
    arg [-L/usr/lib64] ==> dir [/usr/lib64]
    arg [CMakeFiles/cmTC_8ea17.dir/CMakeCCompilerABI.c.o] ==> ignore
    arg [-lgcc] ==> lib [gcc]
    arg [--push-state] ==> ignore
    arg [--as-needed] ==> ignore
    arg [-lgcc_s] ==> lib [gcc_s]
    arg [--pop-state] ==> ignore
    arg [-lc] ==> lib [c]
    arg [-lgcc] ==> lib [gcc]
    arg [--push-state] ==> ignore
    arg [--as-needed] ==> ignore
    arg [-lgcc_s] ==> lib [gcc_s]
    arg [--pop-state] ==> ignore
    arg [/usr/lib/gcc/loongarch64-linux-gnu/8/crtend.o] ==> ignore
    arg [/lib/loongarch64-linux-gnu/crtn.o] ==> ignore
  collapse library dir [/usr/lib/gcc/loongarch64-linux-gnu/8] ==> [/usr/lib/gcc/loongarch64-linux-gnu/8]
  collapse library dir [/lib64/../lib] ==> [/lib]
  collapse library dir [/usr/lib64/../lib] ==> [/usr/lib]
  collapse library dir [/lib/loongarch64-linux-gnu] ==> [/lib/loongarch64-linux-gnu]
  collapse library dir [/lib/../lib] ==> [/lib]
  collapse library dir [/usr/lib/loongarch64-linux-gnu] ==> [/usr/lib/loongarch64-linux-gnu]
  collapse library dir [/usr/lib/../lib] ==> [/usr/lib]
  collapse library dir [/lib64] ==> [/lib64]
  collapse library dir [/usr/lib64] ==> [/usr/lib64]
  implicit libs: [gcc;gcc_s;c;gcc;gcc_s]
  implicit dirs: [/usr/lib/gcc/loongarch64-linux-gnu/8;/lib;/usr/lib;/lib/loongarch64-linux-gnu;/usr/lib/loongarch64-linux-gnu;/lib64;/usr/lib64]
  implicit fwks: []




Detecting C [-std=c11] compiler features compiled with the following output:
Change Dir: /home/tiger/linux/gtkmm/cmake-build-Debug/1-Hello/CMakeFiles/CMakeTmp

Run Build Command:"/usr/bin/make" "cmTC_af7e0/fast"
/usr/bin/make -f CMakeFiles/cmTC_af7e0.dir/build.make CMakeFiles/cmTC_af7e0.dir/build
make[1]: 进入目录“/home/tiger/linux/gtkmm/cmake-build-Debug/1-Hello/CMakeFiles/CMakeTmp”
Building C object CMakeFiles/cmTC_af7e0.dir/feature_tests.c.o
/usr/bin/cc   -std=c11 -o CMakeFiles/cmTC_af7e0.dir/feature_tests.c.o   -c /home/tiger/linux/gtkmm/cmake-build-Debug/1-Hello/CMakeFiles/feature_tests.c
Linking C executable cmTC_af7e0
/usr/bin/cmake -E cmake_link_script CMakeFiles/cmTC_af7e0.dir/link.txt --verbose=1
/usr/bin/cc      -rdynamic CMakeFiles/cmTC_af7e0.dir/feature_tests.c.o  -o cmTC_af7e0 
make[1]: 离开目录“/home/tiger/linux/gtkmm/cmake-build-Debug/1-Hello/CMakeFiles/CMakeTmp”


    Feature record: C_FEATURE:1c_function_prototypes
    Feature record: C_FEATURE:1c_restrict
    Feature record: C_FEATURE:1c_static_assert
    Feature record: C_FEATURE:1c_variadic_macros


Detecting C [-std=c99] compiler features compiled with the following output:
Change Dir: /home/tiger/linux/gtkmm/cmake-build-Debug/1-Hello/CMakeFiles/CMakeTmp

Run Build Command:"/usr/bin/make" "cmTC_355ed/fast"
/usr/bin/make -f CMakeFiles/cmTC_355ed.dir/build.make CMakeFiles/cmTC_355ed.dir/build
make[1]: 进入目录“/home/tiger/linux/gtkmm/cmake-build-Debug/1-Hello/CMakeFiles/CMakeTmp”
Building C object CMakeFiles/cmTC_355ed.dir/feature_tests.c.o
/usr/bin/cc   -std=c99 -o CMakeFiles/cmTC_355ed.dir/feature_tests.c.o   -c /home/tiger/linux/gtkmm/cmake-build-Debug/1-Hello/CMakeFiles/feature_tests.c
Linking C executable cmTC_355ed
/usr/bin/cmake -E cmake_link_script CMakeFiles/cmTC_355ed.dir/link.txt --verbose=1
/usr/bin/cc      -rdynamic CMakeFiles/cmTC_355ed.dir/feature_tests.c.o  -o cmTC_355ed 
make[1]: 离开目录“/home/tiger/linux/gtkmm/cmake-build-Debug/1-Hello/CMakeFiles/CMakeTmp”


    Feature record: C_FEATURE:1c_function_prototypes
    Feature record: C_FEATURE:1c_restrict
    Feature record: C_FEATURE:0c_static_assert
    Feature record: C_FEATURE:1c_variadic_macros


Detecting C [-std=c90] compiler features compiled with the following output:
Change Dir: /home/tiger/linux/gtkmm/cmake-build-Debug/1-Hello/CMakeFiles/CMakeTmp

Run Build Command:"/usr/bin/make" "cmTC_bac61/fast"
/usr/bin/make -f CMakeFiles/cmTC_bac61.dir/build.make CMakeFiles/cmTC_bac61.dir/build
make[1]: 进入目录“/home/tiger/linux/gtkmm/cmake-build-Debug/1-Hello/CMakeFiles/CMakeTmp”
Building C object CMakeFiles/cmTC_bac61.dir/feature_tests.c.o
/usr/bin/cc   -std=c90 -o CMakeFiles/cmTC_bac61.dir/feature_tests.c.o   -c /home/tiger/linux/gtkmm/cmake-build-Debug/1-Hello/CMakeFiles/feature_tests.c
Linking C executable cmTC_bac61
/usr/bin/cmake -E cmake_link_script CMakeFiles/cmTC_bac61.dir/link.txt --verbose=1
/usr/bin/cc      -rdynamic CMakeFiles/cmTC_bac61.dir/feature_tests.c.o  -o cmTC_bac61 
make[1]: 离开目录“/home/tiger/linux/gtkmm/cmake-build-Debug/1-Hello/CMakeFiles/CMakeTmp”


    Feature record: C_FEATURE:1c_function_prototypes
    Feature record: C_FEATURE:0c_restrict
    Feature record: C_FEATURE:0c_static_assert
    Feature record: C_FEATURE:0c_variadic_macros
Determining if the CXX compiler works passed with the following output:
Change Dir: /home/tiger/linux/gtkmm/cmake-build-Debug/1-Hello/CMakeFiles/CMakeTmp

Run Build Command:"/usr/bin/make" "cmTC_43bdb/fast"
/usr/bin/make -f CMakeFiles/cmTC_43bdb.dir/build.make CMakeFiles/cmTC_43bdb.dir/build
make[1]: 进入目录“/home/tiger/linux/gtkmm/cmake-build-Debug/1-Hello/CMakeFiles/CMakeTmp”
Building CXX object CMakeFiles/cmTC_43bdb.dir/testCXXCompiler.cxx.o
/usr/bin/c++     -o CMakeFiles/cmTC_43bdb.dir/testCXXCompiler.cxx.o -c /home/tiger/linux/gtkmm/cmake-build-Debug/1-Hello/CMakeFiles/CMakeTmp/testCXXCompiler.cxx
Linking CXX executable cmTC_43bdb
/usr/bin/cmake -E cmake_link_script CMakeFiles/cmTC_43bdb.dir/link.txt --verbose=1
/usr/bin/c++       -rdynamic CMakeFiles/cmTC_43bdb.dir/testCXXCompiler.cxx.o  -o cmTC_43bdb 
make[1]: 离开目录“/home/tiger/linux/gtkmm/cmake-build-Debug/1-Hello/CMakeFiles/CMakeTmp”


Detecting CXX compiler ABI info compiled with the following output:
Change Dir: /home/tiger/linux/gtkmm/cmake-build-Debug/1-Hello/CMakeFiles/CMakeTmp

Run Build Command:"/usr/bin/make" "cmTC_daa99/fast"
/usr/bin/make -f CMakeFiles/cmTC_daa99.dir/build.make CMakeFiles/cmTC_daa99.dir/build
make[1]: 进入目录“/home/tiger/linux/gtkmm/cmake-build-Debug/1-Hello/CMakeFiles/CMakeTmp”
Building CXX object CMakeFiles/cmTC_daa99.dir/CMakeCXXCompilerABI.cpp.o
/usr/bin/c++     -o CMakeFiles/cmTC_daa99.dir/CMakeCXXCompilerABI.cpp.o -c /usr/share/cmake-3.13/Modules/CMakeCXXCompilerABI.cpp
Linking CXX executable cmTC_daa99
/usr/bin/cmake -E cmake_link_script CMakeFiles/cmTC_daa99.dir/link.txt --verbose=1
/usr/bin/c++      -v -rdynamic CMakeFiles/cmTC_daa99.dir/CMakeCXXCompilerABI.cpp.o  -o cmTC_daa99 
Using built-in specs.
COLLECT_GCC=/usr/bin/c++
COLLECT_LTO_WRAPPER=/usr/lib/gcc/loongarch64-linux-gnu/8/lto-wrapper
Target: loongarch64-linux-gnu
Configured with: ../src/configure -v --with-pkgversion='Loongnix 8.3.0-6.lnd.vec.27' --with-bugurl=file:///usr/share/doc/gcc-8/README.Bugs --enable-languages=c,c++,fortran --prefix=/usr --with-gcc-major-version-only --program-suffix=-8 --program-prefix=loongarch64-linux-gnu- --enable-shared --enable-linker-build-id --libexecdir=/usr/lib --without-included-gettext --enable-threads=posix --libdir=/usr/lib --enable-nls --enable-clocale=gnu --enable-libstdcxx-debug --enable-libstdcxx-time=yes --with-default-libstdcxx-abi=new --enable-gnu-unique-object --disable-libitm --disable-libsanitizer --disable-libquadmath --disable-libquadmath-support --enable-plugin --with-system-zlib --enable-multiarch --disable-werror --with-arch=loongarch64 --with-abi=lp64 --enable-tls --disable-host-shared --disable-emultls --enable-checking=release --build=loongarch64-linux-gnu --host=loongarch64-linux-gnu --target=loongarch64-linux-gnu
Thread model: posix
gcc version 8.3.0 (Loongnix 8.3.0-6.lnd.vec.27) 
COMPILER_PATH=/usr/lib/gcc/loongarch64-linux-gnu/8/:/usr/lib/gcc/loongarch64-linux-gnu/8/:/usr/lib/gcc/loongarch64-linux-gnu/:/usr/lib/gcc/loongarch64-linux-gnu/8/:/usr/lib/gcc/loongarch64-linux-gnu/
LIBRARY_PATH=/usr/lib/gcc/loongarch64-linux-gnu/8/:/lib64/../lib/:/usr/lib64/../lib/:/lib/loongarch64-linux-gnu/:/lib/../lib/:/usr/lib/loongarch64-linux-gnu/:/usr/lib/../lib/:/lib64/:/usr/lib64/:/lib/:/usr/lib/
COLLECT_GCC_OPTIONS='-v' '-rdynamic' '-o' 'cmTC_daa99' '-shared-libgcc' '-march=loongarch64' '-mabi=lp64'
 /usr/lib/gcc/loongarch64-linux-gnu/8/collect2 -plugin /usr/lib/gcc/loongarch64-linux-gnu/8/liblto_plugin.so -plugin-opt=/usr/lib/gcc/loongarch64-linux-gnu/8/lto-wrapper -plugin-opt=-fresolution=/tmp/ccM0MnMW.res -plugin-opt=-pass-through=-lgcc_s -plugin-opt=-pass-through=-lgcc -plugin-opt=-pass-through=-lc -plugin-opt=-pass-through=-lgcc_s -plugin-opt=-pass-through=-lgcc --build-id --eh-frame-hdr -export-dynamic -dynamic-linker /lib64/ld.so.1 -melf64loongarch -o cmTC_daa99 /lib/loongarch64-linux-gnu/crt1.o /lib/loongarch64-linux-gnu/crti.o /usr/lib/gcc/loongarch64-linux-gnu/8/crtbegin.o -L/usr/lib/gcc/loongarch64-linux-gnu/8 -L/lib64/../lib -L/usr/lib64/../lib -L/lib/loongarch64-linux-gnu -L/lib/../lib -L/usr/lib/loongarch64-linux-gnu -L/usr/lib/../lib -L/lib64 -L/usr/lib64 CMakeFiles/cmTC_daa99.dir/CMakeCXXCompilerABI.cpp.o -lstdc++ -lm -lgcc_s -lgcc -lc -lgcc_s -lgcc /usr/lib/gcc/loongarch64-linux-gnu/8/crtend.o /lib/loongarch64-linux-gnu/crtn.o
COLLECT_GCC_OPTIONS='-v' '-rdynamic' '-o' 'cmTC_daa99' '-shared-libgcc' '-march=loongarch64' '-mabi=lp64'
make[1]: 离开目录“/home/tiger/linux/gtkmm/cmake-build-Debug/1-Hello/CMakeFiles/CMakeTmp”


Parsed CXX implicit link information from above output:
  link line regex: [^( *|.*[/\])(ld|CMAKE_LINK_STARTFILE-NOTFOUND|([^/\]+-)?ld|collect2)[^/\]*( |$)]
  ignore line: [Change Dir: /home/tiger/linux/gtkmm/cmake-build-Debug/1-Hello/CMakeFiles/CMakeTmp]
  ignore line: []
  ignore line: [Run Build Command:"/usr/bin/make" "cmTC_daa99/fast"]
  ignore line: [/usr/bin/make -f CMakeFiles/cmTC_daa99.dir/build.make CMakeFiles/cmTC_daa99.dir/build]
  ignore line: [make[1]: 进入目录“/home/tiger/linux/gtkmm/cmake-build-Debug/1-Hello/CMakeFiles/CMakeTmp”]
  ignore line: [Building CXX object CMakeFiles/cmTC_daa99.dir/CMakeCXXCompilerABI.cpp.o]
  ignore line: [/usr/bin/c++     -o CMakeFiles/cmTC_daa99.dir/CMakeCXXCompilerABI.cpp.o -c /usr/share/cmake-3.13/Modules/CMakeCXXCompilerABI.cpp]
  ignore line: [Linking CXX executable cmTC_daa99]
  ignore line: [/usr/bin/cmake -E cmake_link_script CMakeFiles/cmTC_daa99.dir/link.txt --verbose=1]
  ignore line: [/usr/bin/c++      -v -rdynamic CMakeFiles/cmTC_daa99.dir/CMakeCXXCompilerABI.cpp.o  -o cmTC_daa99 ]
  ignore line: [Using built-in specs.]
  ignore line: [COLLECT_GCC=/usr/bin/c++]
  ignore line: [COLLECT_LTO_WRAPPER=/usr/lib/gcc/loongarch64-linux-gnu/8/lto-wrapper]
  ignore line: [Target: loongarch64-linux-gnu]
  ignore line: [Configured with: ../src/configure -v --with-pkgversion='Loongnix 8.3.0-6.lnd.vec.27' --with-bugurl=file:///usr/share/doc/gcc-8/README.Bugs --enable-languages=c,c++,fortran --prefix=/usr --with-gcc-major-version-only --program-suffix=-8 --program-prefix=loongarch64-linux-gnu- --enable-shared --enable-linker-build-id --libexecdir=/usr/lib --without-included-gettext --enable-threads=posix --libdir=/usr/lib --enable-nls --enable-clocale=gnu --enable-libstdcxx-debug --enable-libstdcxx-time=yes --with-default-libstdcxx-abi=new --enable-gnu-unique-object --disable-libitm --disable-libsanitizer --disable-libquadmath --disable-libquadmath-support --enable-plugin --with-system-zlib --enable-multiarch --disable-werror --with-arch=loongarch64 --with-abi=lp64 --enable-tls --disable-host-shared --disable-emultls --enable-checking=release --build=loongarch64-linux-gnu --host=loongarch64-linux-gnu --target=loongarch64-linux-gnu]
  ignore line: [Thread model: posix]
  ignore line: [gcc version 8.3.0 (Loongnix 8.3.0-6.lnd.vec.27) ]
  ignore line: [COMPILER_PATH=/usr/lib/gcc/loongarch64-linux-gnu/8/:/usr/lib/gcc/loongarch64-linux-gnu/8/:/usr/lib/gcc/loongarch64-linux-gnu/:/usr/lib/gcc/loongarch64-linux-gnu/8/:/usr/lib/gcc/loongarch64-linux-gnu/]
  ignore line: [LIBRARY_PATH=/usr/lib/gcc/loongarch64-linux-gnu/8/:/lib64/../lib/:/usr/lib64/../lib/:/lib/loongarch64-linux-gnu/:/lib/../lib/:/usr/lib/loongarch64-linux-gnu/:/usr/lib/../lib/:/lib64/:/usr/lib64/:/lib/:/usr/lib/]
  ignore line: [COLLECT_GCC_OPTIONS='-v' '-rdynamic' '-o' 'cmTC_daa99' '-shared-libgcc' '-march=loongarch64' '-mabi=lp64']
  link line: [ /usr/lib/gcc/loongarch64-linux-gnu/8/collect2 -plugin /usr/lib/gcc/loongarch64-linux-gnu/8/liblto_plugin.so -plugin-opt=/usr/lib/gcc/loongarch64-linux-gnu/8/lto-wrapper -plugin-opt=-fresolution=/tmp/ccM0MnMW.res -plugin-opt=-pass-through=-lgcc_s -plugin-opt=-pass-through=-lgcc -plugin-opt=-pass-through=-lc -plugin-opt=-pass-through=-lgcc_s -plugin-opt=-pass-through=-lgcc --build-id --eh-frame-hdr -export-dynamic -dynamic-linker /lib64/ld.so.1 -melf64loongarch -o cmTC_daa99 /lib/loongarch64-linux-gnu/crt1.o /lib/loongarch64-linux-gnu/crti.o /usr/lib/gcc/loongarch64-linux-gnu/8/crtbegin.o -L/usr/lib/gcc/loongarch64-linux-gnu/8 -L/lib64/../lib -L/usr/lib64/../lib -L/lib/loongarch64-linux-gnu -L/lib/../lib -L/usr/lib/loongarch64-linux-gnu -L/usr/lib/../lib -L/lib64 -L/usr/lib64 CMakeFiles/cmTC_daa99.dir/CMakeCXXCompilerABI.cpp.o -lstdc++ -lm -lgcc_s -lgcc -lc -lgcc_s -lgcc /usr/lib/gcc/loongarch64-linux-gnu/8/crtend.o /lib/loongarch64-linux-gnu/crtn.o]
    arg [/usr/lib/gcc/loongarch64-linux-gnu/8/collect2] ==> ignore
    arg [-plugin] ==> ignore
    arg [/usr/lib/gcc/loongarch64-linux-gnu/8/liblto_plugin.so] ==> ignore
    arg [-plugin-opt=/usr/lib/gcc/loongarch64-linux-gnu/8/lto-wrapper] ==> ignore
    arg [-plugin-opt=-fresolution=/tmp/ccM0MnMW.res] ==> ignore
    arg [-plugin-opt=-pass-through=-lgcc_s] ==> ignore
    arg [-plugin-opt=-pass-through=-lgcc] ==> ignore
    arg [-plugin-opt=-pass-through=-lc] ==> ignore
    arg [-plugin-opt=-pass-through=-lgcc_s] ==> ignore
    arg [-plugin-opt=-pass-through=-lgcc] ==> ignore
    arg [--build-id] ==> ignore
    arg [--eh-frame-hdr] ==> ignore
    arg [-export-dynamic] ==> ignore
    arg [-dynamic-linker] ==> ignore
    arg [/lib64/ld.so.1] ==> ignore
    arg [-melf64loongarch] ==> ignore
    arg [-o] ==> ignore
    arg [cmTC_daa99] ==> ignore
    arg [/lib/loongarch64-linux-gnu/crt1.o] ==> ignore
    arg [/lib/loongarch64-linux-gnu/crti.o] ==> ignore
    arg [/usr/lib/gcc/loongarch64-linux-gnu/8/crtbegin.o] ==> ignore
    arg [-L/usr/lib/gcc/loongarch64-linux-gnu/8] ==> dir [/usr/lib/gcc/loongarch64-linux-gnu/8]
    arg [-L/lib64/../lib] ==> dir [/lib64/../lib]
    arg [-L/usr/lib64/../lib] ==> dir [/usr/lib64/../lib]
    arg [-L/lib/loongarch64-linux-gnu] ==> dir [/lib/loongarch64-linux-gnu]
    arg [-L/lib/../lib] ==> dir [/lib/../lib]
    arg [-L/usr/lib/loongarch64-linux-gnu] ==> dir [/usr/lib/loongarch64-linux-gnu]
    arg [-L/usr/lib/../lib] ==> dir [/usr/lib/../lib]
    arg [-L/lib64] ==> dir [/lib64]
    arg [-L/usr/lib64] ==> dir [/usr/lib64]
    arg [CMakeFiles/cmTC_daa99.dir/CMakeCXXCompilerABI.cpp.o] ==> ignore
    arg [-lstdc++] ==> lib [stdc++]
    arg [-lm] ==> lib [m]
    arg [-lgcc_s] ==> lib [gcc_s]
    arg [-lgcc] ==> lib [gcc]
    arg [-lc] ==> lib [c]
    arg [-lgcc_s] ==> lib [gcc_s]
    arg [-lgcc] ==> lib [gcc]
    arg [/usr/lib/gcc/loongarch64-linux-gnu/8/crtend.o] ==> ignore
    arg [/lib/loongarch64-linux-gnu/crtn.o] ==> ignore
  collapse library dir [/usr/lib/gcc/loongarch64-linux-gnu/8] ==> [/usr/lib/gcc/loongarch64-linux-gnu/8]
  collapse library dir [/lib64/../lib] ==> [/lib]
  collapse library dir [/usr/lib64/../lib] ==> [/usr/lib]
  collapse library dir [/lib/loongarch64-linux-gnu] ==> [/lib/loongarch64-linux-gnu]
  collapse library dir [/lib/../lib] ==> [/lib]
  collapse library dir [/usr/lib/loongarch64-linux-gnu] ==> [/usr/lib/loongarch64-linux-gnu]
  collapse library dir [/usr/lib/../lib] ==> [/usr/lib]
  collapse library dir [/lib64] ==> [/lib64]
  collapse library dir [/usr/lib64] ==> [/usr/lib64]
  implicit libs: [stdc++;m;gcc_s;gcc;c;gcc_s;gcc]
  implicit dirs: [/usr/lib/gcc/loongarch64-linux-gnu/8;/lib;/usr/lib;/lib/loongarch64-linux-gnu;/usr/lib/loongarch64-linux-gnu;/lib64;/usr/lib64]
  implicit fwks: []




Detecting CXX [-std=c++2a] compiler features compiled with the following output:
Change Dir: /home/tiger/linux/gtkmm/cmake-build-Debug/1-Hello/CMakeFiles/CMakeTmp

Run Build Command:"/usr/bin/make" "cmTC_8b7ec/fast"
/usr/bin/make -f CMakeFiles/cmTC_8b7ec.dir/build.make CMakeFiles/cmTC_8b7ec.dir/build
make[1]: 进入目录“/home/tiger/linux/gtkmm/cmake-build-Debug/1-Hello/CMakeFiles/CMakeTmp”
Building CXX object CMakeFiles/cmTC_8b7ec.dir/feature_tests.cxx.o
/usr/bin/c++    -std=c++2a -o CMakeFiles/cmTC_8b7ec.dir/feature_tests.cxx.o -c /home/tiger/linux/gtkmm/cmake-build-Debug/1-Hello/CMakeFiles/feature_tests.cxx
Linking CXX executable cmTC_8b7ec
/usr/bin/cmake -E cmake_link_script CMakeFiles/cmTC_8b7ec.dir/link.txt --verbose=1
/usr/bin/c++       -rdynamic CMakeFiles/cmTC_8b7ec.dir/feature_tests.cxx.o  -o cmTC_8b7ec 
make[1]: 离开目录“/home/tiger/linux/gtkmm/cmake-build-Debug/1-Hello/CMakeFiles/CMakeTmp”


    Feature record: CXX_FEATURE:1cxx_aggregate_default_initializers
    Feature record: CXX_FEATURE:1cxx_alias_templates
    Feature record: CXX_FEATURE:1cxx_alignas
    Feature record: CXX_FEATURE:1cxx_alignof
    Feature record: CXX_FEATURE:1cxx_attributes
    Feature record: CXX_FEATURE:1cxx_attribute_deprecated
    Feature record: CXX_FEATURE:1cxx_auto_type
    Feature record: CXX_FEATURE:1cxx_binary_literals
    Feature record: CXX_FEATURE:1cxx_constexpr
    Feature record: CXX_FEATURE:1cxx_contextual_conversions
    Feature record: CXX_FEATURE:1cxx_decltype
    Feature record: CXX_FEATURE:1cxx_decltype_auto
    Feature record: CXX_FEATURE:1cxx_decltype_incomplete_return_types
    Feature record: CXX_FEATURE:1cxx_default_function_template_args
    Feature record: CXX_FEATURE:1cxx_defaulted_functions
    Feature record: CXX_FEATURE:1cxx_defaulted_move_initializers
    Feature record: CXX_FEATURE:1cxx_delegating_constructors
    Feature record: CXX_FEATURE:1cxx_deleted_functions
    Feature record: CXX_FEATURE:1cxx_digit_separators
    Feature record: CXX_FEATURE:1cxx_enum_forward_declarations
    Feature record: CXX_FEATURE:1cxx_explicit_conversions
    Feature record: CXX_FEATURE:1cxx_extended_friend_declarations
    Feature record: CXX_FEATURE:1cxx_extern_templates
    Feature record: CXX_FEATURE:1cxx_final
    Feature record: CXX_FEATURE:1cxx_func_identifier
    Feature record: CXX_FEATURE:1cxx_generalized_initializers
    Feature record: CXX_FEATURE:1cxx_generic_lambdas
    Feature record: CXX_FEATURE:1cxx_inheriting_constructors
    Feature record: CXX_FEATURE:1cxx_inline_namespaces
    Feature record: CXX_FEATURE:1cxx_lambdas
    Feature record: CXX_FEATURE:1cxx_lambda_init_captures
    Feature record: CXX_FEATURE:1cxx_local_type_template_args
    Feature record: CXX_FEATURE:1cxx_long_long_type
    Feature record: CXX_FEATURE:1cxx_noexcept
    Feature record: CXX_FEATURE:1cxx_nonstatic_member_init
    Feature record: CXX_FEATURE:1cxx_nullptr
    Feature record: CXX_FEATURE:1cxx_override
    Feature record: CXX_FEATURE:1cxx_range_for
    Feature record: CXX_FEATURE:1cxx_raw_string_literals
    Feature record: CXX_FEATURE:1cxx_reference_qualified_functions
    Feature record: CXX_FEATURE:1cxx_relaxed_constexpr
    Feature record: CXX_FEATURE:1cxx_return_type_deduction
    Feature record: CXX_FEATURE:1cxx_right_angle_brackets
    Feature record: CXX_FEATURE:1cxx_rvalue_references
    Feature record: CXX_FEATURE:1cxx_sizeof_member
    Feature record: CXX_FEATURE:1cxx_static_assert
    Feature record: CXX_FEATURE:1cxx_strong_enums
    Feature record: CXX_FEATURE:1cxx_template_template_parameters
    Feature record: CXX_FEATURE:1cxx_thread_local
    Feature record: CXX_FEATURE:1cxx_trailing_return_types
    Feature record: CXX_FEATURE:1cxx_unicode_literals
    Feature record: CXX_FEATURE:1cxx_uniform_initialization
    Feature record: CXX_FEATURE:1cxx_unrestricted_unions
    Feature record: CXX_FEATURE:1cxx_user_literals
    Feature record: CXX_FEATURE:1cxx_variable_templates
    Feature record: CXX_FEATURE:1cxx_variadic_macros
    Feature record: CXX_FEATURE:1cxx_variadic_templates


Detecting CXX [-std=c++17] compiler features compiled with the following output:
Change Dir: /home/tiger/linux/gtkmm/cmake-build-Debug/1-Hello/CMakeFiles/CMakeTmp

Run Build Command:"/usr/bin/make" "cmTC_d99f8/fast"
/usr/bin/make -f CMakeFiles/cmTC_d99f8.dir/build.make CMakeFiles/cmTC_d99f8.dir/build
make[1]: 进入目录“/home/tiger/linux/gtkmm/cmake-build-Debug/1-Hello/CMakeFiles/CMakeTmp”
Building CXX object CMakeFiles/cmTC_d99f8.dir/feature_tests.cxx.o
/usr/bin/c++    -std=c++17 -o CMakeFiles/cmTC_d99f8.dir/feature_tests.cxx.o -c /home/tiger/linux/gtkmm/cmake-build-Debug/1-Hello/CMakeFiles/feature_tests.cxx
Linking CXX executable cmTC_d99f8
/usr/bin/cmake -E cmake_link_script CMakeFiles/cmTC_d99f8.dir/link.txt --verbose=1
/usr/bin/c++       -rdynamic CMakeFiles/cmTC_d99f8.dir/feature_tests.cxx.o  -o cmTC_d99f8 
make[1]: 离开目录“/home/tiger/linux/gtkmm/cmake-build-Debug/1-Hello/CMakeFiles/CMakeTmp”


    Feature record: CXX_FEATURE:1cxx_aggregate_default_initializers
    Feature record: CXX_FEATURE:1cxx_alias_templates
    Feature record: CXX_FEATURE:1cxx_alignas
    Feature record: CXX_FEATURE:1cxx_alignof
    Feature record: CXX_FEATURE:1cxx_attributes
    Feature record: CXX_FEATURE:1cxx_attribute_deprecated
    Feature record: CXX_FEATURE:1cxx_auto_type
    Feature record: CXX_FEATURE:1cxx_binary_literals
    Feature record: CXX_FEATURE:1cxx_constexpr
    Feature record: CXX_FEATURE:1cxx_contextual_conversions
    Feature record: CXX_FEATURE:1cxx_decltype
    Feature record: CXX_FEATURE:1cxx_decltype_auto
    Feature record: CXX_FEATURE:1cxx_decltype_incomplete_return_types
    Feature record: CXX_FEATURE:1cxx_default_function_template_args
    Feature record: CXX_FEATURE:1cxx_defaulted_functions
    Feature record: CXX_FEATURE:1cxx_defaulted_move_initializers
    Feature record: CXX_FEATURE:1cxx_delegating_constructors
    Feature record: CXX_FEATURE:1cxx_deleted_functions
    Feature record: CXX_FEATURE:1cxx_digit_separators
    Feature record: CXX_FEATURE:1cxx_enum_forward_declarations
    Feature record: CXX_FEATURE:1cxx_explicit_conversions
    Feature record: CXX_FEATURE:1cxx_extended_friend_declarations
    Feature record: CXX_FEATURE:1cxx_extern_templates
    Feature record: CXX_FEATURE:1cxx_final
    Feature record: CXX_FEATURE:1cxx_func_identifier
    Feature record: CXX_FEATURE:1cxx_generalized_initializers
    Feature record: CXX_FEATURE:1cxx_generic_lambdas
    Feature record: CXX_FEATURE:1cxx_inheriting_constructors
    Feature record: CXX_FEATURE:1cxx_inline_namespaces
    Feature record: CXX_FEATURE:1cxx_lambdas
    Feature record: CXX_FEATURE:1cxx_lambda_init_captures
    Feature record: CXX_FEATURE:1cxx_local_type_template_args
    Feature record: CXX_FEATURE:1cxx_long_long_type
    Feature record: CXX_FEATURE:1cxx_noexcept
    Feature record: CXX_FEATURE:1cxx_nonstatic_member_init
    Feature record: CXX_FEATURE:1cxx_nullptr
    Feature record: CXX_FEATURE:1cxx_override
    Feature record: CXX_FEATURE:1cxx_range_for
    Feature record: CXX_FEATURE:1cxx_raw_string_literals
    Feature record: CXX_FEATURE:1cxx_reference_qualified_functions
    Feature record: CXX_FEATURE:1cxx_relaxed_constexpr
    Feature record: CXX_FEATURE:1cxx_return_type_deduction
    Feature record: CXX_FEATURE:1cxx_right_angle_brackets
    Feature record: CXX_FEATURE:1cxx_rvalue_references
    Feature record: CXX_FEATURE:1cxx_sizeof_member
    Feature record: CXX_FEATURE:1cxx_static_assert
    Feature record: CXX_FEATURE:1cxx_strong_enums
    Feature record: CXX_FEATURE:1cxx_template_template_parameters
    Feature record: CXX_FEATURE:1cxx_thread_local
    Feature record: CXX_FEATURE:1cxx_trailing_return_types
    Feature record: CXX_FEATURE:1cxx_unicode_literals
    Feature record: CXX_FEATURE:1cxx_uniform_initialization
    Feature record: CXX_FEATURE:1cxx_unrestricted_unions
    Feature record: CXX_FEATURE:1cxx_user_literals
    Feature record: CXX_FEATURE:1cxx_variable_templates
    Feature record: CXX_FEATURE:1cxx_variadic_macros
    Feature record: CXX_FEATURE:1cxx_variadic_templates


Detecting CXX [-std=c++14] compiler features compiled with the following output:
Change Dir: /home/tiger/linux/gtkmm/cmake-build-Debug/1-Hello/CMakeFiles/CMakeTmp

Run Build Command:"/usr/bin/make" "cmTC_e55e8/fast"
/usr/bin/make -f CMakeFiles/cmTC_e55e8.dir/build.make CMakeFiles/cmTC_e55e8.dir/build
make[1]: 进入目录“/home/tiger/linux/gtkmm/cmake-build-Debug/1-Hello/CMakeFiles/CMakeTmp”
Building CXX object CMakeFiles/cmTC_e55e8.dir/feature_tests.cxx.o
/usr/bin/c++    -std=c++14 -o CMakeFiles/cmTC_e55e8.dir/feature_tests.cxx.o -c /home/tiger/linux/gtkmm/cmake-build-Debug/1-Hello/CMakeFiles/feature_tests.cxx
Linking CXX executable cmTC_e55e8
/usr/bin/cmake -E cmake_link_script CMakeFiles/cmTC_e55e8.dir/link.txt --verbose=1
/usr/bin/c++       -rdynamic CMakeFiles/cmTC_e55e8.dir/feature_tests.cxx.o  -o cmTC_e55e8 
make[1]: 离开目录“/home/tiger/linux/gtkmm/cmake-build-Debug/1-Hello/CMakeFiles/CMakeTmp”


    Feature record: CXX_FEATURE:1cxx_aggregate_default_initializers
    Feature record: CXX_FEATURE:1cxx_alias_templates
    Feature record: CXX_FEATURE:1cxx_alignas
    Feature record: CXX_FEATURE:1cxx_alignof
    Feature record: CXX_FEATURE:1cxx_attributes
    Feature record: CXX_FEATURE:1cxx_attribute_deprecated
    Feature record: CXX_FEATURE:1cxx_auto_type
    Feature record: CXX_FEATURE:1cxx_binary_literals
    Feature record: CXX_FEATURE:1cxx_constexpr
    Feature record: CXX_FEATURE:1cxx_contextual_conversions
    Feature record: CXX_FEATURE:1cxx_decltype
    Feature record: CXX_FEATURE:1cxx_decltype_auto
    Feature record: CXX_FEATURE:1cxx_decltype_incomplete_return_types
    Feature record: CXX_FEATURE:1cxx_default_function_template_args
    Feature record: CXX_FEATURE:1cxx_defaulted_functions
    Feature record: CXX_FEATURE:1cxx_defaulted_move_initializers
    Feature record: CXX_FEATURE:1cxx_delegating_constructors
    Feature record: CXX_FEATURE:1cxx_deleted_functions
    Feature record: CXX_FEATURE:1cxx_digit_separators
    Feature record: CXX_FEATURE:1cxx_enum_forward_declarations
    Feature record: CXX_FEATURE:1cxx_explicit_conversions
    Feature record: CXX_FEATURE:1cxx_extended_friend_declarations
    Feature record: CXX_FEATURE:1cxx_extern_templates
    Feature record: CXX_FEATURE:1cxx_final
    Feature record: CXX_FEATURE:1cxx_func_identifier
    Feature record: CXX_FEATURE:1cxx_generalized_initializers
    Feature record: CXX_FEATURE:1cxx_generic_lambdas
    Feature record: CXX_FEATURE:1cxx_inheriting_constructors
    Feature record: CXX_FEATURE:1cxx_inline_namespaces
    Feature record: CXX_FEATURE:1cxx_lambdas
    Feature record: CXX_FEATURE:1cxx_lambda_init_captures
    Feature record: CXX_FEATURE:1cxx_local_type_template_args
    Feature record: CXX_FEATURE:1cxx_long_long_type
    Feature record: CXX_FEATURE:1cxx_noexcept
    Feature record: CXX_FEATURE:1cxx_nonstatic_member_init
    Feature record: CXX_FEATURE:1cxx_nullptr
    Feature record: CXX_FEATURE:1cxx_override
    Feature record: CXX_FEATURE:1cxx_range_for
    Feature record: CXX_FEATURE:1cxx_raw_string_literals
    Feature record: CXX_FEATURE:1cxx_reference_qualified_functions
    Feature record: CXX_FEATURE:1cxx_relaxed_constexpr
    Feature record: CXX_FEATURE:1cxx_return_type_deduction
    Feature record: CXX_FEATURE:1cxx_right_angle_brackets
    Feature record: CXX_FEATURE:1cxx_rvalue_references
    Feature record: CXX_FEATURE:1cxx_sizeof_member
    Feature record: CXX_FEATURE:1cxx_static_assert
    Feature record: CXX_FEATURE:1cxx_strong_enums
    Feature record: CXX_FEATURE:1cxx_template_template_parameters
    Feature record: CXX_FEATURE:1cxx_thread_local
    Feature record: CXX_FEATURE:1cxx_trailing_return_types
    Feature record: CXX_FEATURE:1cxx_unicode_literals
    Feature record: CXX_FEATURE:1cxx_uniform_initialization
    Feature record: CXX_FEATURE:1cxx_unrestricted_unions
    Feature record: CXX_FEATURE:1cxx_user_literals
    Feature record: CXX_FEATURE:1cxx_variable_templates
    Feature record: CXX_FEATURE:1cxx_variadic_macros
    Feature record: CXX_FEATURE:1cxx_variadic_templates


Detecting CXX [-std=c++11] compiler features compiled with the following output:
Change Dir: /home/tiger/linux/gtkmm/cmake-build-Debug/1-Hello/CMakeFiles/CMakeTmp

Run Build Command:"/usr/bin/make" "cmTC_050e2/fast"
/usr/bin/make -f CMakeFiles/cmTC_050e2.dir/build.make CMakeFiles/cmTC_050e2.dir/build
make[1]: 进入目录“/home/tiger/linux/gtkmm/cmake-build-Debug/1-Hello/CMakeFiles/CMakeTmp”
Building CXX object CMakeFiles/cmTC_050e2.dir/feature_tests.cxx.o
/usr/bin/c++    -std=c++11 -o CMakeFiles/cmTC_050e2.dir/feature_tests.cxx.o -c /home/tiger/linux/gtkmm/cmake-build-Debug/1-Hello/CMakeFiles/feature_tests.cxx
Linking CXX executable cmTC_050e2
/usr/bin/cmake -E cmake_link_script CMakeFiles/cmTC_050e2.dir/link.txt --verbose=1
/usr/bin/c++       -rdynamic CMakeFiles/cmTC_050e2.dir/feature_tests.cxx.o  -o cmTC_050e2 
make[1]: 离开目录“/home/tiger/linux/gtkmm/cmake-build-Debug/1-Hello/CMakeFiles/CMakeTmp”


    Feature record: CXX_FEATURE:0cxx_aggregate_default_initializers
    Feature record: CXX_FEATURE:1cxx_alias_templates
    Feature record: CXX_FEATURE:1cxx_alignas
    Feature record: CXX_FEATURE:1cxx_alignof
    Feature record: CXX_FEATURE:1cxx_attributes
    Feature record: CXX_FEATURE:0cxx_attribute_deprecated
    Feature record: CXX_FEATURE:1cxx_auto_type
    Feature record: CXX_FEATURE:0cxx_binary_literals
    Feature record: CXX_FEATURE:1cxx_constexpr
    Feature record: CXX_FEATURE:0cxx_contextual_conversions
    Feature record: CXX_FEATURE:1cxx_decltype
    Feature record: CXX_FEATURE:0cxx_decltype_auto
    Feature record: CXX_FEATURE:1cxx_decltype_incomplete_return_types
    Feature record: CXX_FEATURE:1cxx_default_function_template_args
    Feature record: CXX_FEATURE:1cxx_defaulted_functions
    Feature record: CXX_FEATURE:1cxx_defaulted_move_initializers
    Feature record: CXX_FEATURE:1cxx_delegating_constructors
    Feature record: CXX_FEATURE:1cxx_deleted_functions
    Feature record: CXX_FEATURE:0cxx_digit_separators
    Feature record: CXX_FEATURE:1cxx_enum_forward_declarations
    Feature record: CXX_FEATURE:1cxx_explicit_conversions
    Feature record: CXX_FEATURE:1cxx_extended_friend_declarations
    Feature record: CXX_FEATURE:1cxx_extern_templates
    Feature record: CXX_FEATURE:1cxx_final
    Feature record: CXX_FEATURE:1cxx_func_identifier
    Feature record: CXX_FEATURE:1cxx_generalized_initializers
    Feature record: CXX_FEATURE:0cxx_generic_lambdas
    Feature record: CXX_FEATURE:1cxx_inheriting_constructors
    Feature record: CXX_FEATURE:1cxx_inline_namespaces
    Feature record: CXX_FEATURE:1cxx_lambdas
    Feature record: CXX_FEATURE:0cxx_lambda_init_captures
    Feature record: CXX_FEATURE:1cxx_local_type_template_args
    Feature record: CXX_FEATURE:1cxx_long_long_type
    Feature record: CXX_FEATURE:1cxx_noexcept
    Feature record: CXX_FEATURE:1cxx_nonstatic_member_init
    Feature record: CXX_FEATURE:1cxx_nullptr
    Feature record: CXX_FEATURE:1cxx_override
    Feature record: CXX_FEATURE:1cxx_range_for
    Feature record: CXX_FEATURE:1cxx_raw_string_literals
    Feature record: CXX_FEATURE:1cxx_reference_qualified_functions
    Feature record: CXX_FEATURE:0cxx_relaxed_constexpr
    Feature record: CXX_FEATURE:0cxx_return_type_deduction
    Feature record: CXX_FEATURE:1cxx_right_angle_brackets
    Feature record: CXX_FEATURE:1cxx_rvalue_references
    Feature record: CXX_FEATURE:1cxx_sizeof_member
    Feature record: CXX_FEATURE:1cxx_static_assert
    Feature record: CXX_FEATURE:1cxx_strong_enums
    Feature record: CXX_FEATURE:1cxx_template_template_parameters
    Feature record: CXX_FEATURE:1cxx_thread_local
    Feature record: CXX_FEATURE:1cxx_trailing_return_types
    Feature record: CXX_FEATURE:1cxx_unicode_literals
    Feature record: CXX_FEATURE:1cxx_uniform_initialization
    Feature record: CXX_FEATURE:1cxx_unrestricted_unions
    Feature record: CXX_FEATURE:1cxx_user_literals
    Feature record: CXX_FEATURE:0cxx_variable_templates
    Feature record: CXX_FEATURE:1cxx_variadic_macros
    Feature record: CXX_FEATURE:1cxx_variadic_templates


Detecting CXX [-std=c++98] compiler features compiled with the following output:
Change Dir: /home/tiger/linux/gtkmm/cmake-build-Debug/1-Hello/CMakeFiles/CMakeTmp

Run Build Command:"/usr/bin/make" "cmTC_3b02f/fast"
/usr/bin/make -f CMakeFiles/cmTC_3b02f.dir/build.make CMakeFiles/cmTC_3b02f.dir/build
make[1]: 进入目录“/home/tiger/linux/gtkmm/cmake-build-Debug/1-Hello/CMakeFiles/CMakeTmp”
Building CXX object CMakeFiles/cmTC_3b02f.dir/feature_tests.cxx.o
/usr/bin/c++    -std=c++98 -o CMakeFiles/cmTC_3b02f.dir/feature_tests.cxx.o -c /home/tiger/linux/gtkmm/cmake-build-Debug/1-Hello/CMakeFiles/feature_tests.cxx
Linking CXX executable cmTC_3b02f
/usr/bin/cmake -E cmake_link_script CMakeFiles/cmTC_3b02f.dir/link.txt --verbose=1
/usr/bin/c++       -rdynamic CMakeFiles/cmTC_3b02f.dir/feature_tests.cxx.o  -o cmTC_3b02f 
make[1]: 离开目录“/home/tiger/linux/gtkmm/cmake-build-Debug/1-Hello/CMakeFiles/CMakeTmp”


    Feature record: CXX_FEATURE:0cxx_aggregate_default_initializers
    Feature record: CXX_FEATURE:0cxx_alias_templates
    Feature record: CXX_FEATURE:0cxx_alignas
    Feature record: CXX_FEATURE:0cxx_alignof
    Feature record: CXX_FEATURE:0cxx_attributes
    Feature record: CXX_FEATURE:0cxx_attribute_deprecated
    Feature record: CXX_FEATURE:0cxx_auto_type
    Feature record: CXX_FEATURE:0cxx_binary_literals
    Feature record: CXX_FEATURE:0cxx_constexpr
    Feature record: CXX_FEATURE:0cxx_contextual_conversions
    Feature record: CXX_FEATURE:0cxx_decltype
    Feature record: CXX_FEATURE:0cxx_decltype_auto
    Feature record: CXX_FEATURE:0cxx_decltype_incomplete_return_types
    Feature record: CXX_FEATURE:0cxx_default_function_template_args
    Feature record: CXX_FEATURE:0cxx_defaulted_functions
    Feature record: CXX_FEATURE:0cxx_defaulted_move_initializers
    Feature record: CXX_FEATURE:0cxx_delegating_constructors
    Feature record: CXX_FEATURE:0cxx_deleted_functions
    Feature record: CXX_FEATURE:0cxx_digit_separators
    Feature record: CXX_FEATURE:0cxx_enum_forward_declarations
    Feature record: CXX_FEATURE:0cxx_explicit_conversions
    Feature record: CXX_FEATURE:0cxx_extended_friend_declarations
    Feature record: CXX_FEATURE:0cxx_extern_templates
    Feature record: CXX_FEATURE:0cxx_final
    Feature record: CXX_FEATURE:0cxx_func_identifier
    Feature record: CXX_FEATURE:0cxx_generalized_initializers
    Feature record: CXX_FEATURE:0cxx_generic_lambdas
    Feature record: CXX_FEATURE:0cxx_inheriting_constructors
    Feature record: CXX_FEATURE:0cxx_inline_namespaces
    Feature record: CXX_FEATURE:0cxx_lambdas
    Feature record: CXX_FEATURE:0cxx_lambda_init_captures
    Feature record: CXX_FEATURE:0cxx_local_type_template_args
    Feature record: CXX_FEATURE:0cxx_long_long_type
    Feature record: CXX_FEATURE:0cxx_noexcept
    Feature record: CXX_FEATURE:0cxx_nonstatic_member_init
    Feature record: CXX_FEATURE:0cxx_nullptr
    Feature record: CXX_FEATURE:0cxx_override
    Feature record: CXX_FEATURE:0cxx_range_for
    Feature record: CXX_FEATURE:0cxx_raw_string_literals
    Feature record: CXX_FEATURE:0cxx_reference_qualified_functions
    Feature record: CXX_FEATURE:0cxx_relaxed_constexpr
    Feature record: CXX_FEATURE:0cxx_return_type_deduction
    Feature record: CXX_FEATURE:0cxx_right_angle_brackets
    Feature record: CXX_FEATURE:0cxx_rvalue_references
    Feature record: CXX_FEATURE:0cxx_sizeof_member
    Feature record: CXX_FEATURE:0cxx_static_assert
    Feature record: CXX_FEATURE:0cxx_strong_enums
    Feature record: CXX_FEATURE:1cxx_template_template_parameters
    Feature record: CXX_FEATURE:0cxx_thread_local
    Feature record: CXX_FEATURE:0cxx_trailing_return_types
    Feature record: CXX_FEATURE:0cxx_unicode_literals
    Feature record: CXX_FEATURE:0cxx_uniform_initialization
    Feature record: CXX_FEATURE:0cxx_unrestricted_unions
    Feature record: CXX_FEATURE:0cxx_user_literals
    Feature record: CXX_FEATURE:0cxx_variable_templates
    Feature record: CXX_FEATURE:0cxx_variadic_macros
    Feature record: CXX_FEATURE:0cxx_variadic_templates
