The system is: Linux - 4.19.0-18-loongson-3 - loongarch64
Compiling the CXX compiler identification source file "CMakeCXXCompilerId.cpp" succeeded.
Compiler: /usr/bin/c++ 
Build flags: 
Id flags:  

The output was:
0


Compilation of the CXX compiler identification source "CMakeCXXCompilerId.cpp" produced "a.out"

The CXX compiler identification is GNU, found in "/home/tiger/LinuxProgramming/QtApp/CMakeFiles/3.24.3/CompilerIdCXX/a.out"

Detecting CXX compiler ABI info compiled with the following output:
Change Dir: /home/tiger/LinuxProgramming/QtApp/CMakeFiles/CMakeTmp

Run Build Command(s):/usr/bin/make -f Makefile cmTC_8a31c/fast && /usr/bin/make  -f CMakeFiles/cmTC_8a31c.dir/build.make CMakeFiles/cmTC_8a31c.dir/build
make[1]: Entering directory '/home/tiger/LinuxProgramming/QtApp/CMakeFiles/CMakeTmp'
Building CXX object CMakeFiles/cmTC_8a31c.dir/CMakeCXXCompilerABI.cpp.o
/usr/bin/c++   -v -o CMakeFiles/cmTC_8a31c.dir/CMakeCXXCompilerABI.cpp.o -c /usr/local/share/cmake-3.24/Modules/CMakeCXXCompilerABI.cpp
Using built-in specs.
COLLECT_GCC=/usr/bin/c++
Target: loongarch64-linux-gnu
Configured with: ../src/configure -v --with-pkgversion='Loongnix 8.3.0-6.lnd.vec.33' --with-bugurl=file:///usr/share/doc/gcc-8/README.Bugs --enable-languages=c,c++,fortran --prefix=/usr --with-gcc-major-version-only --program-suffix=-8 --program-prefix=loongarch64-linux-gnu- --enable-shared --enable-linker-build-id --libexecdir=/usr/lib --without-included-gettext --enable-threads=posix --libdir=/usr/lib --enable-nls --enable-clocale=gnu --enable-libstdcxx-debug --enable-libstdcxx-time=yes --with-default-libstdcxx-abi=new --enable-gnu-unique-object --disable-libitm --disable-libsanitizer --disable-libquadmath --disable-libquadmath-support --enable-plugin --with-system-zlib --enable-multiarch --disable-werror --with-arch=loongarch64 --with-abi=lp64 --enable-tls --disable-host-shared --disable-emultls --enable-checking=release --build=loongarch64-linux-gnu --host=loongarch64-linux-gnu --target=loongarch64-linux-gnu
Thread model: posix
gcc version 8.3.0 (Loongnix 8.3.0-6.lnd.vec.33) 
COLLECT_GCC_OPTIONS='-v' '-o' 'CMakeFiles/cmTC_8a31c.dir/CMakeCXXCompilerABI.cpp.o' '-c' '-shared-libgcc' '-mabi=lp64d' '-march=loongarch64' '-mfpu=64' '-mcmodel=normal' '-mtune=la464'
 /usr/lib/gcc/loongarch64-linux-gnu/8/cc1plus -quiet -v -imultilib . -imultiarch loongarch64-linux-gnu -D_GNU_SOURCE /usr/local/share/cmake-3.24/Modules/CMakeCXXCompilerABI.cpp -quiet -dumpbase CMakeCXXCompilerABI.cpp -mabi=lp64d -march=loongarch64 -mfpu=64 -mcmodel=normal -mtune=la464 -auxbase-strip CMakeFiles/cmTC_8a31c.dir/CMakeCXXCompilerABI.cpp.o -version -o /tmp/ccC2NBoJ.s
GNU C++14 (Loongnix 8.3.0-6.lnd.vec.33) version 8.3.0 (loongarch64-linux-gnu)
	compiled by GNU C version 8.3.0, GMP version 6.1.2, MPFR version 4.0.2, MPC version 1.1.0, isl version isl-0.20-GMP

GGC heuristics: --param ggc-min-expand=100 --param ggc-min-heapsize=131072
ignoring duplicate directory "/usr/include/loongarch64-linux-gnu/c++/8"
ignoring nonexistent directory "/usr/local/include/loongarch64-linux-gnu"
ignoring nonexistent directory "/usr/lib/gcc/loongarch64-linux-gnu/8/../../../../loongarch64-linux-gnu/include"
#include "..." search starts here:
#include <...> search starts here:
 /usr/include/c++/8
 /usr/include/loongarch64-linux-gnu/c++/8
 /usr/include/c++/8/backward
 /usr/lib/gcc/loongarch64-linux-gnu/8/include
 /usr/local/include
 /usr/lib/gcc/loongarch64-linux-gnu/8/include-fixed
 /usr/include/loongarch64-linux-gnu
 /usr/include
End of search list.
GNU C++14 (Loongnix 8.3.0-6.lnd.vec.33) version 8.3.0 (loongarch64-linux-gnu)
	compiled by GNU C version 8.3.0, GMP version 6.1.2, MPFR version 4.0.2, MPC version 1.1.0, isl version isl-0.20-GMP

GGC heuristics: --param ggc-min-expand=100 --param ggc-min-heapsize=131072
Compiler executable checksum: 71e2c37d058b3476bc7818fad9853c14
COLLECT_GCC_OPTIONS='-v' '-o' 'CMakeFiles/cmTC_8a31c.dir/CMakeCXXCompilerABI.cpp.o' '-c' '-shared-libgcc' '-mabi=lp64d' '-march=loongarch64' '-mfpu=64' '-mcmodel=normal' '-mtune=la464'
 as -v -mabi=lp64 -o CMakeFiles/cmTC_8a31c.dir/CMakeCXXCompilerABI.cpp.o /tmp/ccC2NBoJ.s
GNU assembler version 2.31.1 (loongarch64-linux-gnu) using BFD version (GNU Binutils for Loongnix) 2.31.1-system.20190122
COMPILER_PATH=/usr/lib/gcc/loongarch64-linux-gnu/8/:/usr/lib/gcc/loongarch64-linux-gnu/8/:/usr/lib/gcc/loongarch64-linux-gnu/:/usr/lib/gcc/loongarch64-linux-gnu/8/:/usr/lib/gcc/loongarch64-linux-gnu/
LIBRARY_PATH=/usr/lib/gcc/loongarch64-linux-gnu/8/:/usr/lib/gcc/loongarch64-linux-gnu/8/../../../loongarch64-linux-gnu/:/usr/lib/gcc/loongarch64-linux-gnu/8/../../../../lib/:/lib/loongarch64-linux-gnu/:/lib/../lib/:/usr/lib/loongarch64-linux-gnu/:/usr/lib/../lib/:/usr/lib/gcc/loongarch64-linux-gnu/8/../../../:/lib/:/usr/lib/
COLLECT_GCC_OPTIONS='-v' '-o' 'CMakeFiles/cmTC_8a31c.dir/CMakeCXXCompilerABI.cpp.o' '-c' '-shared-libgcc' '-mabi=lp64d' '-march=loongarch64' '-mfpu=64' '-mcmodel=normal' '-mtune=la464'
Linking CXX executable cmTC_8a31c
/usr/local/bin/cmake -E cmake_link_script CMakeFiles/cmTC_8a31c.dir/link.txt --verbose=1
/usr/bin/c++  -v CMakeFiles/cmTC_8a31c.dir/CMakeCXXCompilerABI.cpp.o -o cmTC_8a31c 
Using built-in specs.
COLLECT_GCC=/usr/bin/c++
COLLECT_LTO_WRAPPER=/usr/lib/gcc/loongarch64-linux-gnu/8/lto-wrapper
Target: loongarch64-linux-gnu
Configured with: ../src/configure -v --with-pkgversion='Loongnix 8.3.0-6.lnd.vec.33' --with-bugurl=file:///usr/share/doc/gcc-8/README.Bugs --enable-languages=c,c++,fortran --prefix=/usr --with-gcc-major-version-only --program-suffix=-8 --program-prefix=loongarch64-linux-gnu- --enable-shared --enable-linker-build-id --libexecdir=/usr/lib --without-included-gettext --enable-threads=posix --libdir=/usr/lib --enable-nls --enable-clocale=gnu --enable-libstdcxx-debug --enable-libstdcxx-time=yes --with-default-libstdcxx-abi=new --enable-gnu-unique-object --disable-libitm --disable-libsanitizer --disable-libquadmath --disable-libquadmath-support --enable-plugin --with-system-zlib --enable-multiarch --disable-werror --with-arch=loongarch64 --with-abi=lp64 --enable-tls --disable-host-shared --disable-emultls --enable-checking=release --build=loongarch64-linux-gnu --host=loongarch64-linux-gnu --target=loongarch64-linux-gnu
Thread model: posix
gcc version 8.3.0 (Loongnix 8.3.0-6.lnd.vec.33) 
COMPILER_PATH=/usr/lib/gcc/loongarch64-linux-gnu/8/:/usr/lib/gcc/loongarch64-linux-gnu/8/:/usr/lib/gcc/loongarch64-linux-gnu/:/usr/lib/gcc/loongarch64-linux-gnu/8/:/usr/lib/gcc/loongarch64-linux-gnu/
LIBRARY_PATH=/usr/lib/gcc/loongarch64-linux-gnu/8/:/usr/lib/gcc/loongarch64-linux-gnu/8/../../../loongarch64-linux-gnu/:/usr/lib/gcc/loongarch64-linux-gnu/8/../../../../lib/:/lib/loongarch64-linux-gnu/:/lib/../lib/:/usr/lib/loongarch64-linux-gnu/:/usr/lib/../lib/:/usr/lib/gcc/loongarch64-linux-gnu/8/../../../:/lib/:/usr/lib/
COLLECT_GCC_OPTIONS='-v' '-o' 'cmTC_8a31c' '-shared-libgcc' '-mabi=lp64d' '-march=loongarch64' '-mfpu=64' '-mcmodel=normal' '-mtune=la464'
 /usr/lib/gcc/loongarch64-linux-gnu/8/collect2 -plugin /usr/lib/gcc/loongarch64-linux-gnu/8/liblto_plugin.so -plugin-opt=/usr/lib/gcc/loongarch64-linux-gnu/8/lto-wrapper -plugin-opt=-fresolution=/tmp/ccMoGrCM.res -plugin-opt=-pass-through=-lgcc_s -plugin-opt=-pass-through=-lgcc -plugin-opt=-pass-through=-lc -plugin-opt=-pass-through=-lgcc_s -plugin-opt=-pass-through=-lgcc --build-id --eh-frame-hdr -m elf64loongarch -dynamic-linker /lib64/ld.so.1 -o cmTC_8a31c /usr/lib/gcc/loongarch64-linux-gnu/8/../../../loongarch64-linux-gnu/crt1.o /usr/lib/gcc/loongarch64-linux-gnu/8/../../../loongarch64-linux-gnu/crti.o /usr/lib/gcc/loongarch64-linux-gnu/8/crtbegin.o -L/usr/lib/gcc/loongarch64-linux-gnu/8 -L/usr/lib/gcc/loongarch64-linux-gnu/8/../../../loongarch64-linux-gnu -L/usr/lib/gcc/loongarch64-linux-gnu/8/../../../../lib -L/lib/loongarch64-linux-gnu -L/lib/../lib -L/usr/lib/loongarch64-linux-gnu -L/usr/lib/../lib -L/usr/lib/gcc/loongarch64-linux-gnu/8/../../.. CMakeFiles/cmTC_8a31c.dir/CMakeCXXCompilerABI.cpp.o -lstdc++ -lm -lgcc_s -lgcc -lc -lgcc_s -lgcc /usr/lib/gcc/loongarch64-linux-gnu/8/crtend.o /usr/lib/gcc/loongarch64-linux-gnu/8/../../../loongarch64-linux-gnu/crtn.o
COLLECT_GCC_OPTIONS='-v' '-o' 'cmTC_8a31c' '-shared-libgcc' '-mabi=lp64d' '-march=loongarch64' '-mfpu=64' '-mcmodel=normal' '-mtune=la464'
make[1]: Leaving directory '/home/tiger/LinuxProgramming/QtApp/CMakeFiles/CMakeTmp'



Parsed CXX implicit include dir info from above output: rv=done
  found start of include info
  found start of implicit include info
    add: [/usr/include/c++/8]
    add: [/usr/include/loongarch64-linux-gnu/c++/8]
    add: [/usr/include/c++/8/backward]
    add: [/usr/lib/gcc/loongarch64-linux-gnu/8/include]
    add: [/usr/local/include]
    add: [/usr/lib/gcc/loongarch64-linux-gnu/8/include-fixed]
    add: [/usr/include/loongarch64-linux-gnu]
    add: [/usr/include]
  end of search list found
  collapse include dir [/usr/include/c++/8] ==> [/usr/include/c++/8]
  collapse include dir [/usr/include/loongarch64-linux-gnu/c++/8] ==> [/usr/include/loongarch64-linux-gnu/c++/8]
  collapse include dir [/usr/include/c++/8/backward] ==> [/usr/include/c++/8/backward]
  collapse include dir [/usr/lib/gcc/loongarch64-linux-gnu/8/include] ==> [/usr/lib/gcc/loongarch64-linux-gnu/8/include]
  collapse include dir [/usr/local/include] ==> [/usr/local/include]
  collapse include dir [/usr/lib/gcc/loongarch64-linux-gnu/8/include-fixed] ==> [/usr/lib/gcc/loongarch64-linux-gnu/8/include-fixed]
  collapse include dir [/usr/include/loongarch64-linux-gnu] ==> [/usr/include/loongarch64-linux-gnu]
  collapse include dir [/usr/include] ==> [/usr/include]
  implicit include dirs: [/usr/include/c++/8;/usr/include/loongarch64-linux-gnu/c++/8;/usr/include/c++/8/backward;/usr/lib/gcc/loongarch64-linux-gnu/8/include;/usr/local/include;/usr/lib/gcc/loongarch64-linux-gnu/8/include-fixed;/usr/include/loongarch64-linux-gnu;/usr/include]


Parsed CXX implicit link information from above output:
  link line regex: [^( *|.*[/\])(ld|CMAKE_LINK_STARTFILE-NOTFOUND|([^/\]+-)?ld|collect2)[^/\]*( |$)]
  ignore line: [Change Dir: /home/tiger/LinuxProgramming/QtApp/CMakeFiles/CMakeTmp]
  ignore line: []
  ignore line: [Run Build Command(s):/usr/bin/make -f Makefile cmTC_8a31c/fast && /usr/bin/make  -f CMakeFiles/cmTC_8a31c.dir/build.make CMakeFiles/cmTC_8a31c.dir/build]
  ignore line: [make[1]: Entering directory '/home/tiger/LinuxProgramming/QtApp/CMakeFiles/CMakeTmp']
  ignore line: [Building CXX object CMakeFiles/cmTC_8a31c.dir/CMakeCXXCompilerABI.cpp.o]
  ignore line: [/usr/bin/c++   -v -o CMakeFiles/cmTC_8a31c.dir/CMakeCXXCompilerABI.cpp.o -c /usr/local/share/cmake-3.24/Modules/CMakeCXXCompilerABI.cpp]
  ignore line: [Using built-in specs.]
  ignore line: [COLLECT_GCC=/usr/bin/c++]
  ignore line: [Target: loongarch64-linux-gnu]
  ignore line: [Configured with: ../src/configure -v --with-pkgversion='Loongnix 8.3.0-6.lnd.vec.33' --with-bugurl=file:///usr/share/doc/gcc-8/README.Bugs --enable-languages=c c++ fortran --prefix=/usr --with-gcc-major-version-only --program-suffix=-8 --program-prefix=loongarch64-linux-gnu- --enable-shared --enable-linker-build-id --libexecdir=/usr/lib --without-included-gettext --enable-threads=posix --libdir=/usr/lib --enable-nls --enable-clocale=gnu --enable-libstdcxx-debug --enable-libstdcxx-time=yes --with-default-libstdcxx-abi=new --enable-gnu-unique-object --disable-libitm --disable-libsanitizer --disable-libquadmath --disable-libquadmath-support --enable-plugin --with-system-zlib --enable-multiarch --disable-werror --with-arch=loongarch64 --with-abi=lp64 --enable-tls --disable-host-shared --disable-emultls --enable-checking=release --build=loongarch64-linux-gnu --host=loongarch64-linux-gnu --target=loongarch64-linux-gnu]
  ignore line: [Thread model: posix]
  ignore line: [gcc version 8.3.0 (Loongnix 8.3.0-6.lnd.vec.33) ]
  ignore line: [COLLECT_GCC_OPTIONS='-v' '-o' 'CMakeFiles/cmTC_8a31c.dir/CMakeCXXCompilerABI.cpp.o' '-c' '-shared-libgcc' '-mabi=lp64d' '-march=loongarch64' '-mfpu=64' '-mcmodel=normal' '-mtune=la464']
  ignore line: [ /usr/lib/gcc/loongarch64-linux-gnu/8/cc1plus -quiet -v -imultilib . -imultiarch loongarch64-linux-gnu -D_GNU_SOURCE /usr/local/share/cmake-3.24/Modules/CMakeCXXCompilerABI.cpp -quiet -dumpbase CMakeCXXCompilerABI.cpp -mabi=lp64d -march=loongarch64 -mfpu=64 -mcmodel=normal -mtune=la464 -auxbase-strip CMakeFiles/cmTC_8a31c.dir/CMakeCXXCompilerABI.cpp.o -version -o /tmp/ccC2NBoJ.s]
  ignore line: [GNU C++14 (Loongnix 8.3.0-6.lnd.vec.33) version 8.3.0 (loongarch64-linux-gnu)]
  ignore line: [	compiled by GNU C version 8.3.0  GMP version 6.1.2  MPFR version 4.0.2  MPC version 1.1.0  isl version isl-0.20-GMP]
  ignore line: []
  ignore line: [GGC heuristics: --param ggc-min-expand=100 --param ggc-min-heapsize=131072]
  ignore line: [ignoring duplicate directory "/usr/include/loongarch64-linux-gnu/c++/8"]
  ignore line: [ignoring nonexistent directory "/usr/local/include/loongarch64-linux-gnu"]
  ignore line: [ignoring nonexistent directory "/usr/lib/gcc/loongarch64-linux-gnu/8/../../../../loongarch64-linux-gnu/include"]
  ignore line: [#include "..." search starts here:]
  ignore line: [#include <...> search starts here:]
  ignore line: [ /usr/include/c++/8]
  ignore line: [ /usr/include/loongarch64-linux-gnu/c++/8]
  ignore line: [ /usr/include/c++/8/backward]
  ignore line: [ /usr/lib/gcc/loongarch64-linux-gnu/8/include]
  ignore line: [ /usr/local/include]
  ignore line: [ /usr/lib/gcc/loongarch64-linux-gnu/8/include-fixed]
  ignore line: [ /usr/include/loongarch64-linux-gnu]
  ignore line: [ /usr/include]
  ignore line: [End of search list.]
  ignore line: [GNU C++14 (Loongnix 8.3.0-6.lnd.vec.33) version 8.3.0 (loongarch64-linux-gnu)]
  ignore line: [	compiled by GNU C version 8.3.0  GMP version 6.1.2  MPFR version 4.0.2  MPC version 1.1.0  isl version isl-0.20-GMP]
  ignore line: []
  ignore line: [GGC heuristics: --param ggc-min-expand=100 --param ggc-min-heapsize=131072]
  ignore line: [Compiler executable checksum: 71e2c37d058b3476bc7818fad9853c14]
  ignore line: [COLLECT_GCC_OPTIONS='-v' '-o' 'CMakeFiles/cmTC_8a31c.dir/CMakeCXXCompilerABI.cpp.o' '-c' '-shared-libgcc' '-mabi=lp64d' '-march=loongarch64' '-mfpu=64' '-mcmodel=normal' '-mtune=la464']
  ignore line: [ as -v -mabi=lp64 -o CMakeFiles/cmTC_8a31c.dir/CMakeCXXCompilerABI.cpp.o /tmp/ccC2NBoJ.s]
  ignore line: [GNU assembler version 2.31.1 (loongarch64-linux-gnu) using BFD version (GNU Binutils for Loongnix) 2.31.1-system.20190122]
  ignore line: [COMPILER_PATH=/usr/lib/gcc/loongarch64-linux-gnu/8/:/usr/lib/gcc/loongarch64-linux-gnu/8/:/usr/lib/gcc/loongarch64-linux-gnu/:/usr/lib/gcc/loongarch64-linux-gnu/8/:/usr/lib/gcc/loongarch64-linux-gnu/]
  ignore line: [LIBRARY_PATH=/usr/lib/gcc/loongarch64-linux-gnu/8/:/usr/lib/gcc/loongarch64-linux-gnu/8/../../../loongarch64-linux-gnu/:/usr/lib/gcc/loongarch64-linux-gnu/8/../../../../lib/:/lib/loongarch64-linux-gnu/:/lib/../lib/:/usr/lib/loongarch64-linux-gnu/:/usr/lib/../lib/:/usr/lib/gcc/loongarch64-linux-gnu/8/../../../:/lib/:/usr/lib/]
  ignore line: [COLLECT_GCC_OPTIONS='-v' '-o' 'CMakeFiles/cmTC_8a31c.dir/CMakeCXXCompilerABI.cpp.o' '-c' '-shared-libgcc' '-mabi=lp64d' '-march=loongarch64' '-mfpu=64' '-mcmodel=normal' '-mtune=la464']
  ignore line: [Linking CXX executable cmTC_8a31c]
  ignore line: [/usr/local/bin/cmake -E cmake_link_script CMakeFiles/cmTC_8a31c.dir/link.txt --verbose=1]
  ignore line: [/usr/bin/c++  -v CMakeFiles/cmTC_8a31c.dir/CMakeCXXCompilerABI.cpp.o -o cmTC_8a31c ]
  ignore line: [Using built-in specs.]
  ignore line: [COLLECT_GCC=/usr/bin/c++]
  ignore line: [COLLECT_LTO_WRAPPER=/usr/lib/gcc/loongarch64-linux-gnu/8/lto-wrapper]
  ignore line: [Target: loongarch64-linux-gnu]
  ignore line: [Configured with: ../src/configure -v --with-pkgversion='Loongnix 8.3.0-6.lnd.vec.33' --with-bugurl=file:///usr/share/doc/gcc-8/README.Bugs --enable-languages=c c++ fortran --prefix=/usr --with-gcc-major-version-only --program-suffix=-8 --program-prefix=loongarch64-linux-gnu- --enable-shared --enable-linker-build-id --libexecdir=/usr/lib --without-included-gettext --enable-threads=posix --libdir=/usr/lib --enable-nls --enable-clocale=gnu --enable-libstdcxx-debug --enable-libstdcxx-time=yes --with-default-libstdcxx-abi=new --enable-gnu-unique-object --disable-libitm --disable-libsanitizer --disable-libquadmath --disable-libquadmath-support --enable-plugin --with-system-zlib --enable-multiarch --disable-werror --with-arch=loongarch64 --with-abi=lp64 --enable-tls --disable-host-shared --disable-emultls --enable-checking=release --build=loongarch64-linux-gnu --host=loongarch64-linux-gnu --target=loongarch64-linux-gnu]
  ignore line: [Thread model: posix]
  ignore line: [gcc version 8.3.0 (Loongnix 8.3.0-6.lnd.vec.33) ]
  ignore line: [COMPILER_PATH=/usr/lib/gcc/loongarch64-linux-gnu/8/:/usr/lib/gcc/loongarch64-linux-gnu/8/:/usr/lib/gcc/loongarch64-linux-gnu/:/usr/lib/gcc/loongarch64-linux-gnu/8/:/usr/lib/gcc/loongarch64-linux-gnu/]
  ignore line: [LIBRARY_PATH=/usr/lib/gcc/loongarch64-linux-gnu/8/:/usr/lib/gcc/loongarch64-linux-gnu/8/../../../loongarch64-linux-gnu/:/usr/lib/gcc/loongarch64-linux-gnu/8/../../../../lib/:/lib/loongarch64-linux-gnu/:/lib/../lib/:/usr/lib/loongarch64-linux-gnu/:/usr/lib/../lib/:/usr/lib/gcc/loongarch64-linux-gnu/8/../../../:/lib/:/usr/lib/]
  ignore line: [COLLECT_GCC_OPTIONS='-v' '-o' 'cmTC_8a31c' '-shared-libgcc' '-mabi=lp64d' '-march=loongarch64' '-mfpu=64' '-mcmodel=normal' '-mtune=la464']
  link line: [ /usr/lib/gcc/loongarch64-linux-gnu/8/collect2 -plugin /usr/lib/gcc/loongarch64-linux-gnu/8/liblto_plugin.so -plugin-opt=/usr/lib/gcc/loongarch64-linux-gnu/8/lto-wrapper -plugin-opt=-fresolution=/tmp/ccMoGrCM.res -plugin-opt=-pass-through=-lgcc_s -plugin-opt=-pass-through=-lgcc -plugin-opt=-pass-through=-lc -plugin-opt=-pass-through=-lgcc_s -plugin-opt=-pass-through=-lgcc --build-id --eh-frame-hdr -m elf64loongarch -dynamic-linker /lib64/ld.so.1 -o cmTC_8a31c /usr/lib/gcc/loongarch64-linux-gnu/8/../../../loongarch64-linux-gnu/crt1.o /usr/lib/gcc/loongarch64-linux-gnu/8/../../../loongarch64-linux-gnu/crti.o /usr/lib/gcc/loongarch64-linux-gnu/8/crtbegin.o -L/usr/lib/gcc/loongarch64-linux-gnu/8 -L/usr/lib/gcc/loongarch64-linux-gnu/8/../../../loongarch64-linux-gnu -L/usr/lib/gcc/loongarch64-linux-gnu/8/../../../../lib -L/lib/loongarch64-linux-gnu -L/lib/../lib -L/usr/lib/loongarch64-linux-gnu -L/usr/lib/../lib -L/usr/lib/gcc/loongarch64-linux-gnu/8/../../.. CMakeFiles/cmTC_8a31c.dir/CMakeCXXCompilerABI.cpp.o -lstdc++ -lm -lgcc_s -lgcc -lc -lgcc_s -lgcc /usr/lib/gcc/loongarch64-linux-gnu/8/crtend.o /usr/lib/gcc/loongarch64-linux-gnu/8/../../../loongarch64-linux-gnu/crtn.o]
    arg [/usr/lib/gcc/loongarch64-linux-gnu/8/collect2] ==> ignore
    arg [-plugin] ==> ignore
    arg [/usr/lib/gcc/loongarch64-linux-gnu/8/liblto_plugin.so] ==> ignore
    arg [-plugin-opt=/usr/lib/gcc/loongarch64-linux-gnu/8/lto-wrapper] ==> ignore
    arg [-plugin-opt=-fresolution=/tmp/ccMoGrCM.res] ==> ignore
    arg [-plugin-opt=-pass-through=-lgcc_s] ==> ignore
    arg [-plugin-opt=-pass-through=-lgcc] ==> ignore
    arg [-plugin-opt=-pass-through=-lc] ==> ignore
    arg [-plugin-opt=-pass-through=-lgcc_s] ==> ignore
    arg [-plugin-opt=-pass-through=-lgcc] ==> ignore
    arg [--build-id] ==> ignore
    arg [--eh-frame-hdr] ==> ignore
    arg [-m] ==> ignore
    arg [elf64loongarch] ==> ignore
    arg [-dynamic-linker] ==> ignore
    arg [/lib64/ld.so.1] ==> ignore
    arg [-o] ==> ignore
    arg [cmTC_8a31c] ==> ignore
    arg [/usr/lib/gcc/loongarch64-linux-gnu/8/../../../loongarch64-linux-gnu/crt1.o] ==> obj [/usr/lib/gcc/loongarch64-linux-gnu/8/../../../loongarch64-linux-gnu/crt1.o]
    arg [/usr/lib/gcc/loongarch64-linux-gnu/8/../../../loongarch64-linux-gnu/crti.o] ==> obj [/usr/lib/gcc/loongarch64-linux-gnu/8/../../../loongarch64-linux-gnu/crti.o]
    arg [/usr/lib/gcc/loongarch64-linux-gnu/8/crtbegin.o] ==> obj [/usr/lib/gcc/loongarch64-linux-gnu/8/crtbegin.o]
    arg [-L/usr/lib/gcc/loongarch64-linux-gnu/8] ==> dir [/usr/lib/gcc/loongarch64-linux-gnu/8]
    arg [-L/usr/lib/gcc/loongarch64-linux-gnu/8/../../../loongarch64-linux-gnu] ==> dir [/usr/lib/gcc/loongarch64-linux-gnu/8/../../../loongarch64-linux-gnu]
    arg [-L/usr/lib/gcc/loongarch64-linux-gnu/8/../../../../lib] ==> dir [/usr/lib/gcc/loongarch64-linux-gnu/8/../../../../lib]
    arg [-L/lib/loongarch64-linux-gnu] ==> dir [/lib/loongarch64-linux-gnu]
    arg [-L/lib/../lib] ==> dir [/lib/../lib]
    arg [-L/usr/lib/loongarch64-linux-gnu] ==> dir [/usr/lib/loongarch64-linux-gnu]
    arg [-L/usr/lib/../lib] ==> dir [/usr/lib/../lib]
    arg [-L/usr/lib/gcc/loongarch64-linux-gnu/8/../../..] ==> dir [/usr/lib/gcc/loongarch64-linux-gnu/8/../../..]
    arg [CMakeFiles/cmTC_8a31c.dir/CMakeCXXCompilerABI.cpp.o] ==> ignore
    arg [-lstdc++] ==> lib [stdc++]
    arg [-lm] ==> lib [m]
    arg [-lgcc_s] ==> lib [gcc_s]
    arg [-lgcc] ==> lib [gcc]
    arg [-lc] ==> lib [c]
    arg [-lgcc_s] ==> lib [gcc_s]
    arg [-lgcc] ==> lib [gcc]
    arg [/usr/lib/gcc/loongarch64-linux-gnu/8/crtend.o] ==> obj [/usr/lib/gcc/loongarch64-linux-gnu/8/crtend.o]
    arg [/usr/lib/gcc/loongarch64-linux-gnu/8/../../../loongarch64-linux-gnu/crtn.o] ==> obj [/usr/lib/gcc/loongarch64-linux-gnu/8/../../../loongarch64-linux-gnu/crtn.o]
  collapse obj [/usr/lib/gcc/loongarch64-linux-gnu/8/../../../loongarch64-linux-gnu/crt1.o] ==> [/usr/lib/loongarch64-linux-gnu/crt1.o]
  collapse obj [/usr/lib/gcc/loongarch64-linux-gnu/8/../../../loongarch64-linux-gnu/crti.o] ==> [/usr/lib/loongarch64-linux-gnu/crti.o]
  collapse obj [/usr/lib/gcc/loongarch64-linux-gnu/8/../../../loongarch64-linux-gnu/crtn.o] ==> [/usr/lib/loongarch64-linux-gnu/crtn.o]
  collapse library dir [/usr/lib/gcc/loongarch64-linux-gnu/8] ==> [/usr/lib/gcc/loongarch64-linux-gnu/8]
  collapse library dir [/usr/lib/gcc/loongarch64-linux-gnu/8/../../../loongarch64-linux-gnu] ==> [/usr/lib/loongarch64-linux-gnu]
  collapse library dir [/usr/lib/gcc/loongarch64-linux-gnu/8/../../../../lib] ==> [/usr/lib]
  collapse library dir [/lib/loongarch64-linux-gnu] ==> [/lib/loongarch64-linux-gnu]
  collapse library dir [/lib/../lib] ==> [/lib]
  collapse library dir [/usr/lib/loongarch64-linux-gnu] ==> [/usr/lib/loongarch64-linux-gnu]
  collapse library dir [/usr/lib/../lib] ==> [/usr/lib]
  collapse library dir [/usr/lib/gcc/loongarch64-linux-gnu/8/../../..] ==> [/usr/lib]
  implicit libs: [stdc++;m;gcc_s;gcc;c;gcc_s;gcc]
  implicit objs: [/usr/lib/loongarch64-linux-gnu/crt1.o;/usr/lib/loongarch64-linux-gnu/crti.o;/usr/lib/gcc/loongarch64-linux-gnu/8/crtbegin.o;/usr/lib/gcc/loongarch64-linux-gnu/8/crtend.o;/usr/lib/loongarch64-linux-gnu/crtn.o]
  implicit dirs: [/usr/lib/gcc/loongarch64-linux-gnu/8;/usr/lib/loongarch64-linux-gnu;/usr/lib;/lib/loongarch64-linux-gnu;/lib]
  implicit fwks: []


