02:01:42 **** Incremental Build of configuration Debug for project CLanguage ****
make all 
Building file: ../src/basic/base_system.c
Invoking: GCC C Compiler
gcc -I/usr/include/gtk-3.0 -I/usr/include/glib-2.0/gobject -I/usr/include/glib-2.0/gio -I/usr/include/at-spi2-atk/2.0 -I/usr/include/gtk-3.0 -I/usr/include/at-spi2-atk/2.0 -I/usr/include/at-spi-2.0 -I/usr/include/dbus-1.0 -I/usr/lib/loongarch64-linux-gnu/dbus-1.0/include -I/usr/include/gtk-3.0 -I/usr/include/gio-unix-2.0 -I/usr/include/cairo -I/usr/include/libdrm -I/usr/include/pango-1.0 -I/usr/include/harfbuzz -I/usr/include/pango-1.0 -I/usr/include/fribidi -I/usr/include/atk-1.0 -I/usr/include/cairo -I/usr/include/pixman-1 -I/usr/include/freetype2 -I/usr/include/libpng16 -I/usr/include/gdk-pixbuf-2.0 -I/usr/include/libmount -I/usr/include/blkid -I/usr/include/uuid -I/usr/include/glib-2.0 -I/usr/lib/loongarch64-linux-gnu/glib-2.0/include -O0 -g3 -Wall -c -fmessage-length=0 -pthread -MMD -MP -MF"src/basic/base_system.d" -MT"src/basic/base_system.o" -o "src/basic/base_system.o" "../src/basic/base_system.c"
In file included from /usr/include/gdk-pixbuf-2.0/gdk-pixbuf/gdk-pixbuf.h:36,
                 from /usr/include/gtk-3.0/gdk/gdkpixbuf.h:33,
                 from /usr/include/gtk-3.0/gdk/gdkcairo.h:29,
                 from /usr/include/gtk-3.0/gdk/gdk.h:33,
                 from /usr/include/gtk-3.0/gtk/gtk.h:30,
                 from ../src/basic/basic.h:10,
                 from ../src/basic/base_system.c:7:
/usr/include/gdk-pixbuf-2.0/gdk-pixbuf/gdk-pixbuf-animation.h:111:79: warning: ‘GTimeVal’ is deprecated: Use 'GDateTime' instead [-Wdeprecated-declarations]
                                                                               const GTimeVal         *start_time);
                                                                               ^~~~~
In file included from /usr/include/glib-2.0/glib/galloca.h:34,
                 from /usr/include/glib-2.0/glib.h:32,
                 from /usr/include/gtk-3.0/gdk/gdkconfig.h:13,
                 from /usr/include/gtk-3.0/gdk/gdk.h:30,
                 from /usr/include/gtk-3.0/gtk/gtk.h:30,
                 from ../src/basic/basic.h:10,
                 from ../src/basic/base_system.c:7:
/usr/include/glib-2.0/glib/gtypes.h:580:8: note: declared here
 struct _GTimeVal
        ^~~~~~~~~
In file included from /usr/include/gdk-pixbuf-2.0/gdk-pixbuf/gdk-pixbuf.h:36,
                 from /usr/include/gtk-3.0/gdk/gdkpixbuf.h:33,
                 from /usr/include/gtk-3.0/gdk/gdkcairo.h:29,
                 from /usr/include/gtk-3.0/gdk/gdk.h:33,
                 from /usr/include/gtk-3.0/gtk/gtk.h:30,
                 from ../src/basic/basic.h:10,
                 from ../src/basic/base_system.c:7:
/usr/include/gdk-pixbuf-2.0/gdk-pixbuf/gdk-pixbuf-animation.h:122:79: warning: ‘GTimeVal’ is deprecated: Use 'GDateTime' instead [-Wdeprecated-declarations]
                                                                               const GTimeVal         *current_time);
                                                                               ^~~~~
In file included from /usr/include/glib-2.0/glib/galloca.h:34,
                 from /usr/include/glib-2.0/glib.h:32,
                 from /usr/include/gtk-3.0/gdk/gdkconfig.h:13,
                 from /usr/include/gtk-3.0/gdk/gdk.h:30,
                 from /usr/include/gtk-3.0/gtk/gtk.h:30,
                 from ../src/basic/basic.h:10,
                 from ../src/basic/base_system.c:7:
/usr/include/glib-2.0/glib/gtypes.h:580:8: note: declared here
 struct _GTimeVal
        ^~~~~~~~~
../src/basic/base_system.c: In function ‘on_button_number_clicked’:
../src/basic/base_system.c:20:48: error: too few arguments to function ‘strtod’
  gtk_list_store_set(store, &iter, 1, to_binary(strtod(entry_number)), -1);
                                                ^~~~~~
In file included from /usr/include/glib-2.0/glib/gutils.h:426,
                 from /usr/include/glib-2.0/glib/gthread.h:36,
                 from /usr/include/glib-2.0/glib/gasyncqueue.h:34,
                 from /usr/include/glib-2.0/glib.h:34,
                 from /usr/include/gtk-3.0/gdk/gdkconfig.h:13,
                 from /usr/include/gtk-3.0/gdk/gdk.h:30,
                 from /usr/include/gtk-3.0/gtk/gtk.h:30,
                 from ../src/basic/basic.h:10,
                 from ../src/basic/base_system.c:7:
/usr/include/stdlib.h:117:15: note: declared here
 extern double strtod (const char *__restrict __nptr,
               ^~~~~~
../src/basic/base_system.c: In function ‘to_hex’:
../src/basic/base_system.c:47:1: warning: control reaches end of non-void function [-Wreturn-type]
 }
 ^
make: *** [src/basic/subdir.mk:20：src/basic/base_system.o] 错误 1
02:02:57 **** Incremental Build of configuration Debug for project CLanguage ****
make all 
Building file: ../src/basic/base_system.c
Invoking: GCC C Compiler
gcc -I/usr/include/gtk-3.0 -I/usr/include/glib-2.0/gobject -I/usr/include/glib-2.0/gio -I/usr/include/at-spi2-atk/2.0 -I/usr/include/gtk-3.0 -I/usr/include/at-spi2-atk/2.0 -I/usr/include/at-spi-2.0 -I/usr/include/dbus-1.0 -I/usr/lib/loongarch64-linux-gnu/dbus-1.0/include -I/usr/include/gtk-3.0 -I/usr/include/gio-unix-2.0 -I/usr/include/cairo -I/usr/include/libdrm -I/usr/include/pango-1.0 -I/usr/include/harfbuzz -I/usr/include/pango-1.0 -I/usr/include/fribidi -I/usr/include/atk-1.0 -I/usr/include/cairo -I/usr/include/pixman-1 -I/usr/include/freetype2 -I/usr/include/libpng16 -I/usr/include/gdk-pixbuf-2.0 -I/usr/include/libmount -I/usr/include/blkid -I/usr/include/uuid -I/usr/include/glib-2.0 -I/usr/lib/loongarch64-linux-gnu/glib-2.0/include -O0 -g3 -Wall -c -fmessage-length=0 -pthread -MMD -MP -MF"src/basic/base_system.d" -MT"src/basic/base_system.o" -o "src/basic/base_system.o" "../src/basic/base_system.c"
In file included from /usr/include/gdk-pixbuf-2.0/gdk-pixbuf/gdk-pixbuf.h:36,
                 from /usr/include/gtk-3.0/gdk/gdkpixbuf.h:33,
                 from /usr/include/gtk-3.0/gdk/gdkcairo.h:29,
                 from /usr/include/gtk-3.0/gdk/gdk.h:33,
                 from /usr/include/gtk-3.0/gtk/gtk.h:30,
                 from ../src/basic/basic.h:10,
                 from ../src/basic/base_system.c:7:
/usr/include/gdk-pixbuf-2.0/gdk-pixbuf/gdk-pixbuf-animation.h:111:79: warning: ‘GTimeVal’ is deprecated: Use 'GDateTime' instead [-Wdeprecated-declarations]
                                                                               const GTimeVal         *start_time);
                                                                               ^~~~~
In file included from /usr/include/glib-2.0/glib/galloca.h:34,
                 from /usr/include/glib-2.0/glib.h:32,
                 from /usr/include/gtk-3.0/gdk/gdkconfig.h:13,
                 from /usr/include/gtk-3.0/gdk/gdk.h:30,
                 from /usr/include/gtk-3.0/gtk/gtk.h:30,
                 from ../src/basic/basic.h:10,
                 from ../src/basic/base_system.c:7:
/usr/include/glib-2.0/glib/gtypes.h:580:8: note: declared here
 struct _GTimeVal
        ^~~~~~~~~
In file included from /usr/include/gdk-pixbuf-2.0/gdk-pixbuf/gdk-pixbuf.h:36,
                 from /usr/include/gtk-3.0/gdk/gdkpixbuf.h:33,
                 from /usr/include/gtk-3.0/gdk/gdkcairo.h:29,
                 from /usr/include/gtk-3.0/gdk/gdk.h:33,
                 from /usr/include/gtk-3.0/gtk/gtk.h:30,
                 from ../src/basic/basic.h:10,
                 from ../src/basic/base_system.c:7:
/usr/include/gdk-pixbuf-2.0/gdk-pixbuf/gdk-pixbuf-animation.h:122:79: warning: ‘GTimeVal’ is deprecated: Use 'GDateTime' instead [-Wdeprecated-declarations]
                                                                               const GTimeVal         *current_time);
                                                                               ^~~~~
In file included from /usr/include/glib-2.0/glib/galloca.h:34,
                 from /usr/include/glib-2.0/glib.h:32,
                 from /usr/include/gtk-3.0/gdk/gdkconfig.h:13,
                 from /usr/include/gtk-3.0/gdk/gdk.h:30,
                 from /usr/include/gtk-3.0/gtk/gtk.h:30,
                 from ../src/basic/basic.h:10,
                 from ../src/basic/base_system.c:7:
/usr/include/glib-2.0/glib/gtypes.h:580:8: note: declared here
 struct _GTimeVal
        ^~~~~~~~~
../src/basic/base_system.c: In function ‘to_hex’:
../src/basic/base_system.c:47:1: warning: control reaches end of non-void function [-Wreturn-type]
 }
 ^
Finished building: ../src/basic/base_system.c
 
Building file: ../src/main.c
Invoking: GCC C Compiler
gcc -I/usr/include/gtk-3.0 -I/usr/include/glib-2.0/gobject -I/usr/include/glib-2.0/gio -I/usr/include/at-spi2-atk/2.0 -I/usr/include/gtk-3.0 -I/usr/include/at-spi2-atk/2.0 -I/usr/include/at-spi-2.0 -I/usr/include/dbus-1.0 -I/usr/lib/loongarch64-linux-gnu/dbus-1.0/include -I/usr/include/gtk-3.0 -I/usr/include/gio-unix-2.0 -I/usr/include/cairo -I/usr/include/libdrm -I/usr/include/pango-1.0 -I/usr/include/harfbuzz -I/usr/include/pango-1.0 -I/usr/include/fribidi -I/usr/include/atk-1.0 -I/usr/include/cairo -I/usr/include/pixman-1 -I/usr/include/freetype2 -I/usr/include/libpng16 -I/usr/include/gdk-pixbuf-2.0 -I/usr/include/libmount -I/usr/include/blkid -I/usr/include/uuid -I/usr/include/glib-2.0 -I/usr/lib/loongarch64-linux-gnu/glib-2.0/include -O0 -g3 -Wall -c -fmessage-length=0 -pthread -MMD -MP -MF"src/main.d" -MT"src/main.o" -o "src/main.o" "../src/main.c"
In file included from /usr/include/gdk-pixbuf-2.0/gdk-pixbuf/gdk-pixbuf.h:36,
                 from /usr/include/gtk-3.0/gdk/gdkpixbuf.h:33,
                 from /usr/include/gtk-3.0/gdk/gdkcairo.h:29,
                 from /usr/include/gtk-3.0/gdk/gdk.h:33,
                 from /usr/include/gtk-3.0/gtk/gtk.h:30,
                 from ../src/main.c:13:
/usr/include/gdk-pixbuf-2.0/gdk-pixbuf/gdk-pixbuf-animation.h:111:79: warning: ‘GTimeVal’ is deprecated: Use 'GDateTime' instead [-Wdeprecated-declarations]
                                                                               const GTimeVal         *start_time);
                                                                               ^~~~~
In file included from /usr/include/glib-2.0/glib/galloca.h:34,
                 from /usr/include/glib-2.0/glib.h:32,
                 from /usr/include/gtk-3.0/gdk/gdkconfig.h:13,
                 from /usr/include/gtk-3.0/gdk/gdk.h:30,
                 from /usr/include/gtk-3.0/gtk/gtk.h:30,
                 from ../src/main.c:13:
/usr/include/glib-2.0/glib/gtypes.h:580:8: note: declared here
 struct _GTimeVal
        ^~~~~~~~~
In file included from /usr/include/gdk-pixbuf-2.0/gdk-pixbuf/gdk-pixbuf.h:36,
                 from /usr/include/gtk-3.0/gdk/gdkpixbuf.h:33,
                 from /usr/include/gtk-3.0/gdk/gdkcairo.h:29,
                 from /usr/include/gtk-3.0/gdk/gdk.h:33,
                 from /usr/include/gtk-3.0/gtk/gtk.h:30,
                 from ../src/main.c:13:
/usr/include/gdk-pixbuf-2.0/gdk-pixbuf/gdk-pixbuf-animation.h:122:79: warning: ‘GTimeVal’ is deprecated: Use 'GDateTime' instead [-Wdeprecated-declarations]
                                                                               const GTimeVal         *current_time);
                                                                               ^~~~~
In file included from /usr/include/glib-2.0/glib/galloca.h:34,
                 from /usr/include/glib-2.0/glib.h:32,
                 from /usr/include/gtk-3.0/gdk/gdkconfig.h:13,
                 from /usr/include/gtk-3.0/gdk/gdk.h:30,
                 from /usr/include/gtk-3.0/gtk/gtk.h:30,
                 from ../src/main.c:13:
/usr/include/glib-2.0/glib/gtypes.h:580:8: note: declared here
 struct _GTimeVal
        ^~~~~~~~~
Finished building: ../src/main.c
 
Building target: CLanguage
Invoking: GCC C Linker
gcc -rdynamic -pthread -o "CLanguage"  ./src/basic/base_system.o  ./src/main.o   -lgtk-3 -lgdk-3 -lpangocairo-1.0 -lpango-1.0 -latk-1.0 -lcairo-gobject -lcairo -lgdk_pixbuf-2.0 -lgio-2.0 -lgobject-2.0 -lglib-2.0
Finished building target: CLanguage
 
02:02:58 **** Incremental Build of configuration Debug for project GtkApp ****
make all 
make: 对“all”无需做任何事。
02:03:02 **** Incremental Build of configuration Debug for project CLanguage ****
make all 
make: 对“all”无需做任何事。
02:03:54 **** Incremental Build of configuration Debug for project CLanguage ****
make all 
Building file: ../src/basic/base_system.c
Invoking: GCC C Compiler
gcc -I/usr/include/gtk-3.0 -I/usr/include/glib-2.0/gobject -I/usr/include/glib-2.0/gio -I/usr/include/at-spi2-atk/2.0 -I/usr/include/gtk-3.0 -I/usr/include/at-spi2-atk/2.0 -I/usr/include/at-spi-2.0 -I/usr/include/dbus-1.0 -I/usr/lib/loongarch64-linux-gnu/dbus-1.0/include -I/usr/include/gtk-3.0 -I/usr/include/gio-unix-2.0 -I/usr/include/cairo -I/usr/include/libdrm -I/usr/include/pango-1.0 -I/usr/include/harfbuzz -I/usr/include/pango-1.0 -I/usr/include/fribidi -I/usr/include/atk-1.0 -I/usr/include/cairo -I/usr/include/pixman-1 -I/usr/include/freetype2 -I/usr/include/libpng16 -I/usr/include/gdk-pixbuf-2.0 -I/usr/include/libmount -I/usr/include/blkid -I/usr/include/uuid -I/usr/include/glib-2.0 -I/usr/lib/loongarch64-linux-gnu/glib-2.0/include -O0 -g3 -Wall -c -fmessage-length=0 -pthread -MMD -MP -MF"src/basic/base_system.d" -MT"src/basic/base_system.o" -o "src/basic/base_system.o" "../src/basic/base_system.c"
In file included from /usr/include/gdk-pixbuf-2.0/gdk-pixbuf/gdk-pixbuf.h:36,
                 from /usr/include/gtk-3.0/gdk/gdkpixbuf.h:33,
                 from /usr/include/gtk-3.0/gdk/gdkcairo.h:29,
                 from /usr/include/gtk-3.0/gdk/gdk.h:33,
                 from /usr/include/gtk-3.0/gtk/gtk.h:30,
                 from ../src/basic/basic.h:10,
                 from ../src/basic/base_system.c:7:
/usr/include/gdk-pixbuf-2.0/gdk-pixbuf/gdk-pixbuf-animation.h:111:79: warning: ‘GTimeVal’ is deprecated: Use 'GDateTime' instead [-Wdeprecated-declarations]
                                                                               const GTimeVal         *start_time);
                                                                               ^~~~~
In file included from /usr/include/glib-2.0/glib/galloca.h:34,
                 from /usr/include/glib-2.0/glib.h:32,
                 from /usr/include/gtk-3.0/gdk/gdkconfig.h:13,
                 from /usr/include/gtk-3.0/gdk/gdk.h:30,
                 from /usr/include/gtk-3.0/gtk/gtk.h:30,
                 from ../src/basic/basic.h:10,
                 from ../src/basic/base_system.c:7:
/usr/include/glib-2.0/glib/gtypes.h:580:8: note: declared here
 struct _GTimeVal
        ^~~~~~~~~
In file included from /usr/include/gdk-pixbuf-2.0/gdk-pixbuf/gdk-pixbuf.h:36,
                 from /usr/include/gtk-3.0/gdk/gdkpixbuf.h:33,
                 from /usr/include/gtk-3.0/gdk/gdkcairo.h:29,
                 from /usr/include/gtk-3.0/gdk/gdk.h:33,
                 from /usr/include/gtk-3.0/gtk/gtk.h:30,
                 from ../src/basic/basic.h:10,
                 from ../src/basic/base_system.c:7:
/usr/include/gdk-pixbuf-2.0/gdk-pixbuf/gdk-pixbuf-animation.h:122:79: warning: ‘GTimeVal’ is deprecated: Use 'GDateTime' instead [-Wdeprecated-declarations]
                                                                               const GTimeVal         *current_time);
                                                                               ^~~~~
In file included from /usr/include/glib-2.0/glib/galloca.h:34,
                 from /usr/include/glib-2.0/glib.h:32,
                 from /usr/include/gtk-3.0/gdk/gdkconfig.h:13,
                 from /usr/include/gtk-3.0/gdk/gdk.h:30,
                 from /usr/include/gtk-3.0/gtk/gtk.h:30,
                 from ../src/basic/basic.h:10,
                 from ../src/basic/base_system.c:7:
/usr/include/glib-2.0/glib/gtypes.h:580:8: note: declared here
 struct _GTimeVal
        ^~~~~~~~~
../src/basic/base_system.c: In function ‘to_hex’:
../src/basic/base_system.c:47:1: warning: control reaches end of non-void function [-Wreturn-type]
 }
 ^
Finished building: ../src/basic/base_system.c
 
Building target: CLanguage
Invoking: GCC C Linker
gcc -rdynamic -pthread -o "CLanguage"  ./src/basic/base_system.o  ./src/main.o   -lgtk-3 -lgdk-3 -lpangocairo-1.0 -lpango-1.0 -latk-1.0 -lcairo-gobject -lcairo -lgdk_pixbuf-2.0 -lgio-2.0 -lgobject-2.0 -lglib-2.0
Finished building target: CLanguage
 
02:04:29 **** Incremental Build of configuration Debug for project CLanguage ****
make all 
make: 对“all”无需做任何事。
02:04:37 **** Incremental Build of configuration Debug for project CLanguage ****
make all 
make: 对“all”无需做任何事。
02:04:51 **** Incremental Build of configuration Debug for project CLanguage ****
make all 
make: 对“all”无需做任何事。
02:10:34 **** Incremental Build of configuration Debug for project CLanguage ****
make all 
Building file: ../src/basic/base_system.c
Invoking: GCC C Compiler
gcc -I/usr/include/gtk-3.0 -I/usr/include/glib-2.0/gobject -I/usr/include/glib-2.0/gio -I/usr/include/at-spi2-atk/2.0 -I/usr/include/gtk-3.0 -I/usr/include/at-spi2-atk/2.0 -I/usr/include/at-spi-2.0 -I/usr/include/dbus-1.0 -I/usr/lib/loongarch64-linux-gnu/dbus-1.0/include -I/usr/include/gtk-3.0 -I/usr/include/gio-unix-2.0 -I/usr/include/cairo -I/usr/include/libdrm -I/usr/include/pango-1.0 -I/usr/include/harfbuzz -I/usr/include/pango-1.0 -I/usr/include/fribidi -I/usr/include/atk-1.0 -I/usr/include/cairo -I/usr/include/pixman-1 -I/usr/include/freetype2 -I/usr/include/libpng16 -I/usr/include/gdk-pixbuf-2.0 -I/usr/include/libmount -I/usr/include/blkid -I/usr/include/uuid -I/usr/include/glib-2.0 -I/usr/lib/loongarch64-linux-gnu/glib-2.0/include -O0 -g3 -Wall -c -fmessage-length=0 -pthread -MMD -MP -MF"src/basic/base_system.d" -MT"src/basic/base_system.o" -o "src/basic/base_system.o" "../src/basic/base_system.c"
In file included from /usr/include/gdk-pixbuf-2.0/gdk-pixbuf/gdk-pixbuf.h:36,
                 from /usr/include/gtk-3.0/gdk/gdkpixbuf.h:33,
                 from /usr/include/gtk-3.0/gdk/gdkcairo.h:29,
                 from /usr/include/gtk-3.0/gdk/gdk.h:33,
                 from /usr/include/gtk-3.0/gtk/gtk.h:30,
                 from ../src/basic/basic.h:10,
                 from ../src/basic/base_system.c:7:
/usr/include/gdk-pixbuf-2.0/gdk-pixbuf/gdk-pixbuf-animation.h:111:79: warning: ‘GTimeVal’ is deprecated: Use 'GDateTime' instead [-Wdeprecated-declarations]
                                                                               const GTimeVal         *start_time);
                                                                               ^~~~~
In file included from /usr/include/glib-2.0/glib/galloca.h:34,
                 from /usr/include/glib-2.0/glib.h:32,
                 from /usr/include/gtk-3.0/gdk/gdkconfig.h:13,
                 from /usr/include/gtk-3.0/gdk/gdk.h:30,
                 from /usr/include/gtk-3.0/gtk/gtk.h:30,
                 from ../src/basic/basic.h:10,
                 from ../src/basic/base_system.c:7:
/usr/include/glib-2.0/glib/gtypes.h:580:8: note: declared here
 struct _GTimeVal
        ^~~~~~~~~
In file included from /usr/include/gdk-pixbuf-2.0/gdk-pixbuf/gdk-pixbuf.h:36,
                 from /usr/include/gtk-3.0/gdk/gdkpixbuf.h:33,
                 from /usr/include/gtk-3.0/gdk/gdkcairo.h:29,
                 from /usr/include/gtk-3.0/gdk/gdk.h:33,
                 from /usr/include/gtk-3.0/gtk/gtk.h:30,
                 from ../src/basic/basic.h:10,
                 from ../src/basic/base_system.c:7:
/usr/include/gdk-pixbuf-2.0/gdk-pixbuf/gdk-pixbuf-animation.h:122:79: warning: ‘GTimeVal’ is deprecated: Use 'GDateTime' instead [-Wdeprecated-declarations]
                                                                               const GTimeVal         *current_time);
                                                                               ^~~~~
In file included from /usr/include/glib-2.0/glib/galloca.h:34,
                 from /usr/include/glib-2.0/glib.h:32,
                 from /usr/include/gtk-3.0/gdk/gdkconfig.h:13,
                 from /usr/include/gtk-3.0/gdk/gdk.h:30,
                 from /usr/include/gtk-3.0/gtk/gtk.h:30,
                 from ../src/basic/basic.h:10,
                 from ../src/basic/base_system.c:7:
/usr/include/glib-2.0/glib/gtypes.h:580:8: note: declared here
 struct _GTimeVal
        ^~~~~~~~~
../src/basic/base_system.c: In function ‘to_binary’:
../src/basic/base_system.c:41:13: error: ‘quotinent’ undeclared (first use in this function); did you mean ‘quotient’?
    number = quotinent;
             ^~~~~~~~~
             quotient
../src/basic/base_system.c:41:13: note: each undeclared identifier is reported only once for each function it appears in
../src/basic/base_system.c: In function ‘to_hex’:
../src/basic/base_system.c:49:1: warning: control reaches end of non-void function [-Wreturn-type]
 }
 ^
make: *** [src/basic/subdir.mk:20：src/basic/base_system.o] 错误 1
02:11:05 **** Incremental Build of configuration Debug for project CLanguage ****
make all 
Building file: ../src/basic/base_system.c
Invoking: GCC C Compiler
gcc -I/usr/include/gtk-3.0 -I/usr/include/glib-2.0/gobject -I/usr/include/glib-2.0/gio -I/usr/include/at-spi2-atk/2.0 -I/usr/include/gtk-3.0 -I/usr/include/at-spi2-atk/2.0 -I/usr/include/at-spi-2.0 -I/usr/include/dbus-1.0 -I/usr/lib/loongarch64-linux-gnu/dbus-1.0/include -I/usr/include/gtk-3.0 -I/usr/include/gio-unix-2.0 -I/usr/include/cairo -I/usr/include/libdrm -I/usr/include/pango-1.0 -I/usr/include/harfbuzz -I/usr/include/pango-1.0 -I/usr/include/fribidi -I/usr/include/atk-1.0 -I/usr/include/cairo -I/usr/include/pixman-1 -I/usr/include/freetype2 -I/usr/include/libpng16 -I/usr/include/gdk-pixbuf-2.0 -I/usr/include/libmount -I/usr/include/blkid -I/usr/include/uuid -I/usr/include/glib-2.0 -I/usr/lib/loongarch64-linux-gnu/glib-2.0/include -O0 -g3 -Wall -c -fmessage-length=0 -pthread -MMD -MP -MF"src/basic/base_system.d" -MT"src/basic/base_system.o" -o "src/basic/base_system.o" "../src/basic/base_system.c"
In file included from /usr/include/gdk-pixbuf-2.0/gdk-pixbuf/gdk-pixbuf.h:36,
                 from /usr/include/gtk-3.0/gdk/gdkpixbuf.h:33,
                 from /usr/include/gtk-3.0/gdk/gdkcairo.h:29,
                 from /usr/include/gtk-3.0/gdk/gdk.h:33,
                 from /usr/include/gtk-3.0/gtk/gtk.h:30,
                 from ../src/basic/basic.h:10,
                 from ../src/basic/base_system.c:7:
/usr/include/gdk-pixbuf-2.0/gdk-pixbuf/gdk-pixbuf-animation.h:111:79: warning: ‘GTimeVal’ is deprecated: Use 'GDateTime' instead [-Wdeprecated-declarations]
                                                                               const GTimeVal         *start_time);
                                                                               ^~~~~
In file included from /usr/include/glib-2.0/glib/galloca.h:34,
                 from /usr/include/glib-2.0/glib.h:32,
                 from /usr/include/gtk-3.0/gdk/gdkconfig.h:13,
                 from /usr/include/gtk-3.0/gdk/gdk.h:30,
                 from /usr/include/gtk-3.0/gtk/gtk.h:30,
                 from ../src/basic/basic.h:10,
                 from ../src/basic/base_system.c:7:
/usr/include/glib-2.0/glib/gtypes.h:580:8: note: declared here
 struct _GTimeVal
        ^~~~~~~~~
In file included from /usr/include/gdk-pixbuf-2.0/gdk-pixbuf/gdk-pixbuf.h:36,
                 from /usr/include/gtk-3.0/gdk/gdkpixbuf.h:33,
                 from /usr/include/gtk-3.0/gdk/gdkcairo.h:29,
                 from /usr/include/gtk-3.0/gdk/gdk.h:33,
                 from /usr/include/gtk-3.0/gtk/gtk.h:30,
                 from ../src/basic/basic.h:10,
                 from ../src/basic/base_system.c:7:
/usr/include/gdk-pixbuf-2.0/gdk-pixbuf/gdk-pixbuf-animation.h:122:79: warning: ‘GTimeVal’ is deprecated: Use 'GDateTime' instead [-Wdeprecated-declarations]
                                                                               const GTimeVal         *current_time);
                                                                               ^~~~~
In file included from /usr/include/glib-2.0/glib/galloca.h:34,
                 from /usr/include/glib-2.0/glib.h:32,
                 from /usr/include/gtk-3.0/gdk/gdkconfig.h:13,
                 from /usr/include/gtk-3.0/gdk/gdk.h:30,
                 from /usr/include/gtk-3.0/gtk/gtk.h:30,
                 from ../src/basic/basic.h:10,
                 from ../src/basic/base_system.c:7:
/usr/include/glib-2.0/glib/gtypes.h:580:8: note: declared here
 struct _GTimeVal
        ^~~~~~~~~
../src/basic/base_system.c: In function ‘to_hex’:
../src/basic/base_system.c:49:1: warning: control reaches end of non-void function [-Wreturn-type]
 }
 ^
Finished building: ../src/basic/base_system.c
 
Building target: CLanguage
Invoking: GCC C Linker
gcc -rdynamic -pthread -o "CLanguage"  ./src/basic/base_system.o  ./src/main.o   -lgtk-3 -lgdk-3 -lpangocairo-1.0 -lpango-1.0 -latk-1.0 -lcairo-gobject -lcairo -lgdk_pixbuf-2.0 -lgio-2.0 -lgobject-2.0 -lglib-2.0
Finished building target: CLanguage
 
02:11:06 **** Incremental Build of configuration Debug for project GtkApp ****
make all 
make: 对“all”无需做任何事。
02:11:08 **** Incremental Build of configuration Debug for project CLanguage ****
make all 
make: 对“all”无需做任何事。
02:11:11 **** Incremental Build of configuration Debug for project CLanguage ****
make all 
make: 对“all”无需做任何事。
02:16:45 **** Incremental Build of configuration Debug for project CLanguage ****
make all 
Building file: ../src/basic/base_system.c
Invoking: GCC C Compiler
gcc -I/usr/include/gtk-3.0 -I/usr/include/glib-2.0/gobject -I/usr/include/glib-2.0/gio -I/usr/include/at-spi2-atk/2.0 -I/usr/include/gtk-3.0 -I/usr/include/at-spi2-atk/2.0 -I/usr/include/at-spi-2.0 -I/usr/include/dbus-1.0 -I/usr/lib/loongarch64-linux-gnu/dbus-1.0/include -I/usr/include/gtk-3.0 -I/usr/include/gio-unix-2.0 -I/usr/include/cairo -I/usr/include/libdrm -I/usr/include/pango-1.0 -I/usr/include/harfbuzz -I/usr/include/pango-1.0 -I/usr/include/fribidi -I/usr/include/atk-1.0 -I/usr/include/cairo -I/usr/include/pixman-1 -I/usr/include/freetype2 -I/usr/include/libpng16 -I/usr/include/gdk-pixbuf-2.0 -I/usr/include/libmount -I/usr/include/blkid -I/usr/include/uuid -I/usr/include/glib-2.0 -I/usr/lib/loongarch64-linux-gnu/glib-2.0/include -O0 -g3 -Wall -c -fmessage-length=0 -pthread -MMD -MP -MF"src/basic/base_system.d" -MT"src/basic/base_system.o" -o "src/basic/base_system.o" "../src/basic/base_system.c"
In file included from /usr/include/gdk-pixbuf-2.0/gdk-pixbuf/gdk-pixbuf.h:36,
                 from /usr/include/gtk-3.0/gdk/gdkpixbuf.h:33,
                 from /usr/include/gtk-3.0/gdk/gdkcairo.h:29,
                 from /usr/include/gtk-3.0/gdk/gdk.h:33,
                 from /usr/include/gtk-3.0/gtk/gtk.h:30,
                 from ../src/basic/basic.h:10,
                 from ../src/basic/base_system.c:7:
/usr/include/gdk-pixbuf-2.0/gdk-pixbuf/gdk-pixbuf-animation.h:111:79: warning: ‘GTimeVal’ is deprecated: Use 'GDateTime' instead [-Wdeprecated-declarations]
                                                                               const GTimeVal         *start_time);
                                                                               ^~~~~
In file included from /usr/include/glib-2.0/glib/galloca.h:34,
                 from /usr/include/glib-2.0/glib.h:32,
                 from /usr/include/gtk-3.0/gdk/gdkconfig.h:13,
                 from /usr/include/gtk-3.0/gdk/gdk.h:30,
                 from /usr/include/gtk-3.0/gtk/gtk.h:30,
                 from ../src/basic/basic.h:10,
                 from ../src/basic/base_system.c:7:
/usr/include/glib-2.0/glib/gtypes.h:580:8: note: declared here
 struct _GTimeVal
        ^~~~~~~~~
In file included from /usr/include/gdk-pixbuf-2.0/gdk-pixbuf/gdk-pixbuf.h:36,
                 from /usr/include/gtk-3.0/gdk/gdkpixbuf.h:33,
                 from /usr/include/gtk-3.0/gdk/gdkcairo.h:29,
                 from /usr/include/gtk-3.0/gdk/gdk.h:33,
                 from /usr/include/gtk-3.0/gtk/gtk.h:30,
                 from ../src/basic/basic.h:10,
                 from ../src/basic/base_system.c:7:
/usr/include/gdk-pixbuf-2.0/gdk-pixbuf/gdk-pixbuf-animation.h:122:79: warning: ‘GTimeVal’ is deprecated: Use 'GDateTime' instead [-Wdeprecated-declarations]
                                                                               const GTimeVal         *current_time);
                                                                               ^~~~~
In file included from /usr/include/glib-2.0/glib/galloca.h:34,
                 from /usr/include/glib-2.0/glib.h:32,
                 from /usr/include/gtk-3.0/gdk/gdkconfig.h:13,
                 from /usr/include/gtk-3.0/gdk/gdk.h:30,
                 from /usr/include/gtk-3.0/gtk/gtk.h:30,
                 from ../src/basic/basic.h:10,
                 from ../src/basic/base_system.c:7:
/usr/include/glib-2.0/glib/gtypes.h:580:8: note: declared here
 struct _GTimeVal
        ^~~~~~~~~
../src/basic/base_system.c: In function ‘to_hex’:
../src/basic/base_system.c:54:1: warning: control reaches end of non-void function [-Wreturn-type]
 }
 ^
Finished building: ../src/basic/base_system.c
 
Building target: CLanguage
Invoking: GCC C Linker
gcc -rdynamic -pthread -o "CLanguage"  ./src/basic/base_system.o  ./src/main.o   -lgtk-3 -lgdk-3 -lpangocairo-1.0 -lpango-1.0 -latk-1.0 -lcairo-gobject -lcairo -lgdk_pixbuf-2.0 -lgio-2.0 -lgobject-2.0 -lglib-2.0
Finished building target: CLanguage
 
02:16:46 **** Incremental Build of configuration Debug for project GtkApp ****
make all 
make: 对“all”无需做任何事。
02:16:54 **** Incremental Build of configuration Debug for project CLanguage ****
make all 
make: 对“all”无需做任何事。
02:17:36 **** Incremental Build of configuration Debug for project CLanguage ****
make all 
Building file: ../src/basic/base_system.c
Invoking: GCC C Compiler
gcc -I/usr/include/gtk-3.0 -I/usr/include/glib-2.0/gobject -I/usr/include/glib-2.0/gio -I/usr/include/at-spi2-atk/2.0 -I/usr/include/gtk-3.0 -I/usr/include/at-spi2-atk/2.0 -I/usr/include/at-spi-2.0 -I/usr/include/dbus-1.0 -I/usr/lib/loongarch64-linux-gnu/dbus-1.0/include -I/usr/include/gtk-3.0 -I/usr/include/gio-unix-2.0 -I/usr/include/cairo -I/usr/include/libdrm -I/usr/include/pango-1.0 -I/usr/include/harfbuzz -I/usr/include/pango-1.0 -I/usr/include/fribidi -I/usr/include/atk-1.0 -I/usr/include/cairo -I/usr/include/pixman-1 -I/usr/include/freetype2 -I/usr/include/libpng16 -I/usr/include/gdk-pixbuf-2.0 -I/usr/include/libmount -I/usr/include/blkid -I/usr/include/uuid -I/usr/include/glib-2.0 -I/usr/lib/loongarch64-linux-gnu/glib-2.0/include -O0 -g3 -Wall -c -fmessage-length=0 -pthread -MMD -MP -MF"src/basic/base_system.d" -MT"src/basic/base_system.o" -o "src/basic/base_system.o" "../src/basic/base_system.c"
In file included from /usr/include/gdk-pixbuf-2.0/gdk-pixbuf/gdk-pixbuf.h:36,
                 from /usr/include/gtk-3.0/gdk/gdkpixbuf.h:33,
                 from /usr/include/gtk-3.0/gdk/gdkcairo.h:29,
                 from /usr/include/gtk-3.0/gdk/gdk.h:33,
                 from /usr/include/gtk-3.0/gtk/gtk.h:30,
                 from ../src/basic/basic.h:10,
                 from ../src/basic/base_system.c:7:
/usr/include/gdk-pixbuf-2.0/gdk-pixbuf/gdk-pixbuf-animation.h:111:79: warning: ‘GTimeVal’ is deprecated: Use 'GDateTime' instead [-Wdeprecated-declarations]
                                                                               const GTimeVal         *start_time);
                                                                               ^~~~~
In file included from /usr/include/glib-2.0/glib/galloca.h:34,
                 from /usr/include/glib-2.0/glib.h:32,
                 from /usr/include/gtk-3.0/gdk/gdkconfig.h:13,
                 from /usr/include/gtk-3.0/gdk/gdk.h:30,
                 from /usr/include/gtk-3.0/gtk/gtk.h:30,
                 from ../src/basic/basic.h:10,
                 from ../src/basic/base_system.c:7:
/usr/include/glib-2.0/glib/gtypes.h:580:8: note: declared here
 struct _GTimeVal
        ^~~~~~~~~
In file included from /usr/include/gdk-pixbuf-2.0/gdk-pixbuf/gdk-pixbuf.h:36,
                 from /usr/include/gtk-3.0/gdk/gdkpixbuf.h:33,
                 from /usr/include/gtk-3.0/gdk/gdkcairo.h:29,
                 from /usr/include/gtk-3.0/gdk/gdk.h:33,
                 from /usr/include/gtk-3.0/gtk/gtk.h:30,
                 from ../src/basic/basic.h:10,
                 from ../src/basic/base_system.c:7:
/usr/include/gdk-pixbuf-2.0/gdk-pixbuf/gdk-pixbuf-animation.h:122:79: warning: ‘GTimeVal’ is deprecated: Use 'GDateTime' instead [-Wdeprecated-declarations]
                                                                               const GTimeVal         *current_time);
                                                                               ^~~~~
In file included from /usr/include/glib-2.0/glib/galloca.h:34,
                 from /usr/include/glib-2.0/glib.h:32,
                 from /usr/include/gtk-3.0/gdk/gdkconfig.h:13,
                 from /usr/include/gtk-3.0/gdk/gdk.h:30,
                 from /usr/include/gtk-3.0/gtk/gtk.h:30,
                 from ../src/basic/basic.h:10,
                 from ../src/basic/base_system.c:7:
/usr/include/glib-2.0/glib/gtypes.h:580:8: note: declared here
 struct _GTimeVal
        ^~~~~~~~~
../src/basic/base_system.c: In function ‘to_hex’:
../src/basic/base_system.c:54:1: warning: control reaches end of non-void function [-Wreturn-type]
 }
 ^
Finished building: ../src/basic/base_system.c
 
Building target: CLanguage
Invoking: GCC C Linker
gcc -rdynamic -pthread -o "CLanguage"  ./src/basic/base_system.o  ./src/main.o   -lgtk-3 -lgdk-3 -lpangocairo-1.0 -lpango-1.0 -latk-1.0 -lcairo-gobject -lcairo -lgdk_pixbuf-2.0 -lgio-2.0 -lgobject-2.0 -lglib-2.0
Finished building target: CLanguage
 
