22:36:05 **** Incremental Build of configuration Debug for project GtkLinux ****
make all 
Building file: ../main.c
Invoking: GCC C Compiler
gcc -I/usr/include/gtk-3.0 -I"/home/tiger/Linux/GtkLinux/Process" -I"/home/tiger/Linux/GtkLinux/Public" -I"/home/tiger/Linux/GtkLinux/System" -I"/home/tiger/Linux/GtkLinux/Thread" -I/usr/include/glib-2.0/gobject -I/usr/include/glib-2.0/gio -I/usr/include/at-spi2-atk/2.0 -I/usr/include/gtk-3.0 -I/usr/include/at-spi2-atk/2.0 -I/usr/include/at-spi-2.0 -I/usr/include/dbus-1.0 -I/usr/lib/loongarch64-linux-gnu/dbus-1.0/include -I/usr/include/gtk-3.0 -I/usr/include/gio-unix-2.0 -I/usr/include/cairo -I/usr/include/libdrm -I/usr/include/pango-1.0 -I/usr/include/harfbuzz -I/usr/include/pango-1.0 -I/usr/include/fribidi -I/usr/include/atk-1.0 -I/usr/include/cairo -I/usr/include/pixman-1 -I/usr/include/freetype2 -I/usr/include/libpng16 -I/usr/include/gdk-pixbuf-2.0 -I/usr/include/libmount -I/usr/include/blkid -I/usr/include/uuid -I/usr/include/glib-2.0 -I/usr/lib/loongarch64-linux-gnu/glib-2.0/include -O0 -g3 -Wall -c -fmessage-length=0 -rdynamic -export-dynamic -pthread -MMD -MP -MF"main.d" -MT"main.o" -o "main.o" "../main.c"
In file included from /usr/include/gdk-pixbuf-2.0/gdk-pixbuf/gdk-pixbuf.h:36,
                 from /usr/include/gtk-3.0/gdk/gdkpixbuf.h:33,
                 from /usr/include/gtk-3.0/gdk/gdkcairo.h:29,
                 from /usr/include/gtk-3.0/gdk/gdk.h:33,
                 from /usr/include/gtk-3.0/gtk/gtk.h:30,
                 from ../main.c:1:
/usr/include/gdk-pixbuf-2.0/gdk-pixbuf/gdk-pixbuf-animation.h:111:79: warning: ‘GTimeVal’ is deprecated: Use 'GDateTime' instead [-Wdeprecated-declarations]
                                                                               const GTimeVal         *start_time);
                                                                               ^~~~~
In file included from /usr/include/glib-2.0/glib/galloca.h:34,
                 from /usr/include/glib-2.0/glib.h:32,
                 from /usr/include/gtk-3.0/gdk/gdkconfig.h:13,
                 from /usr/include/gtk-3.0/gdk/gdk.h:30,
                 from /usr/include/gtk-3.0/gtk/gtk.h:30,
                 from ../main.c:1:
/usr/include/glib-2.0/glib/gtypes.h:580:8: note: declared here
 struct _GTimeVal
        ^~~~~~~~~
In file included from /usr/include/gdk-pixbuf-2.0/gdk-pixbuf/gdk-pixbuf.h:36,
                 from /usr/include/gtk-3.0/gdk/gdkpixbuf.h:33,
                 from /usr/include/gtk-3.0/gdk/gdkcairo.h:29,
                 from /usr/include/gtk-3.0/gdk/gdk.h:33,
                 from /usr/include/gtk-3.0/gtk/gtk.h:30,
                 from ../main.c:1:
/usr/include/gdk-pixbuf-2.0/gdk-pixbuf/gdk-pixbuf-animation.h:122:79: warning: ‘GTimeVal’ is deprecated: Use 'GDateTime' instead [-Wdeprecated-declarations]
                                                                               const GTimeVal         *current_time);
                                                                               ^~~~~
In file included from /usr/include/glib-2.0/glib/galloca.h:34,
                 from /usr/include/glib-2.0/glib.h:32,
                 from /usr/include/gtk-3.0/gdk/gdkconfig.h:13,
                 from /usr/include/gtk-3.0/gdk/gdk.h:30,
                 from /usr/include/gtk-3.0/gtk/gtk.h:30,
                 from ../main.c:1:
/usr/include/glib-2.0/glib/gtypes.h:580:8: note: declared here
 struct _GTimeVal
        ^~~~~~~~~
../main.c: In function ‘main’:
../main.c:32:2: warning: ‘G_APPLICATION_FLAGS_NONE’ is deprecated: Use 'G_APPLICATION_DEFAULT_FLAGS' instead [-Wdeprecated-declarations]
  app = gtk_application_new ("org.gtk.example", G_APPLICATION_FLAGS_NONE);
  ^~~
In file included from /usr/include/glib-2.0/gio/giotypes.h:30,
                 from /usr/include/glib-2.0/gio/gio.h:28,
                 from /usr/include/gtk-3.0/gdk/gdkapplaunchcontext.h:28,
                 from /usr/include/gtk-3.0/gdk/gdk.h:32,
                 from /usr/include/gtk-3.0/gtk/gtk.h:30,
                 from ../main.c:1:
/usr/include/glib-2.0/gio/gioenums.h:1537:3: note: declared here
   G_APPLICATION_FLAGS_NONE GIO_DEPRECATED_ENUMERATOR_IN_2_74_FOR(G_APPLICATION_DEFAULT_FLAGS),
   ^~~~~~~~~~~~~~~~~~~~~~~~
Finished building: ../main.c
 
Building target: GtkLinux
Invoking: GCC C Linker
gcc -export-dynamic -rdynamic -pthread -o "GtkLinux"  ./Thread/thread.o  ./System/system.o  ./Public/public.o  ./Process/process.o  ./IPC/ipc.o  ./main.o   -lgtk-3 -lgdk-3 -lpangocairo-1.0 -lpango-1.0 -latk-1.0 -lcairo-gobject -lcairo -lgdk_pixbuf-2.0 -lgio-2.0 -lgobject-2.0 -lglib-2.0
Finished building target: GtkLinux
 

22:36:06 Build Finished (took 855ms)

