20:15:12 **** Build of configuration Default for project LinuxProgram ****
make all 
-- Configuring done
-- Generating done
-- Build files have been written to: /home/tiger/LinuxProgramming
[  9%] Automatic MOC and UIC for target QtApp
[  9%] Built target QtApp_autogen
[ 18%] Generating qrc_style.cpp
[ 27%] Generating qrc_resource.cpp
[ 36%] Building CXX object CMakeFiles/QtApp.dir/QtApp_autogen/mocs_compilation.cpp.o
[ 45%] Building CXX object CMakeFiles/QtApp.dir/main.cpp.o
[ 54%] Building CXX object CMakeFiles/QtApp.dir/qrc_style.cpp.o
[ 63%] Building CXX object CMakeFiles/QtApp.dir/qrc_resource.cpp.o
[ 72%] Building CXX object CMakeFiles/QtApp.dir/mainwindow.cpp.o
[ 81%] Building CXX object CMakeFiles/QtApp.dir/system.cpp.o
[ 90%] Building CXX object CMakeFiles/QtApp.dir/thread.cpp.o
[100%] Linking CXX executable /home/tiger/LinuxProgramming/QtApp
/usr/bin/ld: cannot open output file /home/tiger/LinuxProgramming/QtApp: 是一个目录
collect2: error: ld returned 1 exit status
make[2]: *** [CMakeFiles/QtApp.dir/build.make:440：/home/tiger/LinuxProgramming/QtApp] 错误 1
make[1]: *** [CMakeFiles/Makefile2:84：CMakeFiles/QtApp.dir/all] 错误 2
make: *** [Makefile:91：all] 错误 2

20:15:25 Build Finished (took 12s.500ms)

